# JRE version: 7.0_05-b05
# Java VM: Java HotSpot(TM) Client VM (23.1-b03 mixed mode, sharing windows-x86 )
Heap
 def new generation   total 46080K, used 16975K [0x23980000, 0x26b80000, 0x28ed0000)
  eden space 40960K,  41% used [0x23980000, 0x24a138f8, 0x26180000)
  from space 5120K,   0% used [0x26680000, 0x266803e8, 0x26b80000)
  to   space 5120K,   0% used [0x26180000, 0x26180000, 0x26680000)
 tenured generation   total 102356K, used 83101K [0x28ed0000, 0x2f2c5000, 0x33980000)
   the space 102356K,  81% used [0x28ed0000, 0x2dff7708, 0x2dff7800, 0x2f2c5000)
 compacting perm gen  total 12288K, used 3093K [0x33980000, 0x34580000, 0x37980000)
   the space 12288K,  25% used [0x33980000, 0x33c854a0, 0x33c85600, 0x34580000)
    ro space 10240K,  42% used [0x37980000, 0x37dbe580, 0x37dbe600, 0x38380000)
    rw space 12288K,  54% used [0x38380000, 0x389ff128, 0x389ff200, 0x38f80000)
GC Heap History (10 events):
Event: 63.149 GC heap before
{Heap before GC invocations=986 (full 173):
 def new generation   total 46080K, used 40961K [0x23980000, 0x26b80000, 0x28ed0000)
  eden space 40960K, 100% used [0x23980000, 0x26180000, 0x26180000)
  from space 5120K,   0% used [0x26180000, 0x26180478, 0x26680000)
  to   space 5120K,   0% used [0x26680000, 0x26680000, 0x26b80000)
 tenured generation   total 102356K, used 83101K [0x28ed0000, 0x2f2c5000, 0x33980000)
   the space 102356K,  81% used [0x28ed0000, 0x2dff7708, 0x2dff7800, 0x2f2c5000)
 compacting perm gen  total 12288K, used 3093K [0x33980000, 0x34580000, 0x37980000)
   the space 12288K,  25% used [0x33980000, 0x33c854a0, 0x33c85600, 0x34580000)
    ro space 10240K,  42% used [0x37980000, 0x37dbe580, 0x37dbe600, 0x38380000)
    rw space 12288K,  54% used [0x38380000, 0x389ff128, 0x389ff200, 0x38f80000)
Event: 63.150 GC heap after
Heap after GC invocations=987 (full 173):
 def new generation   total 46080K, used 0K [0x23980000, 0x26b80000, 0x28ed0000)
  eden space 40960K,   0% used [0x23980000, 0x23980000, 0x26180000)
  from space 5120K,   0% used [0x26680000, 0x266803e0, 0x26b80000)
  to   space 5120K,   0% used [0x26180000, 0x26180000, 0x26680000)
 tenured generation   total 102356K, used 83101K [0x28ed0000, 0x2f2c5000, 0x33980000)
   the space 102356K,  81% used [0x28ed0000, 0x2dff7708, 0x2dff7800, 0x2f2c5000)
 compacting perm gen  total 12288K, used 3093K [0x33980000, 0x34580000, 0x37980000)
   the space 12288K,  25% used [0x33980000, 0x33c854a0, 0x33c85600, 0x34580000)
    ro space 10240K,  42% used [0x37980000, 0x37dbe580, 0x37dbe600, 0x38380000)
    rw space 12288K,  54% used [0x38380000, 0x389ff128, 0x389ff200, 0x38f80000)
}
Event: 63.166 GC heap before
{Heap before GC invocations=987 (full 173):
 def new generation   total 46080K, used 40960K [0x23980000, 0x26b80000, 0x28ed0000)
  eden space 40960K, 100% used [0x23980000, 0x26180000, 0x26180000)
  from space 5120K,   0% used [0x26680000, 0x266803e0, 0x26b80000)
  to   space 5120K,   0% used [0x26180000, 0x26180000, 0x26680000)
 tenured generation   total 102356K, used 83101K [0x28ed0000, 0x2f2c5000, 0x33980000)
   the space 102356K,  81% used [0x28ed0000, 0x2dff7708, 0x2dff7800, 0x2f2c5000)
 compacting perm gen  total 12288K, used 3093K [0x33980000, 0x34580000, 0x37980000)
   the space 12288K,  25% used [0x33980000, 0x33c854a0, 0x33c85600, 0x34580000)
    ro space 10240K,  42% used [0x37980000, 0x37dbe580, 0x37dbe600, 0x38380000)
    rw space 12288K,  54% used [0x38380000, 0x389ff128, 0x389ff200, 0x38f80000)
Event: 63.167 GC heap after
Heap after GC invocations=988 (full 173):
 def new generation   total 46080K, used 1K [0x23980000, 0x26b80000, 0x28ed0000)
  eden space 40960K,   0% used [0x23980000, 0x23980000, 0x26180000)
  from space 5120K,   0% used [0x26180000, 0x26180408, 0x26680000)
  to   space 5120K,   0% used [0x26680000, 0x26680000, 0x26b80000)
 tenured generation   total 102356K, used 83101K [0x28ed0000, 0x2f2c5000, 0x33980000)
   the space 102356K,  81% used [0x28ed0000, 0x2dff7708, 0x2dff7800, 0x2f2c5000)
 compacting perm gen  total 12288K, used 3093K [0x33980000, 0x34580000, 0x37980000)
   the space 12288K,  25% used [0x33980000, 0x33c854a0, 0x33c85600, 0x34580000)
    ro space 10240K,  42% used [0x37980000, 0x37dbe580, 0x37dbe600, 0x38380000)
    rw space 12288K,  54% used [0x38380000, 0x389ff128, 0x389ff200, 0x38f80000)
}
Event: 63.183 GC heap before
{Heap before GC invocations=988 (full 173):
 def new generation   total 46080K, used 40961K [0x23980000, 0x26b80000, 0x28ed0000)
  eden space 40960K, 100% used [0x23980000, 0x26180000, 0x26180000)
  from space 5120K,   0% used [0x26180000, 0x26180408, 0x26680000)
  to   space 5120K,   0% used [0x26680000, 0x26680000, 0x26b80000)
 tenured generation   total 102356K, used 83101K [0x28ed0000, 0x2f2c5000, 0x33980000)
   the space 102356K,  81% used [0x28ed0000, 0x2dff7708, 0x2dff7800, 0x2f2c5000)
 compacting perm gen  total 12288K, used 3093K [0x33980000, 0x34580000, 0x37980000)
   the space 12288K,  25% used [0x33980000, 0x33c854a0, 0x33c85600, 0x34580000)
    ro space 10240K,  42% used [0x37980000, 0x37dbe580, 0x37dbe600, 0x38380000)
    rw space 12288K,  54% used [0x38380000, 0x389ff128, 0x389ff200, 0x38f80000)
Event: 63.184 GC heap after
Heap after GC invocations=989 (full 173):
 def new generation   total 46080K, used 1K [0x23980000, 0x26b80000, 0x28ed0000)
  eden space 40960K,   0% used [0x23980000, 0x23980000, 0x26180000)
  from space 5120K,   0% used [0x26680000, 0x26680448, 0x26b80000)
  to   space 5120K,   0% used [0x26180000, 0x26180000, 0x26680000)
 tenured generation   total 102356K, used 83101K [0x28ed0000, 0x2f2c5000, 0x33980000)
   the space 102356K,  81% used [0x28ed0000, 0x2dff7708, 0x2dff7800, 0x2f2c5000)
 compacting perm gen  total 12288K, used 3093K [0x33980000, 0x34580000, 0x37980000)
   the space 12288K,  25% used [0x33980000, 0x33c854a0, 0x33c85600, 0x34580000)
    ro space 10240K,  42% used [0x37980000, 0x37dbe580, 0x37dbe600, 0x38380000)
    rw space 12288K,  54% used [0x38380000, 0x389ff128, 0x389ff200, 0x38f80000)
}
Event: 63.201 GC heap before
{Heap before GC invocations=989 (full 173):
 def new generation   total 46080K, used 40961K [0x23980000, 0x26b80000, 0x28ed0000)
  eden space 40960K, 100% used [0x23980000, 0x26180000, 0x26180000)
  from space 5120K,   0% used [0x26680000, 0x26680448, 0x26b80000)
  to   space 5120K,   0% used [0x26180000, 0x26180000, 0x26680000)
 tenured generation   total 102356K, used 83101K [0x28ed0000, 0x2f2c5000, 0x33980000)
   the space 102356K,  81% used [0x28ed0000, 0x2dff7708, 0x2dff7800, 0x2f2c5000)
 compacting perm gen  total 12288K, used 3093K [0x33980000, 0x34580000, 0x37980000)
   the space 12288K,  25% used [0x33980000, 0x33c854a0, 0x33c85600, 0x34580000)
    ro space 10240K,  42% used [0x37980000, 0x37dbe580, 0x37dbe600, 0x38380000)
    rw space 12288K,  54% used [0x38380000, 0x389ff128, 0x389ff200, 0x38f80000)
Event: 63.202 GC heap after
Heap after GC invocations=990 (full 173):
 def new generation   total 46080K, used 1K [0x23980000, 0x26b80000, 0x28ed0000)
  eden space 40960K,   0% used [0x23980000, 0x23980000, 0x26180000)
  from space 5120K,   0% used [0x26180000, 0x26180478, 0x26680000)
  to   space 5120K,   0% used [0x26680000, 0x26680000, 0x26b80000)
 tenured generation   total 102356K, used 83101K [0x28ed0000, 0x2f2c5000, 0x33980000)
   the space 102356K,  81% used [0x28ed0000, 0x2dff7708, 0x2dff7800, 0x2f2c5000)
 compacting perm gen  total 12288K, used 3093K [0x33980000, 0x34580000, 0x37980000)
   the space 12288K,  25% used [0x33980000, 0x33c854a0, 0x33c85600, 0x34580000)
    ro space 10240K,  42% used [0x37980000, 0x37dbe580, 0x37dbe600, 0x38380000)
    rw space 12288K,  54% used [0x38380000, 0x389ff128, 0x389ff200, 0x38f80000)
}
Event: 63.218 GC heap before
{Heap before GC invocations=990 (full 173):
 def new generation   total 46080K, used 40961K [0x23980000, 0x26b80000, 0x28ed0000)
  eden space 40960K, 100% used [0x23980000, 0x26180000, 0x26180000)
  from space 5120K,   0% used [0x26180000, 0x26180478, 0x26680000)
  to   space 5120K,   0% used [0x26680000, 0x26680000, 0x26b80000)
 tenured generation   total 102356K, used 83101K [0x28ed0000, 0x2f2c5000, 0x33980000)
   the space 102356K,  81% used [0x28ed0000, 0x2dff7708, 0x2dff7800, 0x2f2c5000)
 compacting perm gen  total 12288K, used 3093K [0x33980000, 0x34580000, 0x37980000)
   the space 12288K,  25% used [0x33980000, 0x33c854a0, 0x33c85600, 0x34580000)
    ro space 10240K,  42% used [0x37980000, 0x37dbe580, 0x37dbe600, 0x38380000)
    rw space 12288K,  54% used [0x38380000, 0x389ff128, 0x389ff200, 0x38f80000)
Event: 63.219 GC heap after
Heap after GC invocations=991 (full 173):
 def new generation   total 46080K, used 1K [0x23980000, 0x26b80000, 0x28ed0000)
  eden space 40960K,   0% used [0x23980000, 0x23980000, 0x26180000)
  from space 5120K,   0% used [0x26680000, 0x26680478, 0x26b80000)
  to   space 5120K,   0% used [0x26180000, 0x26180000, 0x26680000)
 tenured generation   total 102356K, used 83101K [0x28ed0000, 0x2f2c5000, 0x33980000)
   the space 102356K,  81% used [0x28ed0000, 0x2dff7708, 0x2dff7800, 0x2f2c5000)
 compacting perm gen  total 12288K, used 3093K [0x33980000, 0x34580000, 0x37980000)
   the space 12288K,  25% used [0x33980000, 0x33c854a0, 0x33c85600, 0x34580000)
    ro space 10240K,  42% used [0x37980000, 0x37dbe580, 0x37dbe600, 0x38380000)
    rw space 12288K,  54% used [0x38380000, 0x389ff128, 0x389ff200, 0x38f80000)
}

