# JRE version: 7.0_05-b05
# Java VM: Java HotSpot(TM) Client VM (23.1-b03 mixed mode, sharing windows-x86 )
Heap
 def new generation   total 78656K, used 71497K [0x23980000, 0x28ed0000, 0x28ed0000)
  eden space 69952K,  99% used [0x23980000, 0x27dbedf8, 0x27dd0000)
  from space 8704K,  18% used [0x28650000, 0x287e3878, 0x28ed0000)
  to   space 8704K,   0% used [0x27dd0000, 0x27dd0000, 0x28650000)
 tenured generation   total 174784K, used 114940K [0x28ed0000, 0x33980000, 0x33980000)
   the space 174784K,  65% used [0x28ed0000, 0x2ff0f290, 0x2ff0f400, 0x33980000)
 compacting perm gen  total 12288K, used 2917K [0x33980000, 0x34580000, 0x37980000)
   the space 12288K,  23% used [0x33980000, 0x33c596f0, 0x33c59800, 0x34580000)
    ro space 10240K,  42% used [0x37980000, 0x37dbe580, 0x37dbe600, 0x38380000)
    rw space 12288K,  54% used [0x38380000, 0x389ff128, 0x389ff200, 0x38f80000)
GC Heap History (10 events):
Event: 12.238 GC heap before
{Heap before GC invocations=31 (full 20):
 def new generation   total 78656K, used 70008K [0x23980000, 0x28ed0000, 0x28ed0000)
  eden space 69952K, 100% used [0x23980000, 0x27dd0000, 0x27dd0000)
  from space 8704K,   0% used [0x27dd0000, 0x27dde3b0, 0x28650000)
  to   space 8704K,   0% used [0x28650000, 0x28650000, 0x28ed0000)
 tenured generation   total 174784K, used 114940K [0x28ed0000, 0x33980000, 0x33980000)
   the space 174784K,  65% used [0x28ed0000, 0x2ff0f290, 0x2ff0f400, 0x33980000)
 compacting perm gen  total 12288K, used 2913K [0x33980000, 0x34580000, 0x37980000)
   the space 12288K,  23% used [0x33980000, 0x33c58758, 0x33c58800, 0x34580000)
    ro space 10240K,  42% used [0x37980000, 0x37dbe580, 0x37dbe600, 0x38380000)
    rw space 12288K,  54% used [0x38380000, 0x389ff128, 0x389ff200, 0x38f80000)
Event: 12.240 GC heap after
Heap after GC invocations=32 (full 20):
 def new generation   total 78656K, used 72K [0x23980000, 0x28ed0000, 0x28ed0000)
  eden space 69952K,   0% used [0x23980000, 0x23980000, 0x27dd0000)
  from space 8704K,   0% used [0x28650000, 0x286620c8, 0x28ed0000)
  to   space 8704K,   0% used [0x27dd0000, 0x27dd0000, 0x28650000)
 tenured generation   total 174784K, used 114940K [0x28ed0000, 0x33980000, 0x33980000)
   the space 174784K,  65% used [0x28ed0000, 0x2ff0f290, 0x2ff0f400, 0x33980000)
 compacting perm gen  total 12288K, used 2913K [0x33980000, 0x34580000, 0x37980000)
   the space 12288K,  23% used [0x33980000, 0x33c58758, 0x33c58800, 0x34580000)
    ro space 10240K,  42% used [0x37980000, 0x37dbe580, 0x37dbe600, 0x38380000)
    rw space 12288K,  54% used [0x38380000, 0x389ff128, 0x389ff200, 0x38f80000)
}
Event: 12.767 GC heap before
{Heap before GC invocations=32 (full 20):
 def new generation   total 78656K, used 70024K [0x23980000, 0x28ed0000, 0x28ed0000)
  eden space 69952K, 100% used [0x23980000, 0x27dd0000, 0x27dd0000)
  from space 8704K,   0% used [0x28650000, 0x286620c8, 0x28ed0000)
  to   space 8704K,   0% used [0x27dd0000, 0x27dd0000, 0x28650000)
 tenured generation   total 174784K, used 114940K [0x28ed0000, 0x33980000, 0x33980000)
   the space 174784K,  65% used [0x28ed0000, 0x2ff0f290, 0x2ff0f400, 0x33980000)
 compacting perm gen  total 12288K, used 2917K [0x33980000, 0x34580000, 0x37980000)
   the space 12288K,  23% used [0x33980000, 0x33c59478, 0x33c59600, 0x34580000)
    ro space 10240K,  42% used [0x37980000, 0x37dbe580, 0x37dbe600, 0x38380000)
    rw space 12288K,  54% used [0x38380000, 0x389ff128, 0x389ff200, 0x38f80000)
Event: 12.768 GC heap after
Heap after GC invocations=33 (full 20):
 def new generation   total 78656K, used 117K [0x23980000, 0x28ed0000, 0x28ed0000)
  eden space 69952K,   0% used [0x23980000, 0x23980000, 0x27dd0000)
  from space 8704K,   1% used [0x27dd0000, 0x27ded668, 0x28650000)
  to   space 8704K,   0% used [0x28650000, 0x28650000, 0x28ed0000)
 tenured generation   total 174784K, used 114940K [0x28ed0000, 0x33980000, 0x33980000)
   the space 174784K,  65% used [0x28ed0000, 0x2ff0f290, 0x2ff0f400, 0x33980000)
 compacting perm gen  total 12288K, used 2917K [0x33980000, 0x34580000, 0x37980000)
   the space 12288K,  23% used [0x33980000, 0x33c59478, 0x33c59600, 0x34580000)
    ro space 10240K,  42% used [0x37980000, 0x37dbe580, 0x37dbe600, 0x38380000)
    rw space 12288K,  54% used [0x38380000, 0x389ff128, 0x389ff200, 0x38f80000)
}
Event: 14.145 GC heap before
{Heap before GC invocations=33 (full 20):
 def new generation   total 78656K, used 70069K [0x23980000, 0x28ed0000, 0x28ed0000)
  eden space 69952K, 100% used [0x23980000, 0x27dd0000, 0x27dd0000)
  from space 8704K,   1% used [0x27dd0000, 0x27ded668, 0x28650000)
  to   space 8704K,   0% used [0x28650000, 0x28650000, 0x28ed0000)
 tenured generation   total 174784K, used 114940K [0x28ed0000, 0x33980000, 0x33980000)
   the space 174784K,  65% used [0x28ed0000, 0x2ff0f290, 0x2ff0f400, 0x33980000)
 compacting perm gen  total 12288K, used 2917K [0x33980000, 0x34580000, 0x37980000)
   the space 12288K,  23% used [0x33980000, 0x33c59478, 0x33c59600, 0x34580000)
    ro space 10240K,  42% used [0x37980000, 0x37dbe580, 0x37dbe600, 0x38380000)
    rw space 12288K,  54% used [0x38380000, 0x389ff128, 0x389ff200, 0x38f80000)
Event: 14.147 GC heap after
Heap after GC invocations=34 (full 20):
 def new generation   total 78656K, used 455K [0x23980000, 0x28ed0000, 0x28ed0000)
  eden space 69952K,   0% used [0x23980000, 0x23980000, 0x27dd0000)
  from space 8704K,   5% used [0x28650000, 0x286c1d00, 0x28ed0000)
  to   space 8704K,   0% used [0x27dd0000, 0x27dd0000, 0x28650000)
 tenured generation   total 174784K, used 114940K [0x28ed0000, 0x33980000, 0x33980000)
   the space 174784K,  65% used [0x28ed0000, 0x2ff0f290, 0x2ff0f400, 0x33980000)
 compacting perm gen  total 12288K, used 2917K [0x33980000, 0x34580000, 0x37980000)
   the space 12288K,  23% used [0x33980000, 0x33c59478, 0x33c59600, 0x34580000)
    ro space 10240K,  42% used [0x37980000, 0x37dbe580, 0x37dbe600, 0x38380000)
    rw space 12288K,  54% used [0x38380000, 0x389ff128, 0x389ff200, 0x38f80000)
}
Event: 18.715 GC heap before
{Heap before GC invocations=34 (full 20):
 def new generation   total 78656K, used 70407K [0x23980000, 0x28ed0000, 0x28ed0000)
  eden space 69952K, 100% used [0x23980000, 0x27dd0000, 0x27dd0000)
  from space 8704K,   5% used [0x28650000, 0x286c1d00, 0x28ed0000)
  to   space 8704K,   0% used [0x27dd0000, 0x27dd0000, 0x28650000)
 tenured generation   total 174784K, used 114940K [0x28ed0000, 0x33980000, 0x33980000)
   the space 174784K,  65% used [0x28ed0000, 0x2ff0f290, 0x2ff0f400, 0x33980000)
 compacting perm gen  total 12288K, used 2917K [0x33980000, 0x34580000, 0x37980000)
   the space 12288K,  23% used [0x33980000, 0x33c596f0, 0x33c59800, 0x34580000)
    ro space 10240K,  42% used [0x37980000, 0x37dbe580, 0x37dbe600, 0x38380000)
    rw space 12288K,  54% used [0x38380000, 0x389ff128, 0x389ff200, 0x38f80000)
Event: 18.718 GC heap after
Heap after GC invocations=35 (full 20):
 def new generation   total 78656K, used 1494K [0x23980000, 0x28ed0000, 0x28ed0000)
  eden space 69952K,   0% used [0x23980000, 0x23980000, 0x27dd0000)
  from space 8704K,  17% used [0x27dd0000, 0x27f45ae8, 0x28650000)
  to   space 8704K,   0% used [0x28650000, 0x28650000, 0x28ed0000)
 tenured generation   total 174784K, used 114940K [0x28ed0000, 0x33980000, 0x33980000)
   the space 174784K,  65% used [0x28ed0000, 0x2ff0f290, 0x2ff0f400, 0x33980000)
 compacting perm gen  total 12288K, used 2917K [0x33980000, 0x34580000, 0x37980000)
   the space 12288K,  23% used [0x33980000, 0x33c596f0, 0x33c59800, 0x34580000)
    ro space 10240K,  42% used [0x37980000, 0x37dbe580, 0x37dbe600, 0x38380000)
    rw space 12288K,  54% used [0x38380000, 0x389ff128, 0x389ff200, 0x38f80000)
}
Event: 26.648 GC heap before
{Heap before GC invocations=35 (full 20):
 def new generation   total 78656K, used 71446K [0x23980000, 0x28ed0000, 0x28ed0000)
  eden space 69952K, 100% used [0x23980000, 0x27dd0000, 0x27dd0000)
  from space 8704K,  17% used [0x27dd0000, 0x27f45ae8, 0x28650000)
  to   space 8704K,   0% used [0x28650000, 0x28650000, 0x28ed0000)
 tenured generation   total 174784K, used 114940K [0x28ed0000, 0x33980000, 0x33980000)
   the space 174784K,  65% used [0x28ed0000, 0x2ff0f290, 0x2ff0f400, 0x33980000)
 compacting perm gen  total 12288K, used 2917K [0x33980000, 0x34580000, 0x37980000)
   the space 12288K,  23% used [0x33980000, 0x33c596f0, 0x33c59800, 0x34580000)
    ro space 10240K,  42% used [0x37980000, 0x37dbe580, 0x37dbe600, 0x38380000)
    rw space 12288K,  54% used [0x38380000, 0x389ff128, 0x389ff200, 0x38f80000)
Event: 26.651 GC heap after
Heap after GC invocations=36 (full 20):
 def new generation   total 78656K, used 1614K [0x23980000, 0x28ed0000, 0x28ed0000)
  eden space 69952K,   0% used [0x23980000, 0x23980000, 0x27dd0000)
  from space 8704K,  18% used [0x28650000, 0x287e3878, 0x28ed0000)
  to   space 8704K,   0% used [0x27dd0000, 0x27dd0000, 0x28650000)
 tenured generation   total 174784K, used 114940K [0x28ed0000, 0x33980000, 0x33980000)
   the space 174784K,  65% used [0x28ed0000, 0x2ff0f290, 0x2ff0f400, 0x33980000)
 compacting perm gen  total 12288K, used 2917K [0x33980000, 0x34580000, 0x37980000)
   the space 12288K,  23% used [0x33980000, 0x33c596f0, 0x33c59800, 0x34580000)
    ro space 10240K,  42% used [0x37980000, 0x37dbe580, 0x37dbe600, 0x38380000)
    rw space 12288K,  54% used [0x38380000, 0x389ff128, 0x389ff200, 0x38f80000)
}

