# JRE version: 7.0_05-b05
# Java VM: Java HotSpot(TM) Client VM (23.1-b03 mixed mode, sharing windows-x86 )
Heap
 def new generation   total 69248K, used 35352K [0x23980000, 0x284a0000, 0x28ed0000)
  eden space 61568K,  57% used [0x23980000, 0x25c05bb0, 0x275a0000)
  from space 7680K,   0% used [0x27d20000, 0x27d20478, 0x284a0000)
  to   space 7680K,   0% used [0x275a0000, 0x275a0000, 0x27d20000)
 tenured generation   total 153608K, used 58461K [0x28ed0000, 0x324d2000, 0x33980000)
   the space 153608K,  38% used [0x28ed0000, 0x2c7e75b0, 0x2c7e7600, 0x324d2000)
 compacting perm gen  total 12288K, used 3132K [0x33980000, 0x34580000, 0x37980000)
   the space 12288K,  25% used [0x33980000, 0x33c8f1d8, 0x33c8f200, 0x34580000)
    ro space 10240K,  42% used [0x37980000, 0x37dbe580, 0x37dbe600, 0x38380000)
    rw space 12288K,  54% used [0x38380000, 0x389ff128, 0x389ff200, 0x38f80000)
GC Heap History (10 events):
Event: 129.590 GC heap before
{Heap before GC invocations=2191 (full 12):
 def new generation   total 69248K, used 61569K [0x23980000, 0x284a0000, 0x28ed0000)
  eden space 61568K, 100% used [0x23980000, 0x275a0000, 0x275a0000)
  from space 7680K,   0% used [0x27d20000, 0x27d20478, 0x284a0000)
  to   space 7680K,   0% used [0x275a0000, 0x275a0000, 0x27d20000)
 tenured generation   total 153608K, used 58461K [0x28ed0000, 0x324d2000, 0x33980000)
   the space 153608K,  38% used [0x28ed0000, 0x2c7e75b0, 0x2c7e7600, 0x324d2000)
 compacting perm gen  total 12288K, used 3132K [0x33980000, 0x34580000, 0x37980000)
   the space 12288K,  25% used [0x33980000, 0x33c8f1d8, 0x33c8f200, 0x34580000)
    ro space 10240K,  42% used [0x37980000, 0x37dbe580, 0x37dbe600, 0x38380000)
    rw space 12288K,  54% used [0x38380000, 0x389ff128, 0x389ff200, 0x38f80000)
Event: 129.591 GC heap after
Heap after GC invocations=2192 (full 12):
 def new generation   total 69248K, used 7K [0x23980000, 0x284a0000, 0x28ed0000)
  eden space 61568K,   0% used [0x23980000, 0x23980000, 0x275a0000)
  from space 7680K,   0% used [0x275a0000, 0x275a1dd0, 0x27d20000)
  to   space 7680K,   0% used [0x27d20000, 0x27d20000, 0x284a0000)
 tenured generation   total 153608K, used 58461K [0x28ed0000, 0x324d2000, 0x33980000)
   the space 153608K,  38% used [0x28ed0000, 0x2c7e75b0, 0x2c7e7600, 0x324d2000)
 compacting perm gen  total 12288K, used 3132K [0x33980000, 0x34580000, 0x37980000)
   the space 12288K,  25% used [0x33980000, 0x33c8f1d8, 0x33c8f200, 0x34580000)
    ro space 10240K,  42% used [0x37980000, 0x37dbe580, 0x37dbe600, 0x38380000)
    rw space 12288K,  54% used [0x38380000, 0x389ff128, 0x389ff200, 0x38f80000)
}
Event: 129.618 GC heap before
{Heap before GC invocations=2192 (full 12):
 def new generation   total 69248K, used 61575K [0x23980000, 0x284a0000, 0x28ed0000)
  eden space 61568K, 100% used [0x23980000, 0x275a0000, 0x275a0000)
  from space 7680K,   0% used [0x275a0000, 0x275a1dd0, 0x27d20000)
  to   space 7680K,   0% used [0x27d20000, 0x27d20000, 0x284a0000)
 tenured generation   total 153608K, used 58461K [0x28ed0000, 0x324d2000, 0x33980000)
   the space 153608K,  38% used [0x28ed0000, 0x2c7e75b0, 0x2c7e7600, 0x324d2000)
 compacting perm gen  total 12288K, used 3132K [0x33980000, 0x34580000, 0x37980000)
   the space 12288K,  25% used [0x33980000, 0x33c8f1d8, 0x33c8f200, 0x34580000)
    ro space 10240K,  42% used [0x37980000, 0x37dbe580, 0x37dbe600, 0x38380000)
    rw space 12288K,  54% used [0x38380000, 0x389ff128, 0x389ff200, 0x38f80000)
Event: 129.619 GC heap after
Heap after GC invocations=2193 (full 12):
 def new generation   total 69248K, used 1K [0x23980000, 0x284a0000, 0x28ed0000)
  eden space 61568K,   0% used [0x23980000, 0x23980000, 0x275a0000)
  from space 7680K,   0% used [0x27d20000, 0x27d20478, 0x284a0000)
  to   space 7680K,   0% used [0x275a0000, 0x275a0000, 0x27d20000)
 tenured generation   total 153608K, used 58461K [0x28ed0000, 0x324d2000, 0x33980000)
   the space 153608K,  38% used [0x28ed0000, 0x2c7e75b0, 0x2c7e7600, 0x324d2000)
 compacting perm gen  total 12288K, used 3132K [0x33980000, 0x34580000, 0x37980000)
   the space 12288K,  25% used [0x33980000, 0x33c8f1d8, 0x33c8f200, 0x34580000)
    ro space 10240K,  42% used [0x37980000, 0x37dbe580, 0x37dbe600, 0x38380000)
    rw space 12288K,  54% used [0x38380000, 0x389ff128, 0x389ff200, 0x38f80000)
}
Event: 129.644 GC heap before
{Heap before GC invocations=2193 (full 12):
 def new generation   total 69248K, used 61569K [0x23980000, 0x284a0000, 0x28ed0000)
  eden space 61568K, 100% used [0x23980000, 0x275a0000, 0x275a0000)
  from space 7680K,   0% used [0x27d20000, 0x27d20478, 0x284a0000)
  to   space 7680K,   0% used [0x275a0000, 0x275a0000, 0x27d20000)
 tenured generation   total 153608K, used 58461K [0x28ed0000, 0x324d2000, 0x33980000)
   the space 153608K,  38% used [0x28ed0000, 0x2c7e75b0, 0x2c7e7600, 0x324d2000)
 compacting perm gen  total 12288K, used 3132K [0x33980000, 0x34580000, 0x37980000)
   the space 12288K,  25% used [0x33980000, 0x33c8f1d8, 0x33c8f200, 0x34580000)
    ro space 10240K,  42% used [0x37980000, 0x37dbe580, 0x37dbe600, 0x38380000)
    rw space 12288K,  54% used [0x38380000, 0x389ff128, 0x389ff200, 0x38f80000)
Event: 129.645 GC heap after
Heap after GC invocations=2194 (full 12):
 def new generation   total 69248K, used 0K [0x23980000, 0x284a0000, 0x28ed0000)
  eden space 61568K,   0% used [0x23980000, 0x23980000, 0x275a0000)
  from space 7680K,   0% used [0x275a0000, 0x275a02f8, 0x27d20000)
  to   space 7680K,   0% used [0x27d20000, 0x27d20000, 0x284a0000)
 tenured generation   total 153608K, used 58461K [0x28ed0000, 0x324d2000, 0x33980000)
   the space 153608K,  38% used [0x28ed0000, 0x2c7e75b0, 0x2c7e7600, 0x324d2000)
 compacting perm gen  total 12288K, used 3132K [0x33980000, 0x34580000, 0x37980000)
   the space 12288K,  25% used [0x33980000, 0x33c8f1d8, 0x33c8f200, 0x34580000)
    ro space 10240K,  42% used [0x37980000, 0x37dbe580, 0x37dbe600, 0x38380000)
    rw space 12288K,  54% used [0x38380000, 0x389ff128, 0x389ff200, 0x38f80000)
}
Event: 129.668 GC heap before
{Heap before GC invocations=2194 (full 12):
 def new generation   total 69248K, used 61568K [0x23980000, 0x284a0000, 0x28ed0000)
  eden space 61568K, 100% used [0x23980000, 0x275a0000, 0x275a0000)
  from space 7680K,   0% used [0x275a0000, 0x275a02f8, 0x27d20000)
  to   space 7680K,   0% used [0x27d20000, 0x27d20000, 0x284a0000)
 tenured generation   total 153608K, used 58461K [0x28ed0000, 0x324d2000, 0x33980000)
   the space 153608K,  38% used [0x28ed0000, 0x2c7e75b0, 0x2c7e7600, 0x324d2000)
 compacting perm gen  total 12288K, used 3132K [0x33980000, 0x34580000, 0x37980000)
   the space 12288K,  25% used [0x33980000, 0x33c8f1d8, 0x33c8f200, 0x34580000)
    ro space 10240K,  42% used [0x37980000, 0x37dbe580, 0x37dbe600, 0x38380000)
    rw space 12288K,  54% used [0x38380000, 0x389ff128, 0x389ff200, 0x38f80000)
Event: 129.668 GC heap after
Heap after GC invocations=2195 (full 12):
 def new generation   total 69248K, used 1K [0x23980000, 0x284a0000, 0x28ed0000)
  eden space 61568K,   0% used [0x23980000, 0x23980000, 0x275a0000)
  from space 7680K,   0% used [0x27d20000, 0x27d20408, 0x284a0000)
  to   space 7680K,   0% used [0x275a0000, 0x275a0000, 0x27d20000)
 tenured generation   total 153608K, used 58461K [0x28ed0000, 0x324d2000, 0x33980000)
   the space 153608K,  38% used [0x28ed0000, 0x2c7e75b0, 0x2c7e7600, 0x324d2000)
 compacting perm gen  total 12288K, used 3132K [0x33980000, 0x34580000, 0x37980000)
   the space 12288K,  25% used [0x33980000, 0x33c8f1d8, 0x33c8f200, 0x34580000)
    ro space 10240K,  42% used [0x37980000, 0x37dbe580, 0x37dbe600, 0x38380000)
    rw space 12288K,  54% used [0x38380000, 0x389ff128, 0x389ff200, 0x38f80000)
}
Event: 129.690 GC heap before
{Heap before GC invocations=2195 (full 12):
 def new generation   total 69248K, used 61569K [0x23980000, 0x284a0000, 0x28ed0000)
  eden space 61568K, 100% used [0x23980000, 0x275a0000, 0x275a0000)
  from space 7680K,   0% used [0x27d20000, 0x27d20408, 0x284a0000)
  to   space 7680K,   0% used [0x275a0000, 0x275a0000, 0x27d20000)
 tenured generation   total 153608K, used 58461K [0x28ed0000, 0x324d2000, 0x33980000)
   the space 153608K,  38% used [0x28ed0000, 0x2c7e75b0, 0x2c7e7600, 0x324d2000)
 compacting perm gen  total 12288K, used 3132K [0x33980000, 0x34580000, 0x37980000)
   the space 12288K,  25% used [0x33980000, 0x33c8f1d8, 0x33c8f200, 0x34580000)
    ro space 10240K,  42% used [0x37980000, 0x37dbe580, 0x37dbe600, 0x38380000)
    rw space 12288K,  54% used [0x38380000, 0x389ff128, 0x389ff200, 0x38f80000)
Event: 129.690 GC heap after
Heap after GC invocations=2196 (full 12):
 def new generation   total 69248K, used 13K [0x23980000, 0x284a0000, 0x28ed0000)
  eden space 61568K,   0% used [0x23980000, 0x23980000, 0x275a0000)
  from space 7680K,   0% used [0x275a0000, 0x275a3548, 0x27d20000)
  to   space 7680K,   0% used [0x27d20000, 0x27d20000, 0x284a0000)
 tenured generation   total 153608K, used 58461K [0x28ed0000, 0x324d2000, 0x33980000)
   the space 153608K,  38% used [0x28ed0000, 0x2c7e75b0, 0x2c7e7600, 0x324d2000)
 compacting perm gen  total 12288K, used 3132K [0x33980000, 0x34580000, 0x37980000)
   the space 12288K,  25% used [0x33980000, 0x33c8f1d8, 0x33c8f200, 0x34580000)
    ro space 10240K,  42% used [0x37980000, 0x37dbe580, 0x37dbe600, 0x38380000)
    rw space 12288K,  54% used [0x38380000, 0x389ff128, 0x389ff200, 0x38f80000)
}

