# JRE version: 7.0_05-b05
# Java VM: Java HotSpot(TM) Client VM (23.1-b03 mixed mode, sharing windows-x86 )
Heap
 def new generation   total 78656K, used 9658K [0x23980000, 0x28ed0000, 0x28ed0000)
  eden space 69952K,  13% used [0x23980000, 0x242ee560, 0x27dd0000)
  from space 8704K,   0% used [0x28650000, 0x28650348, 0x28ed0000)
  to   space 8704K,   0% used [0x27dd0000, 0x27dd0000, 0x28650000)
 tenured generation   total 174784K, used 6323K [0x28ed0000, 0x33980000, 0x33980000)
   the space 174784K,   3% used [0x28ed0000, 0x294fcfc0, 0x294fd000, 0x33980000)
 compacting perm gen  total 12288K, used 2918K [0x33980000, 0x34580000, 0x37980000)
   the space 12288K,  23% used [0x33980000, 0x33c59b50, 0x33c59c00, 0x34580000)
    ro space 10240K,  42% used [0x37980000, 0x37dbe580, 0x37dbe600, 0x38380000)
    rw space 12288K,  54% used [0x38380000, 0x389ff128, 0x389ff200, 0x38f80000)
GC Heap History (10 events):
Event: 353.170 GC heap before
{Heap before GC invocations=4785 (full 46):
 def new generation   total 78656K, used 69965K [0x23980000, 0x28ed0000, 0x28ed0000)
  eden space 69952K, 100% used [0x23980000, 0x27dd0000, 0x27dd0000)
  from space 8704K,   0% used [0x28650000, 0x28653408, 0x28ed0000)
  to   space 8704K,   0% used [0x27dd0000, 0x27dd0000, 0x28650000)
 tenured generation   total 174784K, used 6323K [0x28ed0000, 0x33980000, 0x33980000)
   the space 174784K,   3% used [0x28ed0000, 0x294fcfc0, 0x294fd000, 0x33980000)
 compacting perm gen  total 12288K, used 2918K [0x33980000, 0x34580000, 0x37980000)
   the space 12288K,  23% used [0x33980000, 0x33c59b50, 0x33c59c00, 0x34580000)
    ro space 10240K,  42% used [0x37980000, 0x37dbe580, 0x37dbe600, 0x38380000)
    rw space 12288K,  54% used [0x38380000, 0x389ff128, 0x389ff200, 0x38f80000)
Event: 353.170 GC heap after
Heap after GC invocations=4786 (full 46):
 def new generation   total 78656K, used 14K [0x23980000, 0x28ed0000, 0x28ed0000)
  eden space 69952K,   0% used [0x23980000, 0x23980000, 0x27dd0000)
  from space 8704K,   0% used [0x27dd0000, 0x27dd39c8, 0x28650000)
  to   space 8704K,   0% used [0x28650000, 0x28650000, 0x28ed0000)
 tenured generation   total 174784K, used 6323K [0x28ed0000, 0x33980000, 0x33980000)
   the space 174784K,   3% used [0x28ed0000, 0x294fcfc0, 0x294fd000, 0x33980000)
 compacting perm gen  total 12288K, used 2918K [0x33980000, 0x34580000, 0x37980000)
   the space 12288K,  23% used [0x33980000, 0x33c59b50, 0x33c59c00, 0x34580000)
    ro space 10240K,  42% used [0x37980000, 0x37dbe580, 0x37dbe600, 0x38380000)
    rw space 12288K,  54% used [0x38380000, 0x389ff128, 0x389ff200, 0x38f80000)
}
Event: 353.202 GC heap before
{Heap before GC invocations=4786 (full 46):
 def new generation   total 78656K, used 69966K [0x23980000, 0x28ed0000, 0x28ed0000)
  eden space 69952K, 100% used [0x23980000, 0x27dd0000, 0x27dd0000)
  from space 8704K,   0% used [0x27dd0000, 0x27dd39c8, 0x28650000)
  to   space 8704K,   0% used [0x28650000, 0x28650000, 0x28ed0000)
 tenured generation   total 174784K, used 6323K [0x28ed0000, 0x33980000, 0x33980000)
   the space 174784K,   3% used [0x28ed0000, 0x294fcfc0, 0x294fd000, 0x33980000)
 compacting perm gen  total 12288K, used 2918K [0x33980000, 0x34580000, 0x37980000)
   the space 12288K,  23% used [0x33980000, 0x33c59b50, 0x33c59c00, 0x34580000)
    ro space 10240K,  42% used [0x37980000, 0x37dbe580, 0x37dbe600, 0x38380000)
    rw space 12288K,  54% used [0x38380000, 0x389ff128, 0x389ff200, 0x38f80000)
Event: 353.202 GC heap after
Heap after GC invocations=4787 (full 46):
 def new generation   total 78656K, used 7K [0x23980000, 0x28ed0000, 0x28ed0000)
  eden space 69952K,   0% used [0x23980000, 0x23980000, 0x27dd0000)
  from space 8704K,   0% used [0x28650000, 0x28651d20, 0x28ed0000)
  to   space 8704K,   0% used [0x27dd0000, 0x27dd0000, 0x28650000)
 tenured generation   total 174784K, used 6323K [0x28ed0000, 0x33980000, 0x33980000)
   the space 174784K,   3% used [0x28ed0000, 0x294fcfc0, 0x294fd000, 0x33980000)
 compacting perm gen  total 12288K, used 2918K [0x33980000, 0x34580000, 0x37980000)
   the space 12288K,  23% used [0x33980000, 0x33c59b50, 0x33c59c00, 0x34580000)
    ro space 10240K,  42% used [0x37980000, 0x37dbe580, 0x37dbe600, 0x38380000)
    rw space 12288K,  54% used [0x38380000, 0x389ff128, 0x389ff200, 0x38f80000)
}
Event: 353.230 GC heap before
{Heap before GC invocations=4787 (full 46):
 def new generation   total 78656K, used 69959K [0x23980000, 0x28ed0000, 0x28ed0000)
  eden space 69952K, 100% used [0x23980000, 0x27dd0000, 0x27dd0000)
  from space 8704K,   0% used [0x28650000, 0x28651d20, 0x28ed0000)
  to   space 8704K,   0% used [0x27dd0000, 0x27dd0000, 0x28650000)
 tenured generation   total 174784K, used 6323K [0x28ed0000, 0x33980000, 0x33980000)
   the space 174784K,   3% used [0x28ed0000, 0x294fcfc0, 0x294fd000, 0x33980000)
 compacting perm gen  total 12288K, used 2918K [0x33980000, 0x34580000, 0x37980000)
   the space 12288K,  23% used [0x33980000, 0x33c59b50, 0x33c59c00, 0x34580000)
    ro space 10240K,  42% used [0x37980000, 0x37dbe580, 0x37dbe600, 0x38380000)
    rw space 12288K,  54% used [0x38380000, 0x389ff128, 0x389ff200, 0x38f80000)
Event: 353.231 GC heap after
Heap after GC invocations=4788 (full 46):
 def new generation   total 78656K, used 10K [0x23980000, 0x28ed0000, 0x28ed0000)
  eden space 69952K,   0% used [0x23980000, 0x23980000, 0x27dd0000)
  from space 8704K,   0% used [0x27dd0000, 0x27dd2b88, 0x28650000)
  to   space 8704K,   0% used [0x28650000, 0x28650000, 0x28ed0000)
 tenured generation   total 174784K, used 6323K [0x28ed0000, 0x33980000, 0x33980000)
   the space 174784K,   3% used [0x28ed0000, 0x294fcfc0, 0x294fd000, 0x33980000)
 compacting perm gen  total 12288K, used 2918K [0x33980000, 0x34580000, 0x37980000)
   the space 12288K,  23% used [0x33980000, 0x33c59b50, 0x33c59c00, 0x34580000)
    ro space 10240K,  42% used [0x37980000, 0x37dbe580, 0x37dbe600, 0x38380000)
    rw space 12288K,  54% used [0x38380000, 0x389ff128, 0x389ff200, 0x38f80000)
}
Event: 353.260 GC heap before
{Heap before GC invocations=4788 (full 46):
 def new generation   total 78656K, used 69962K [0x23980000, 0x28ed0000, 0x28ed0000)
  eden space 69952K, 100% used [0x23980000, 0x27dd0000, 0x27dd0000)
  from space 8704K,   0% used [0x27dd0000, 0x27dd2b88, 0x28650000)
  to   space 8704K,   0% used [0x28650000, 0x28650000, 0x28ed0000)
 tenured generation   total 174784K, used 6323K [0x28ed0000, 0x33980000, 0x33980000)
   the space 174784K,   3% used [0x28ed0000, 0x294fcfc0, 0x294fd000, 0x33980000)
 compacting perm gen  total 12288K, used 2918K [0x33980000, 0x34580000, 0x37980000)
   the space 12288K,  23% used [0x33980000, 0x33c59b50, 0x33c59c00, 0x34580000)
    ro space 10240K,  42% used [0x37980000, 0x37dbe580, 0x37dbe600, 0x38380000)
    rw space 12288K,  54% used [0x38380000, 0x389ff128, 0x389ff200, 0x38f80000)
Event: 353.261 GC heap after
Heap after GC invocations=4789 (full 46):
 def new generation   total 78656K, used 6K [0x23980000, 0x28ed0000, 0x28ed0000)
  eden space 69952K,   0% used [0x23980000, 0x23980000, 0x27dd0000)
  from space 8704K,   0% used [0x28650000, 0x286518f8, 0x28ed0000)
  to   space 8704K,   0% used [0x27dd0000, 0x27dd0000, 0x28650000)
 tenured generation   total 174784K, used 6323K [0x28ed0000, 0x33980000, 0x33980000)
   the space 174784K,   3% used [0x28ed0000, 0x294fcfc0, 0x294fd000, 0x33980000)
 compacting perm gen  total 12288K, used 2918K [0x33980000, 0x34580000, 0x37980000)
   the space 12288K,  23% used [0x33980000, 0x33c59b50, 0x33c59c00, 0x34580000)
    ro space 10240K,  42% used [0x37980000, 0x37dbe580, 0x37dbe600, 0x38380000)
    rw space 12288K,  54% used [0x38380000, 0x389ff128, 0x389ff200, 0x38f80000)
}
Event: 353.289 GC heap before
{Heap before GC invocations=4789 (full 46):
 def new generation   total 78656K, used 69958K [0x23980000, 0x28ed0000, 0x28ed0000)
  eden space 69952K, 100% used [0x23980000, 0x27dd0000, 0x27dd0000)
  from space 8704K,   0% used [0x28650000, 0x286518f8, 0x28ed0000)
  to   space 8704K,   0% used [0x27dd0000, 0x27dd0000, 0x28650000)
 tenured generation   total 174784K, used 6323K [0x28ed0000, 0x33980000, 0x33980000)
   the space 174784K,   3% used [0x28ed0000, 0x294fcfc0, 0x294fd000, 0x33980000)
 compacting perm gen  total 12288K, used 2918K [0x33980000, 0x34580000, 0x37980000)
   the space 12288K,  23% used [0x33980000, 0x33c59b50, 0x33c59c00, 0x34580000)
    ro space 10240K,  42% used [0x37980000, 0x37dbe580, 0x37dbe600, 0x38380000)
    rw space 12288K,  54% used [0x38380000, 0x389ff128, 0x389ff200, 0x38f80000)
Event: 353.289 GC heap after
Heap after GC invocations=4790 (full 46):
 def new generation   total 78656K, used 3K [0x23980000, 0x28ed0000, 0x28ed0000)
  eden space 69952K,   0% used [0x23980000, 0x23980000, 0x27dd0000)
  from space 8704K,   0% used [0x27dd0000, 0x27dd0f28, 0x28650000)
  to   space 8704K,   0% used [0x28650000, 0x28650000, 0x28ed0000)
 tenured generation   total 174784K, used 6323K [0x28ed0000, 0x33980000, 0x33980000)
   the space 174784K,   3% used [0x28ed0000, 0x294fcfc0, 0x294fd000, 0x33980000)
 compacting perm gen  total 12288K, used 2918K [0x33980000, 0x34580000, 0x37980000)
   the space 12288K,  23% used [0x33980000, 0x33c59b50, 0x33c59c00, 0x34580000)
    ro space 10240K,  42% used [0x37980000, 0x37dbe580, 0x37dbe600, 0x38380000)
    rw space 12288K,  54% used [0x38380000, 0x389ff128, 0x389ff200, 0x38f80000)
}

