# JRE version: 7.0_05-b05
# Java VM: Java HotSpot(TM) Client VM (23.1-b03 mixed mode, sharing windows-x86 )
Heap
 def new generation   total 34176K, used 30416K [0x23980000, 0x25e90000, 0x28ed0000)
  eden space 30400K, 100% used [0x23980000, 0x25730000, 0x25730000)
  from space 3776K,   0% used [0x25730000, 0x25734170, 0x25ae0000)
  to   space 3776K,   0% used [0x25ae0000, 0x25ae0000, 0x25e90000)
 tenured generation   total 75860K, used 71959K [0x28ed0000, 0x2d8e5000, 0x33980000)
   the space 75860K,  94% used [0x28ed0000, 0x2d515f80, 0x2d516000, 0x2d8e5000)
 compacting perm gen  total 12288K, used 2923K [0x33980000, 0x34580000, 0x37980000)
   the space 12288K,  23% used [0x33980000, 0x33c5ae00, 0x33c5ae00, 0x34580000)
    ro space 10240K,  42% used [0x37980000, 0x37dbe580, 0x37dbe600, 0x38380000)
    rw space 12288K,  54% used [0x38380000, 0x389ff128, 0x389ff200, 0x38f80000)
GC Heap History (10 events):
Event: 182.733 GC heap before
{Heap before GC invocations=8192 (full 9):
 def new generation   total 34176K, used 30417K [0x23980000, 0x25e90000, 0x28ed0000)
  eden space 30400K, 100% used [0x23980000, 0x25730000, 0x25730000)
  from space 3776K,   0% used [0x25730000, 0x25734650, 0x25ae0000)
  to   space 3776K,   0% used [0x25ae0000, 0x25ae0000, 0x25e90000)
 tenured generation   total 75860K, used 71957K [0x28ed0000, 0x2d8e5000, 0x33980000)
   the space 75860K,  94% used [0x28ed0000, 0x2d515698, 0x2d515800, 0x2d8e5000)
 compacting perm gen  total 12288K, used 2923K [0x33980000, 0x34580000, 0x37980000)
   the space 12288K,  23% used [0x33980000, 0x33c5ae00, 0x33c5ae00, 0x34580000)
    ro space 10240K,  42% used [0x37980000, 0x37dbe580, 0x37dbe600, 0x38380000)
    rw space 12288K,  54% used [0x38380000, 0x389ff128, 0x389ff200, 0x38f80000)
Event: 182.733 GC heap after
Heap after GC invocations=8193 (full 9):
 def new generation   total 34176K, used 28K [0x23980000, 0x25e90000, 0x28ed0000)
  eden space 30400K,   0% used [0x23980000, 0x23980000, 0x25730000)
  from space 3776K,   0% used [0x25ae0000, 0x25ae7248, 0x25e90000)
  to   space 3776K,   0% used [0x25730000, 0x25730000, 0x25ae0000)
 tenured generation   total 75860K, used 71957K [0x28ed0000, 0x2d8e5000, 0x33980000)
   the space 75860K,  94% used [0x28ed0000, 0x2d515698, 0x2d515800, 0x2d8e5000)
 compacting perm gen  total 12288K, used 2923K [0x33980000, 0x34580000, 0x37980000)
   the space 12288K,  23% used [0x33980000, 0x33c5ae00, 0x33c5ae00, 0x34580000)
    ro space 10240K,  42% used [0x37980000, 0x37dbe580, 0x37dbe600, 0x38380000)
    rw space 12288K,  54% used [0x38380000, 0x389ff128, 0x389ff200, 0x38f80000)
}
Event: 182.746 GC heap before
{Heap before GC invocations=8193 (full 9):
 def new generation   total 34176K, used 30428K [0x23980000, 0x25e90000, 0x28ed0000)
  eden space 30400K, 100% used [0x23980000, 0x25730000, 0x25730000)
  from space 3776K,   0% used [0x25ae0000, 0x25ae7248, 0x25e90000)
  to   space 3776K,   0% used [0x25730000, 0x25730000, 0x25ae0000)
 tenured generation   total 75860K, used 71957K [0x28ed0000, 0x2d8e5000, 0x33980000)
   the space 75860K,  94% used [0x28ed0000, 0x2d515698, 0x2d515800, 0x2d8e5000)
 compacting perm gen  total 12288K, used 2923K [0x33980000, 0x34580000, 0x37980000)
   the space 12288K,  23% used [0x33980000, 0x33c5ae00, 0x33c5ae00, 0x34580000)
    ro space 10240K,  42% used [0x37980000, 0x37dbe580, 0x37dbe600, 0x38380000)
    rw space 12288K,  54% used [0x38380000, 0x389ff128, 0x389ff200, 0x38f80000)
Event: 182.746 GC heap after
Heap after GC invocations=8194 (full 9):
 def new generation   total 34176K, used 17K [0x23980000, 0x25e90000, 0x28ed0000)
  eden space 30400K,   0% used [0x23980000, 0x23980000, 0x25730000)
  from space 3776K,   0% used [0x25730000, 0x25734520, 0x25ae0000)
  to   space 3776K,   0% used [0x25ae0000, 0x25ae0000, 0x25e90000)
 tenured generation   total 75860K, used 71958K [0x28ed0000, 0x2d8e5000, 0x33980000)
   the space 75860K,  94% used [0x28ed0000, 0x2d515860, 0x2d515a00, 0x2d8e5000)
 compacting perm gen  total 12288K, used 2923K [0x33980000, 0x34580000, 0x37980000)
   the space 12288K,  23% used [0x33980000, 0x33c5ae00, 0x33c5ae00, 0x34580000)
    ro space 10240K,  42% used [0x37980000, 0x37dbe580, 0x37dbe600, 0x38380000)
    rw space 12288K,  54% used [0x38380000, 0x389ff128, 0x389ff200, 0x38f80000)
}
Event: 182.759 GC heap before
{Heap before GC invocations=8194 (full 9):
 def new generation   total 34176K, used 30417K [0x23980000, 0x25e90000, 0x28ed0000)
  eden space 30400K, 100% used [0x23980000, 0x25730000, 0x25730000)
  from space 3776K,   0% used [0x25730000, 0x25734520, 0x25ae0000)
  to   space 3776K,   0% used [0x25ae0000, 0x25ae0000, 0x25e90000)
 tenured generation   total 75860K, used 71958K [0x28ed0000, 0x2d8e5000, 0x33980000)
   the space 75860K,  94% used [0x28ed0000, 0x2d515860, 0x2d515a00, 0x2d8e5000)
 compacting perm gen  total 12288K, used 2923K [0x33980000, 0x34580000, 0x37980000)
   the space 12288K,  23% used [0x33980000, 0x33c5ae00, 0x33c5ae00, 0x34580000)
    ro space 10240K,  42% used [0x37980000, 0x37dbe580, 0x37dbe600, 0x38380000)
    rw space 12288K,  54% used [0x38380000, 0x389ff128, 0x389ff200, 0x38f80000)
Event: 182.760 GC heap after
Heap after GC invocations=8195 (full 9):
 def new generation   total 34176K, used 32K [0x23980000, 0x25e90000, 0x28ed0000)
  eden space 30400K,   0% used [0x23980000, 0x23980000, 0x25730000)
  from space 3776K,   0% used [0x25ae0000, 0x25ae80a8, 0x25e90000)
  to   space 3776K,   0% used [0x25730000, 0x25730000, 0x25ae0000)
 tenured generation   total 75860K, used 71958K [0x28ed0000, 0x2d8e5000, 0x33980000)
   the space 75860K,  94% used [0x28ed0000, 0x2d515860, 0x2d515a00, 0x2d8e5000)
 compacting perm gen  total 12288K, used 2923K [0x33980000, 0x34580000, 0x37980000)
   the space 12288K,  23% used [0x33980000, 0x33c5ae00, 0x33c5ae00, 0x34580000)
    ro space 10240K,  42% used [0x37980000, 0x37dbe580, 0x37dbe600, 0x38380000)
    rw space 12288K,  54% used [0x38380000, 0x389ff128, 0x389ff200, 0x38f80000)
}
Event: 182.772 GC heap before
{Heap before GC invocations=8195 (full 9):
 def new generation   total 34176K, used 30432K [0x23980000, 0x25e90000, 0x28ed0000)
  eden space 30400K, 100% used [0x23980000, 0x25730000, 0x25730000)
  from space 3776K,   0% used [0x25ae0000, 0x25ae80a8, 0x25e90000)
  to   space 3776K,   0% used [0x25730000, 0x25730000, 0x25ae0000)
 tenured generation   total 75860K, used 71958K [0x28ed0000, 0x2d8e5000, 0x33980000)
   the space 75860K,  94% used [0x28ed0000, 0x2d515860, 0x2d515a00, 0x2d8e5000)
 compacting perm gen  total 12288K, used 2923K [0x33980000, 0x34580000, 0x37980000)
   the space 12288K,  23% used [0x33980000, 0x33c5ae00, 0x33c5ae00, 0x34580000)
    ro space 10240K,  42% used [0x37980000, 0x37dbe580, 0x37dbe600, 0x38380000)
    rw space 12288K,  54% used [0x38380000, 0x389ff128, 0x389ff200, 0x38f80000)
Event: 182.773 GC heap after
Heap after GC invocations=8196 (full 9):
 def new generation   total 34176K, used 17K [0x23980000, 0x25e90000, 0x28ed0000)
  eden space 30400K,   0% used [0x23980000, 0x23980000, 0x25730000)
  from space 3776K,   0% used [0x25730000, 0x25734498, 0x25ae0000)
  to   space 3776K,   0% used [0x25ae0000, 0x25ae0000, 0x25e90000)
 tenured generation   total 75860K, used 71958K [0x28ed0000, 0x2d8e5000, 0x33980000)
   the space 75860K,  94% used [0x28ed0000, 0x2d5158f8, 0x2d515a00, 0x2d8e5000)
 compacting perm gen  total 12288K, used 2923K [0x33980000, 0x34580000, 0x37980000)
   the space 12288K,  23% used [0x33980000, 0x33c5ae00, 0x33c5ae00, 0x34580000)
    ro space 10240K,  42% used [0x37980000, 0x37dbe580, 0x37dbe600, 0x38380000)
    rw space 12288K,  54% used [0x38380000, 0x389ff128, 0x389ff200, 0x38f80000)
}
Event: 182.785 GC heap before
{Heap before GC invocations=8196 (full 9):
 def new generation   total 34176K, used 30417K [0x23980000, 0x25e90000, 0x28ed0000)
  eden space 30400K, 100% used [0x23980000, 0x25730000, 0x25730000)
  from space 3776K,   0% used [0x25730000, 0x25734498, 0x25ae0000)
  to   space 3776K,   0% used [0x25ae0000, 0x25ae0000, 0x25e90000)
 tenured generation   total 75860K, used 71958K [0x28ed0000, 0x2d8e5000, 0x33980000)
   the space 75860K,  94% used [0x28ed0000, 0x2d5158f8, 0x2d515a00, 0x2d8e5000)
 compacting perm gen  total 12288K, used 2923K [0x33980000, 0x34580000, 0x37980000)
   the space 12288K,  23% used [0x33980000, 0x33c5ae00, 0x33c5ae00, 0x34580000)
    ro space 10240K,  42% used [0x37980000, 0x37dbe580, 0x37dbe600, 0x38380000)
    rw space 12288K,  54% used [0x38380000, 0x389ff128, 0x389ff200, 0x38f80000)
Event: 182.786 GC heap after
Heap after GC invocations=8197 (full 9):
 def new generation   total 34176K, used 15K [0x23980000, 0x25e90000, 0x28ed0000)
  eden space 30400K,   0% used [0x23980000, 0x23980000, 0x25730000)
  from space 3776K,   0% used [0x25ae0000, 0x25ae3e10, 0x25e90000)
  to   space 3776K,   0% used [0x25730000, 0x25730000, 0x25ae0000)
 tenured generation   total 75860K, used 71959K [0x28ed0000, 0x2d8e5000, 0x33980000)
   the space 75860K,  94% used [0x28ed0000, 0x2d515f80, 0x2d516000, 0x2d8e5000)
 compacting perm gen  total 12288K, used 2923K [0x33980000, 0x34580000, 0x37980000)
   the space 12288K,  23% used [0x33980000, 0x33c5ae00, 0x33c5ae00, 0x34580000)
    ro space 10240K,  42% used [0x37980000, 0x37dbe580, 0x37dbe600, 0x38380000)
    rw space 12288K,  54% used [0x38380000, 0x389ff128, 0x389ff200, 0x38f80000)
}

