# JRE version: 7.0_05-b05
# Java VM: Java HotSpot(TM) Client VM (23.1-b03 mixed mode, sharing windows-x86 )
Heap
 def new generation   total 78656K, used 24879K [0x23980000, 0x28ed0000, 0x28ed0000)
  eden space 69952K,  35% used [0x23980000, 0x251c88e8, 0x27dd0000)
  from space 8704K,   0% used [0x27dd0000, 0x27dd36b0, 0x28650000)
  to   space 8704K,   0% used [0x28650000, 0x28650000, 0x28ed0000)
 tenured generation   total 174784K, used 1676K [0x28ed0000, 0x33980000, 0x33980000)
   the space 174784K,   0% used [0x28ed0000, 0x29073390, 0x29073400, 0x33980000)
 compacting perm gen  total 12288K, used 2896K [0x33980000, 0x34580000, 0x37980000)
   the space 12288K,  23% used [0x33980000, 0x33c543c8, 0x33c54400, 0x34580000)
    ro space 10240K,  42% used [0x37980000, 0x37dbe580, 0x37dbe600, 0x38380000)
    rw space 12288K,  54% used [0x38380000, 0x389ff128, 0x389ff200, 0x38f80000)
GC Heap History (10 events):
Event: 121.243 GC heap before
{Heap before GC invocations=408 (full 218):
 def new generation   total 78656K, used 69980K [0x23980000, 0x28ed0000, 0x28ed0000)
  eden space 69952K, 100% used [0x23980000, 0x27dd0000, 0x27dd0000)
  from space 8704K,   0% used [0x28650000, 0x28657208, 0x28ed0000)
  to   space 8704K,   0% used [0x27dd0000, 0x27dd0000, 0x28650000)
 tenured generation   total 174784K, used 1676K [0x28ed0000, 0x33980000, 0x33980000)
   the space 174784K,   0% used [0x28ed0000, 0x29073130, 0x29073200, 0x33980000)
 compacting perm gen  total 12288K, used 2896K [0x33980000, 0x34580000, 0x37980000)
   the space 12288K,  23% used [0x33980000, 0x33c543c8, 0x33c54400, 0x34580000)
    ro space 10240K,  42% used [0x37980000, 0x37dbe580, 0x37dbe600, 0x38380000)
    rw space 12288K,  54% used [0x38380000, 0x389ff128, 0x389ff200, 0x38f80000)
Event: 121.244 GC heap after
Heap after GC invocations=409 (full 218):
 def new generation   total 78656K, used 15K [0x23980000, 0x28ed0000, 0x28ed0000)
  eden space 69952K,   0% used [0x23980000, 0x23980000, 0x27dd0000)
  from space 8704K,   0% used [0x27dd0000, 0x27dd3d30, 0x28650000)
  to   space 8704K,   0% used [0x28650000, 0x28650000, 0x28ed0000)
 tenured generation   total 174784K, used 1676K [0x28ed0000, 0x33980000, 0x33980000)
   the space 174784K,   0% used [0x28ed0000, 0x29073130, 0x29073200, 0x33980000)
 compacting perm gen  total 12288K, used 2896K [0x33980000, 0x34580000, 0x37980000)
   the space 12288K,  23% used [0x33980000, 0x33c543c8, 0x33c54400, 0x34580000)
    ro space 10240K,  42% used [0x37980000, 0x37dbe580, 0x37dbe600, 0x38380000)
    rw space 12288K,  54% used [0x38380000, 0x389ff128, 0x389ff200, 0x38f80000)
}
Event: 121.274 GC heap before
{Heap before GC invocations=409 (full 218):
 def new generation   total 78656K, used 69967K [0x23980000, 0x28ed0000, 0x28ed0000)
  eden space 69952K, 100% used [0x23980000, 0x27dd0000, 0x27dd0000)
  from space 8704K,   0% used [0x27dd0000, 0x27dd3d30, 0x28650000)
  to   space 8704K,   0% used [0x28650000, 0x28650000, 0x28ed0000)
 tenured generation   total 174784K, used 1676K [0x28ed0000, 0x33980000, 0x33980000)
   the space 174784K,   0% used [0x28ed0000, 0x29073130, 0x29073200, 0x33980000)
 compacting perm gen  total 12288K, used 2896K [0x33980000, 0x34580000, 0x37980000)
   the space 12288K,  23% used [0x33980000, 0x33c543c8, 0x33c54400, 0x34580000)
    ro space 10240K,  42% used [0x37980000, 0x37dbe580, 0x37dbe600, 0x38380000)
    rw space 12288K,  54% used [0x38380000, 0x389ff128, 0x389ff200, 0x38f80000)
Event: 121.274 GC heap after
Heap after GC invocations=410 (full 218):
 def new generation   total 78656K, used 22K [0x23980000, 0x28ed0000, 0x28ed0000)
  eden space 69952K,   0% used [0x23980000, 0x23980000, 0x27dd0000)
  from space 8704K,   0% used [0x28650000, 0x28655af8, 0x28ed0000)
  to   space 8704K,   0% used [0x27dd0000, 0x27dd0000, 0x28650000)
 tenured generation   total 174784K, used 1676K [0x28ed0000, 0x33980000, 0x33980000)
   the space 174784K,   0% used [0x28ed0000, 0x29073260, 0x29073400, 0x33980000)
 compacting perm gen  total 12288K, used 2896K [0x33980000, 0x34580000, 0x37980000)
   the space 12288K,  23% used [0x33980000, 0x33c543c8, 0x33c54400, 0x34580000)
    ro space 10240K,  42% used [0x37980000, 0x37dbe580, 0x37dbe600, 0x38380000)
    rw space 12288K,  54% used [0x38380000, 0x389ff128, 0x389ff200, 0x38f80000)
}
Event: 121.303 GC heap before
{Heap before GC invocations=410 (full 218):
 def new generation   total 78656K, used 69974K [0x23980000, 0x28ed0000, 0x28ed0000)
  eden space 69952K, 100% used [0x23980000, 0x27dd0000, 0x27dd0000)
  from space 8704K,   0% used [0x28650000, 0x28655af8, 0x28ed0000)
  to   space 8704K,   0% used [0x27dd0000, 0x27dd0000, 0x28650000)
 tenured generation   total 174784K, used 1676K [0x28ed0000, 0x33980000, 0x33980000)
   the space 174784K,   0% used [0x28ed0000, 0x29073260, 0x29073400, 0x33980000)
 compacting perm gen  total 12288K, used 2896K [0x33980000, 0x34580000, 0x37980000)
   the space 12288K,  23% used [0x33980000, 0x33c543c8, 0x33c54400, 0x34580000)
    ro space 10240K,  42% used [0x37980000, 0x37dbe580, 0x37dbe600, 0x38380000)
    rw space 12288K,  54% used [0x38380000, 0x389ff128, 0x389ff200, 0x38f80000)
Event: 121.304 GC heap after
Heap after GC invocations=411 (full 218):
 def new generation   total 78656K, used 25K [0x23980000, 0x28ed0000, 0x28ed0000)
  eden space 69952K,   0% used [0x23980000, 0x23980000, 0x27dd0000)
  from space 8704K,   0% used [0x27dd0000, 0x27dd67a8, 0x28650000)
  to   space 8704K,   0% used [0x28650000, 0x28650000, 0x28ed0000)
 tenured generation   total 174784K, used 1676K [0x28ed0000, 0x33980000, 0x33980000)
   the space 174784K,   0% used [0x28ed0000, 0x29073260, 0x29073400, 0x33980000)
 compacting perm gen  total 12288K, used 2896K [0x33980000, 0x34580000, 0x37980000)
   the space 12288K,  23% used [0x33980000, 0x33c543c8, 0x33c54400, 0x34580000)
    ro space 10240K,  42% used [0x37980000, 0x37dbe580, 0x37dbe600, 0x38380000)
    rw space 12288K,  54% used [0x38380000, 0x389ff128, 0x389ff200, 0x38f80000)
}
Event: 121.338 GC heap before
{Heap before GC invocations=411 (full 218):
 def new generation   total 78656K, used 69977K [0x23980000, 0x28ed0000, 0x28ed0000)
  eden space 69952K, 100% used [0x23980000, 0x27dd0000, 0x27dd0000)
  from space 8704K,   0% used [0x27dd0000, 0x27dd67a8, 0x28650000)
  to   space 8704K,   0% used [0x28650000, 0x28650000, 0x28ed0000)
 tenured generation   total 174784K, used 1676K [0x28ed0000, 0x33980000, 0x33980000)
   the space 174784K,   0% used [0x28ed0000, 0x29073260, 0x29073400, 0x33980000)
 compacting perm gen  total 12288K, used 2896K [0x33980000, 0x34580000, 0x37980000)
   the space 12288K,  23% used [0x33980000, 0x33c543c8, 0x33c54400, 0x34580000)
    ro space 10240K,  42% used [0x37980000, 0x37dbe580, 0x37dbe600, 0x38380000)
    rw space 12288K,  54% used [0x38380000, 0x389ff128, 0x389ff200, 0x38f80000)
Event: 121.338 GC heap after
Heap after GC invocations=412 (full 218):
 def new generation   total 78656K, used 19K [0x23980000, 0x28ed0000, 0x28ed0000)
  eden space 69952K,   0% used [0x23980000, 0x23980000, 0x27dd0000)
  from space 8704K,   0% used [0x28650000, 0x28654e50, 0x28ed0000)
  to   space 8704K,   0% used [0x27dd0000, 0x27dd0000, 0x28650000)
 tenured generation   total 174784K, used 1676K [0x28ed0000, 0x33980000, 0x33980000)
   the space 174784K,   0% used [0x28ed0000, 0x290732f8, 0x29073400, 0x33980000)
 compacting perm gen  total 12288K, used 2896K [0x33980000, 0x34580000, 0x37980000)
   the space 12288K,  23% used [0x33980000, 0x33c543c8, 0x33c54400, 0x34580000)
    ro space 10240K,  42% used [0x37980000, 0x37dbe580, 0x37dbe600, 0x38380000)
    rw space 12288K,  54% used [0x38380000, 0x389ff128, 0x389ff200, 0x38f80000)
}
Event: 121.370 GC heap before
{Heap before GC invocations=412 (full 218):
 def new generation   total 78656K, used 69971K [0x23980000, 0x28ed0000, 0x28ed0000)
  eden space 69952K, 100% used [0x23980000, 0x27dd0000, 0x27dd0000)
  from space 8704K,   0% used [0x28650000, 0x28654e50, 0x28ed0000)
  to   space 8704K,   0% used [0x27dd0000, 0x27dd0000, 0x28650000)
 tenured generation   total 174784K, used 1676K [0x28ed0000, 0x33980000, 0x33980000)
   the space 174784K,   0% used [0x28ed0000, 0x290732f8, 0x29073400, 0x33980000)
 compacting perm gen  total 12288K, used 2896K [0x33980000, 0x34580000, 0x37980000)
   the space 12288K,  23% used [0x33980000, 0x33c543c8, 0x33c54400, 0x34580000)
    ro space 10240K,  42% used [0x37980000, 0x37dbe580, 0x37dbe600, 0x38380000)
    rw space 12288K,  54% used [0x38380000, 0x389ff128, 0x389ff200, 0x38f80000)
Event: 121.370 GC heap after
Heap after GC invocations=413 (full 218):
 def new generation   total 78656K, used 13K [0x23980000, 0x28ed0000, 0x28ed0000)
  eden space 69952K,   0% used [0x23980000, 0x23980000, 0x27dd0000)
  from space 8704K,   0% used [0x27dd0000, 0x27dd36b0, 0x28650000)
  to   space 8704K,   0% used [0x28650000, 0x28650000, 0x28ed0000)
 tenured generation   total 174784K, used 1676K [0x28ed0000, 0x33980000, 0x33980000)
   the space 174784K,   0% used [0x28ed0000, 0x29073390, 0x29073400, 0x33980000)
 compacting perm gen  total 12288K, used 2896K [0x33980000, 0x34580000, 0x37980000)
   the space 12288K,  23% used [0x33980000, 0x33c543c8, 0x33c54400, 0x34580000)
    ro space 10240K,  42% used [0x37980000, 0x37dbe580, 0x37dbe600, 0x38380000)
    rw space 12288K,  54% used [0x38380000, 0x389ff128, 0x389ff200, 0x38f80000)
}

