# JRE version: 7.0_05-b05
# Java VM: Java HotSpot(TM) Client VM (23.1-b03 mixed mode, sharing windows-x86 )
Heap
 def new generation   total 78656K, used 61990K [0x23980000, 0x28ed0000, 0x28ed0000)
  eden space 69952K,  88% used [0x23980000, 0x275e9698, 0x27dd0000)
  from space 8704K,   1% used [0x28650000, 0x28670550, 0x28ed0000)
  to   space 8704K,   0% used [0x27dd0000, 0x27dd0000, 0x28650000)
 tenured generation   total 174784K, used 103379K [0x28ed0000, 0x33980000, 0x33980000)
   the space 174784K,  59% used [0x28ed0000, 0x2f3c4e58, 0x2f3c5000, 0x33980000)
 compacting perm gen  total 12288K, used 3089K [0x33980000, 0x34580000, 0x37980000)
   the space 12288K,  25% used [0x33980000, 0x33c84690, 0x33c84800, 0x34580000)
    ro space 10240K,  42% used [0x37980000, 0x37dbe580, 0x37dbe600, 0x38380000)
    rw space 12288K,  54% used [0x38380000, 0x389ff128, 0x389ff200, 0x38f80000)
GC Heap History (10 events):
Event: 27.292 GC heap before
{Heap before GC invocations=49 (full 18):
 def new generation   total 78656K, used 70101K [0x23980000, 0x28ed0000, 0x28ed0000)
  eden space 69952K, 100% used [0x23980000, 0x27dd0000, 0x27dd0000)
  from space 8704K,   1% used [0x27dd0000, 0x27df5768, 0x28650000)
  to   space 8704K,   0% used [0x28650000, 0x28650000, 0x28ed0000)
 tenured generation   total 174784K, used 103361K [0x28ed0000, 0x33980000, 0x33980000)
   the space 174784K,  59% used [0x28ed0000, 0x2f3c06f8, 0x2f3c0800, 0x33980000)
 compacting perm gen  total 12288K, used 3089K [0x33980000, 0x34580000, 0x37980000)
   the space 12288K,  25% used [0x33980000, 0x33c84690, 0x33c84800, 0x34580000)
    ro space 10240K,  42% used [0x37980000, 0x37dbe580, 0x37dbe600, 0x38380000)
    rw space 12288K,  54% used [0x38380000, 0x389ff128, 0x389ff200, 0x38f80000)
Event: 27.294 GC heap after
Heap after GC invocations=50 (full 18):
 def new generation   total 78656K, used 146K [0x23980000, 0x28ed0000, 0x28ed0000)
  eden space 69952K,   0% used [0x23980000, 0x23980000, 0x27dd0000)
  from space 8704K,   1% used [0x28650000, 0x28674818, 0x28ed0000)
  to   space 8704K,   0% used [0x27dd0000, 0x27dd0000, 0x28650000)
 tenured generation   total 174784K, used 103361K [0x28ed0000, 0x33980000, 0x33980000)
   the space 174784K,  59% used [0x28ed0000, 0x2f3c06f8, 0x2f3c0800, 0x33980000)
 compacting perm gen  total 12288K, used 3089K [0x33980000, 0x34580000, 0x37980000)
   the space 12288K,  25% used [0x33980000, 0x33c84690, 0x33c84800, 0x34580000)
    ro space 10240K,  42% used [0x37980000, 0x37dbe580, 0x37dbe600, 0x38380000)
    rw space 12288K,  54% used [0x38380000, 0x389ff128, 0x389ff200, 0x38f80000)
}
Event: 27.692 GC heap before
{Heap before GC invocations=50 (full 18):
 def new generation   total 78656K, used 70098K [0x23980000, 0x28ed0000, 0x28ed0000)
  eden space 69952K, 100% used [0x23980000, 0x27dd0000, 0x27dd0000)
  from space 8704K,   1% used [0x28650000, 0x28674818, 0x28ed0000)
  to   space 8704K,   0% used [0x27dd0000, 0x27dd0000, 0x28650000)
 tenured generation   total 174784K, used 103361K [0x28ed0000, 0x33980000, 0x33980000)
   the space 174784K,  59% used [0x28ed0000, 0x2f3c06f8, 0x2f3c0800, 0x33980000)
 compacting perm gen  total 12288K, used 3089K [0x33980000, 0x34580000, 0x37980000)
   the space 12288K,  25% used [0x33980000, 0x33c84690, 0x33c84800, 0x34580000)
    ro space 10240K,  42% used [0x37980000, 0x37dbe580, 0x37dbe600, 0x38380000)
    rw space 12288K,  54% used [0x38380000, 0x389ff128, 0x389ff200, 0x38f80000)
Event: 27.693 GC heap after
Heap after GC invocations=51 (full 18):
 def new generation   total 78656K, used 126K [0x23980000, 0x28ed0000, 0x28ed0000)
  eden space 69952K,   0% used [0x23980000, 0x23980000, 0x27dd0000)
  from space 8704K,   1% used [0x27dd0000, 0x27def9a8, 0x28650000)
  to   space 8704K,   0% used [0x28650000, 0x28650000, 0x28ed0000)
 tenured generation   total 174784K, used 103370K [0x28ed0000, 0x33980000, 0x33980000)
   the space 174784K,  59% used [0x28ed0000, 0x2f3c2a00, 0x2f3c2a00, 0x33980000)
 compacting perm gen  total 12288K, used 3089K [0x33980000, 0x34580000, 0x37980000)
   the space 12288K,  25% used [0x33980000, 0x33c84690, 0x33c84800, 0x34580000)
    ro space 10240K,  42% used [0x37980000, 0x37dbe580, 0x37dbe600, 0x38380000)
    rw space 12288K,  54% used [0x38380000, 0x389ff128, 0x389ff200, 0x38f80000)
}
Event: 28.110 GC heap before
{Heap before GC invocations=51 (full 18):
 def new generation   total 78656K, used 70078K [0x23980000, 0x28ed0000, 0x28ed0000)
  eden space 69952K, 100% used [0x23980000, 0x27dd0000, 0x27dd0000)
  from space 8704K,   1% used [0x27dd0000, 0x27def9a8, 0x28650000)
  to   space 8704K,   0% used [0x28650000, 0x28650000, 0x28ed0000)
 tenured generation   total 174784K, used 103370K [0x28ed0000, 0x33980000, 0x33980000)
   the space 174784K,  59% used [0x28ed0000, 0x2f3c2a00, 0x2f3c2a00, 0x33980000)
 compacting perm gen  total 12288K, used 3089K [0x33980000, 0x34580000, 0x37980000)
   the space 12288K,  25% used [0x33980000, 0x33c84690, 0x33c84800, 0x34580000)
    ro space 10240K,  42% used [0x37980000, 0x37dbe580, 0x37dbe600, 0x38380000)
    rw space 12288K,  54% used [0x38380000, 0x389ff128, 0x389ff200, 0x38f80000)
Event: 28.111 GC heap after
Heap after GC invocations=52 (full 18):
 def new generation   total 78656K, used 136K [0x23980000, 0x28ed0000, 0x28ed0000)
  eden space 69952K,   0% used [0x23980000, 0x23980000, 0x27dd0000)
  from space 8704K,   1% used [0x28650000, 0x28672160, 0x28ed0000)
  to   space 8704K,   0% used [0x27dd0000, 0x27dd0000, 0x28650000)
 tenured generation   total 174784K, used 103370K [0x28ed0000, 0x33980000, 0x33980000)
   the space 174784K,  59% used [0x28ed0000, 0x2f3c2a00, 0x2f3c2a00, 0x33980000)
 compacting perm gen  total 12288K, used 3089K [0x33980000, 0x34580000, 0x37980000)
   the space 12288K,  25% used [0x33980000, 0x33c84690, 0x33c84800, 0x34580000)
    ro space 10240K,  42% used [0x37980000, 0x37dbe580, 0x37dbe600, 0x38380000)
    rw space 12288K,  54% used [0x38380000, 0x389ff128, 0x389ff200, 0x38f80000)
}
Event: 28.510 GC heap before
{Heap before GC invocations=52 (full 18):
 def new generation   total 78656K, used 70088K [0x23980000, 0x28ed0000, 0x28ed0000)
  eden space 69952K, 100% used [0x23980000, 0x27dd0000, 0x27dd0000)
  from space 8704K,   1% used [0x28650000, 0x28672160, 0x28ed0000)
  to   space 8704K,   0% used [0x27dd0000, 0x27dd0000, 0x28650000)
 tenured generation   total 174784K, used 103370K [0x28ed0000, 0x33980000, 0x33980000)
   the space 174784K,  59% used [0x28ed0000, 0x2f3c2a00, 0x2f3c2a00, 0x33980000)
 compacting perm gen  total 12288K, used 3089K [0x33980000, 0x34580000, 0x37980000)
   the space 12288K,  25% used [0x33980000, 0x33c84690, 0x33c84800, 0x34580000)
    ro space 10240K,  42% used [0x37980000, 0x37dbe580, 0x37dbe600, 0x38380000)
    rw space 12288K,  54% used [0x38380000, 0x389ff128, 0x389ff200, 0x38f80000)
Event: 28.511 GC heap after
Heap after GC invocations=53 (full 18):
 def new generation   total 78656K, used 122K [0x23980000, 0x28ed0000, 0x28ed0000)
  eden space 69952K,   0% used [0x23980000, 0x23980000, 0x27dd0000)
  from space 8704K,   1% used [0x27dd0000, 0x27deeb00, 0x28650000)
  to   space 8704K,   0% used [0x28650000, 0x28650000, 0x28ed0000)
 tenured generation   total 174784K, used 103379K [0x28ed0000, 0x33980000, 0x33980000)
   the space 174784K,  59% used [0x28ed0000, 0x2f3c4d48, 0x2f3c4e00, 0x33980000)
 compacting perm gen  total 12288K, used 3089K [0x33980000, 0x34580000, 0x37980000)
   the space 12288K,  25% used [0x33980000, 0x33c84690, 0x33c84800, 0x34580000)
    ro space 10240K,  42% used [0x37980000, 0x37dbe580, 0x37dbe600, 0x38380000)
    rw space 12288K,  54% used [0x38380000, 0x389ff128, 0x389ff200, 0x38f80000)
}
Event: 28.939 GC heap before
{Heap before GC invocations=53 (full 18):
 def new generation   total 78656K, used 70074K [0x23980000, 0x28ed0000, 0x28ed0000)
  eden space 69952K, 100% used [0x23980000, 0x27dd0000, 0x27dd0000)
  from space 8704K,   1% used [0x27dd0000, 0x27deeb00, 0x28650000)
  to   space 8704K,   0% used [0x28650000, 0x28650000, 0x28ed0000)
 tenured generation   total 174784K, used 103379K [0x28ed0000, 0x33980000, 0x33980000)
   the space 174784K,  59% used [0x28ed0000, 0x2f3c4d48, 0x2f3c4e00, 0x33980000)
 compacting perm gen  total 12288K, used 3089K [0x33980000, 0x34580000, 0x37980000)
   the space 12288K,  25% used [0x33980000, 0x33c84690, 0x33c84800, 0x34580000)
    ro space 10240K,  42% used [0x37980000, 0x37dbe580, 0x37dbe600, 0x38380000)
    rw space 12288K,  54% used [0x38380000, 0x389ff128, 0x389ff200, 0x38f80000)
Event: 28.941 GC heap after
Heap after GC invocations=54 (full 18):
 def new generation   total 78656K, used 129K [0x23980000, 0x28ed0000, 0x28ed0000)
  eden space 69952K,   0% used [0x23980000, 0x23980000, 0x27dd0000)
  from space 8704K,   1% used [0x28650000, 0x28670550, 0x28ed0000)
  to   space 8704K,   0% used [0x27dd0000, 0x27dd0000, 0x28650000)
 tenured generation   total 174784K, used 103379K [0x28ed0000, 0x33980000, 0x33980000)
   the space 174784K,  59% used [0x28ed0000, 0x2f3c4e58, 0x2f3c5000, 0x33980000)
 compacting perm gen  total 12288K, used 3089K [0x33980000, 0x34580000, 0x37980000)
   the space 12288K,  25% used [0x33980000, 0x33c84690, 0x33c84800, 0x34580000)
    ro space 10240K,  42% used [0x37980000, 0x37dbe580, 0x37dbe600, 0x38380000)
    rw space 12288K,  54% used [0x38380000, 0x389ff128, 0x389ff200, 0x38f80000)
}

