# JRE version: 7.0_05-b05
# Java VM: Java HotSpot(TM) Client VM (23.1-b03 mixed mode, sharing windows-x86 )
Heap
 def new generation   total 78656K, used 26263K [0x23980000, 0x28ed0000, 0x28ed0000)
  eden space 69952K,  37% used [0x23980000, 0x25323ce8, 0x27dd0000)
  from space 8704K,   0% used [0x28650000, 0x28652160, 0x28ed0000)
  to   space 8704K,   0% used [0x27dd0000, 0x27dd0000, 0x28650000)
 tenured generation   total 174784K, used 3496K [0x28ed0000, 0x33980000, 0x33980000)
   the space 174784K,   2% used [0x28ed0000, 0x2923a3c0, 0x2923a400, 0x33980000)
 compacting perm gen  total 12288K, used 3128K [0x33980000, 0x34580000, 0x37980000)
   the space 12288K,  25% used [0x33980000, 0x33c8e148, 0x33c8e200, 0x34580000)
    ro space 10240K,  42% used [0x37980000, 0x37dbe580, 0x37dbe600, 0x38380000)
    rw space 12288K,  54% used [0x38380000, 0x389ff128, 0x389ff200, 0x38f80000)
GC Heap History (10 events):
Event: 366.391 GC heap before
{Heap before GC invocations=633 (full 12):
 def new generation   total 78656K, used 69953K [0x23980000, 0x28ed0000, 0x28ed0000)
  eden space 69952K, 100% used [0x23980000, 0x27dd0000, 0x27dd0000)
  from space 8704K,   0% used [0x27dd0000, 0x27dd0700, 0x28650000)
  to   space 8704K,   0% used [0x28650000, 0x28650000, 0x28ed0000)
 tenured generation   total 174784K, used 3496K [0x28ed0000, 0x33980000, 0x33980000)
   the space 174784K,   2% used [0x28ed0000, 0x2923a3c0, 0x2923a400, 0x33980000)
 compacting perm gen  total 12288K, used 3128K [0x33980000, 0x34580000, 0x37980000)
   the space 12288K,  25% used [0x33980000, 0x33c8e148, 0x33c8e200, 0x34580000)
    ro space 10240K,  42% used [0x37980000, 0x37dbe580, 0x37dbe600, 0x38380000)
    rw space 12288K,  54% used [0x38380000, 0x389ff128, 0x389ff200, 0x38f80000)
Event: 366.394 GC heap after
Heap after GC invocations=634 (full 12):
 def new generation   total 78656K, used 2K [0x23980000, 0x28ed0000, 0x28ed0000)
  eden space 69952K,   0% used [0x23980000, 0x23980000, 0x27dd0000)
  from space 8704K,   0% used [0x28650000, 0x28650b90, 0x28ed0000)
  to   space 8704K,   0% used [0x27dd0000, 0x27dd0000, 0x28650000)
 tenured generation   total 174784K, used 3496K [0x28ed0000, 0x33980000, 0x33980000)
   the space 174784K,   2% used [0x28ed0000, 0x2923a3c0, 0x2923a400, 0x33980000)
 compacting perm gen  total 12288K, used 3128K [0x33980000, 0x34580000, 0x37980000)
   the space 12288K,  25% used [0x33980000, 0x33c8e148, 0x33c8e200, 0x34580000)
    ro space 10240K,  42% used [0x37980000, 0x37dbe580, 0x37dbe600, 0x38380000)
    rw space 12288K,  54% used [0x38380000, 0x389ff128, 0x389ff200, 0x38f80000)
}
Event: 366.624 GC heap before
{Heap before GC invocations=634 (full 12):
 def new generation   total 78656K, used 69954K [0x23980000, 0x28ed0000, 0x28ed0000)
  eden space 69952K, 100% used [0x23980000, 0x27dd0000, 0x27dd0000)
  from space 8704K,   0% used [0x28650000, 0x28650b90, 0x28ed0000)
  to   space 8704K,   0% used [0x27dd0000, 0x27dd0000, 0x28650000)
 tenured generation   total 174784K, used 3496K [0x28ed0000, 0x33980000, 0x33980000)
   the space 174784K,   2% used [0x28ed0000, 0x2923a3c0, 0x2923a400, 0x33980000)
 compacting perm gen  total 12288K, used 3128K [0x33980000, 0x34580000, 0x37980000)
   the space 12288K,  25% used [0x33980000, 0x33c8e148, 0x33c8e200, 0x34580000)
    ro space 10240K,  42% used [0x37980000, 0x37dbe580, 0x37dbe600, 0x38380000)
    rw space 12288K,  54% used [0x38380000, 0x389ff128, 0x389ff200, 0x38f80000)
Event: 366.626 GC heap after
Heap after GC invocations=635 (full 12):
 def new generation   total 78656K, used 5K [0x23980000, 0x28ed0000, 0x28ed0000)
  eden space 69952K,   0% used [0x23980000, 0x23980000, 0x27dd0000)
  from space 8704K,   0% used [0x27dd0000, 0x27dd1760, 0x28650000)
  to   space 8704K,   0% used [0x28650000, 0x28650000, 0x28ed0000)
 tenured generation   total 174784K, used 3496K [0x28ed0000, 0x33980000, 0x33980000)
   the space 174784K,   2% used [0x28ed0000, 0x2923a3c0, 0x2923a400, 0x33980000)
 compacting perm gen  total 12288K, used 3128K [0x33980000, 0x34580000, 0x37980000)
   the space 12288K,  25% used [0x33980000, 0x33c8e148, 0x33c8e200, 0x34580000)
    ro space 10240K,  42% used [0x37980000, 0x37dbe580, 0x37dbe600, 0x38380000)
    rw space 12288K,  54% used [0x38380000, 0x389ff128, 0x389ff200, 0x38f80000)
}
Event: 366.865 GC heap before
{Heap before GC invocations=635 (full 12):
 def new generation   total 78656K, used 69957K [0x23980000, 0x28ed0000, 0x28ed0000)
  eden space 69952K, 100% used [0x23980000, 0x27dd0000, 0x27dd0000)
  from space 8704K,   0% used [0x27dd0000, 0x27dd1760, 0x28650000)
  to   space 8704K,   0% used [0x28650000, 0x28650000, 0x28ed0000)
 tenured generation   total 174784K, used 3496K [0x28ed0000, 0x33980000, 0x33980000)
   the space 174784K,   2% used [0x28ed0000, 0x2923a3c0, 0x2923a400, 0x33980000)
 compacting perm gen  total 12288K, used 3128K [0x33980000, 0x34580000, 0x37980000)
   the space 12288K,  25% used [0x33980000, 0x33c8e148, 0x33c8e200, 0x34580000)
    ro space 10240K,  42% used [0x37980000, 0x37dbe580, 0x37dbe600, 0x38380000)
    rw space 12288K,  54% used [0x38380000, 0x389ff128, 0x389ff200, 0x38f80000)
Event: 366.867 GC heap after
Heap after GC invocations=636 (full 12):
 def new generation   total 78656K, used 7K [0x23980000, 0x28ed0000, 0x28ed0000)
  eden space 69952K,   0% used [0x23980000, 0x23980000, 0x27dd0000)
  from space 8704K,   0% used [0x28650000, 0x28651d90, 0x28ed0000)
  to   space 8704K,   0% used [0x27dd0000, 0x27dd0000, 0x28650000)
 tenured generation   total 174784K, used 3496K [0x28ed0000, 0x33980000, 0x33980000)
   the space 174784K,   2% used [0x28ed0000, 0x2923a3c0, 0x2923a400, 0x33980000)
 compacting perm gen  total 12288K, used 3128K [0x33980000, 0x34580000, 0x37980000)
   the space 12288K,  25% used [0x33980000, 0x33c8e148, 0x33c8e200, 0x34580000)
    ro space 10240K,  42% used [0x37980000, 0x37dbe580, 0x37dbe600, 0x38380000)
    rw space 12288K,  54% used [0x38380000, 0x389ff128, 0x389ff200, 0x38f80000)
}
Event: 367.121 GC heap before
{Heap before GC invocations=636 (full 12):
 def new generation   total 78656K, used 69959K [0x23980000, 0x28ed0000, 0x28ed0000)
  eden space 69952K, 100% used [0x23980000, 0x27dd0000, 0x27dd0000)
  from space 8704K,   0% used [0x28650000, 0x28651d90, 0x28ed0000)
  to   space 8704K,   0% used [0x27dd0000, 0x27dd0000, 0x28650000)
 tenured generation   total 174784K, used 3496K [0x28ed0000, 0x33980000, 0x33980000)
   the space 174784K,   2% used [0x28ed0000, 0x2923a3c0, 0x2923a400, 0x33980000)
 compacting perm gen  total 12288K, used 3128K [0x33980000, 0x34580000, 0x37980000)
   the space 12288K,  25% used [0x33980000, 0x33c8e148, 0x33c8e200, 0x34580000)
    ro space 10240K,  42% used [0x37980000, 0x37dbe580, 0x37dbe600, 0x38380000)
    rw space 12288K,  54% used [0x38380000, 0x389ff128, 0x389ff200, 0x38f80000)
Event: 367.124 GC heap after
Heap after GC invocations=637 (full 12):
 def new generation   total 78656K, used 5K [0x23980000, 0x28ed0000, 0x28ed0000)
  eden space 69952K,   0% used [0x23980000, 0x23980000, 0x27dd0000)
  from space 8704K,   0% used [0x27dd0000, 0x27dd14f8, 0x28650000)
  to   space 8704K,   0% used [0x28650000, 0x28650000, 0x28ed0000)
 tenured generation   total 174784K, used 3496K [0x28ed0000, 0x33980000, 0x33980000)
   the space 174784K,   2% used [0x28ed0000, 0x2923a3c0, 0x2923a400, 0x33980000)
 compacting perm gen  total 12288K, used 3128K [0x33980000, 0x34580000, 0x37980000)
   the space 12288K,  25% used [0x33980000, 0x33c8e148, 0x33c8e200, 0x34580000)
    ro space 10240K,  42% used [0x37980000, 0x37dbe580, 0x37dbe600, 0x38380000)
    rw space 12288K,  54% used [0x38380000, 0x389ff128, 0x389ff200, 0x38f80000)
}
Event: 367.381 GC heap before
{Heap before GC invocations=637 (full 12):
 def new generation   total 78656K, used 69957K [0x23980000, 0x28ed0000, 0x28ed0000)
  eden space 69952K, 100% used [0x23980000, 0x27dd0000, 0x27dd0000)
  from space 8704K,   0% used [0x27dd0000, 0x27dd14f8, 0x28650000)
  to   space 8704K,   0% used [0x28650000, 0x28650000, 0x28ed0000)
 tenured generation   total 174784K, used 3496K [0x28ed0000, 0x33980000, 0x33980000)
   the space 174784K,   2% used [0x28ed0000, 0x2923a3c0, 0x2923a400, 0x33980000)
 compacting perm gen  total 12288K, used 3128K [0x33980000, 0x34580000, 0x37980000)
   the space 12288K,  25% used [0x33980000, 0x33c8e148, 0x33c8e200, 0x34580000)
    ro space 10240K,  42% used [0x37980000, 0x37dbe580, 0x37dbe600, 0x38380000)
    rw space 12288K,  54% used [0x38380000, 0x389ff128, 0x389ff200, 0x38f80000)
Event: 367.383 GC heap after
Heap after GC invocations=638 (full 12):
 def new generation   total 78656K, used 8K [0x23980000, 0x28ed0000, 0x28ed0000)
  eden space 69952K,   0% used [0x23980000, 0x23980000, 0x27dd0000)
  from space 8704K,   0% used [0x28650000, 0x28652160, 0x28ed0000)
  to   space 8704K,   0% used [0x27dd0000, 0x27dd0000, 0x28650000)
 tenured generation   total 174784K, used 3496K [0x28ed0000, 0x33980000, 0x33980000)
   the space 174784K,   2% used [0x28ed0000, 0x2923a3c0, 0x2923a400, 0x33980000)
 compacting perm gen  total 12288K, used 3128K [0x33980000, 0x34580000, 0x37980000)
   the space 12288K,  25% used [0x33980000, 0x33c8e148, 0x33c8e200, 0x34580000)
    ro space 10240K,  42% used [0x37980000, 0x37dbe580, 0x37dbe600, 0x38380000)
    rw space 12288K,  54% used [0x38380000, 0x389ff128, 0x389ff200, 0x38f80000)
}

