# JRE version: 7.0_05-b05
# Java VM: Java HotSpot(TM) Client VM (23.1-b03 mixed mode, sharing windows-x86 )
Heap
 def new generation   total 78656K, used 59853K [0x23980000, 0x28ed0000, 0x28ed0000)
  eden space 69952K,  87% used [0x23980000, 0x275363c8, 0x27dd0000)
  from space 8704K,   0% used [0x28650000, 0x28654a78, 0x28ed0000)
  to   space 8704K,   0% used [0x27dd0000, 0x27dd0000, 0x28650000)
 tenured generation   total 174784K, used 49488K [0x28ed0000, 0x33980000, 0x33980000)
   the space 174784K,  28% used [0x28ed0000, 0x2bf24258, 0x2bf24400, 0x33980000)
 compacting perm gen  total 12288K, used 2922K [0x33980000, 0x34580000, 0x37980000)
   the space 12288K,  23% used [0x33980000, 0x33c5ab80, 0x33c5ac00, 0x34580000)
    ro space 10240K,  42% used [0x37980000, 0x37dbe580, 0x37dbe600, 0x38380000)
    rw space 12288K,  54% used [0x38380000, 0x389ff128, 0x389ff200, 0x38f80000)
GC Heap History (10 events):
Event: 108.614 GC heap before
{Heap before GC invocations=609 (full 26):
 def new generation   total 78656K, used 69952K [0x23980000, 0x28ed0000, 0x28ed0000)
  eden space 69952K, 100% used [0x23980000, 0x27dd0000, 0x27dd0000)
  from space 8704K,   0% used [0x27dd0000, 0x27dd0318, 0x28650000)
  to   space 8704K,   0% used [0x28650000, 0x28650000, 0x28ed0000)
 tenured generation   total 174784K, used 49488K [0x28ed0000, 0x33980000, 0x33980000)
   the space 174784K,  28% used [0x28ed0000, 0x2bf24258, 0x2bf24400, 0x33980000)
 compacting perm gen  total 12288K, used 2922K [0x33980000, 0x34580000, 0x37980000)
   the space 12288K,  23% used [0x33980000, 0x33c5ab80, 0x33c5ac00, 0x34580000)
    ro space 10240K,  42% used [0x37980000, 0x37dbe580, 0x37dbe600, 0x38380000)
    rw space 12288K,  54% used [0x38380000, 0x389ff128, 0x389ff200, 0x38f80000)
Event: 108.615 GC heap after
Heap after GC invocations=610 (full 26):
 def new generation   total 78656K, used 6K [0x23980000, 0x28ed0000, 0x28ed0000)
  eden space 69952K,   0% used [0x23980000, 0x23980000, 0x27dd0000)
  from space 8704K,   0% used [0x28650000, 0x28651b80, 0x28ed0000)
  to   space 8704K,   0% used [0x27dd0000, 0x27dd0000, 0x28650000)
 tenured generation   total 174784K, used 49488K [0x28ed0000, 0x33980000, 0x33980000)
   the space 174784K,  28% used [0x28ed0000, 0x2bf24258, 0x2bf24400, 0x33980000)
 compacting perm gen  total 12288K, used 2922K [0x33980000, 0x34580000, 0x37980000)
   the space 12288K,  23% used [0x33980000, 0x33c5ab80, 0x33c5ac00, 0x34580000)
    ro space 10240K,  42% used [0x37980000, 0x37dbe580, 0x37dbe600, 0x38380000)
    rw space 12288K,  54% used [0x38380000, 0x389ff128, 0x389ff200, 0x38f80000)
}
Event: 108.647 GC heap before
{Heap before GC invocations=610 (full 26):
 def new generation   total 78656K, used 69958K [0x23980000, 0x28ed0000, 0x28ed0000)
  eden space 69952K, 100% used [0x23980000, 0x27dd0000, 0x27dd0000)
  from space 8704K,   0% used [0x28650000, 0x28651b80, 0x28ed0000)
  to   space 8704K,   0% used [0x27dd0000, 0x27dd0000, 0x28650000)
 tenured generation   total 174784K, used 49488K [0x28ed0000, 0x33980000, 0x33980000)
   the space 174784K,  28% used [0x28ed0000, 0x2bf24258, 0x2bf24400, 0x33980000)
 compacting perm gen  total 12288K, used 2922K [0x33980000, 0x34580000, 0x37980000)
   the space 12288K,  23% used [0x33980000, 0x33c5ab80, 0x33c5ac00, 0x34580000)
    ro space 10240K,  42% used [0x37980000, 0x37dbe580, 0x37dbe600, 0x38380000)
    rw space 12288K,  54% used [0x38380000, 0x389ff128, 0x389ff200, 0x38f80000)
Event: 108.647 GC heap after
Heap after GC invocations=611 (full 26):
 def new generation   total 78656K, used 7K [0x23980000, 0x28ed0000, 0x28ed0000)
  eden space 69952K,   0% used [0x23980000, 0x23980000, 0x27dd0000)
  from space 8704K,   0% used [0x27dd0000, 0x27dd1df8, 0x28650000)
  to   space 8704K,   0% used [0x28650000, 0x28650000, 0x28ed0000)
 tenured generation   total 174784K, used 49488K [0x28ed0000, 0x33980000, 0x33980000)
   the space 174784K,  28% used [0x28ed0000, 0x2bf24258, 0x2bf24400, 0x33980000)
 compacting perm gen  total 12288K, used 2922K [0x33980000, 0x34580000, 0x37980000)
   the space 12288K,  23% used [0x33980000, 0x33c5ab80, 0x33c5ac00, 0x34580000)
    ro space 10240K,  42% used [0x37980000, 0x37dbe580, 0x37dbe600, 0x38380000)
    rw space 12288K,  54% used [0x38380000, 0x389ff128, 0x389ff200, 0x38f80000)
}
Event: 108.675 GC heap before
{Heap before GC invocations=611 (full 26):
 def new generation   total 78656K, used 69959K [0x23980000, 0x28ed0000, 0x28ed0000)
  eden space 69952K, 100% used [0x23980000, 0x27dd0000, 0x27dd0000)
  from space 8704K,   0% used [0x27dd0000, 0x27dd1df8, 0x28650000)
  to   space 8704K,   0% used [0x28650000, 0x28650000, 0x28ed0000)
 tenured generation   total 174784K, used 49488K [0x28ed0000, 0x33980000, 0x33980000)
   the space 174784K,  28% used [0x28ed0000, 0x2bf24258, 0x2bf24400, 0x33980000)
 compacting perm gen  total 12288K, used 2922K [0x33980000, 0x34580000, 0x37980000)
   the space 12288K,  23% used [0x33980000, 0x33c5ab80, 0x33c5ac00, 0x34580000)
    ro space 10240K,  42% used [0x37980000, 0x37dbe580, 0x37dbe600, 0x38380000)
    rw space 12288K,  54% used [0x38380000, 0x389ff128, 0x389ff200, 0x38f80000)
Event: 108.676 GC heap after
Heap after GC invocations=612 (full 26):
 def new generation   total 78656K, used 23K [0x23980000, 0x28ed0000, 0x28ed0000)
  eden space 69952K,   0% used [0x23980000, 0x23980000, 0x27dd0000)
  from space 8704K,   0% used [0x28650000, 0x28655f10, 0x28ed0000)
  to   space 8704K,   0% used [0x27dd0000, 0x27dd0000, 0x28650000)
 tenured generation   total 174784K, used 49488K [0x28ed0000, 0x33980000, 0x33980000)
   the space 174784K,  28% used [0x28ed0000, 0x2bf24258, 0x2bf24400, 0x33980000)
 compacting perm gen  total 12288K, used 2922K [0x33980000, 0x34580000, 0x37980000)
   the space 12288K,  23% used [0x33980000, 0x33c5ab80, 0x33c5ac00, 0x34580000)
    ro space 10240K,  42% used [0x37980000, 0x37dbe580, 0x37dbe600, 0x38380000)
    rw space 12288K,  54% used [0x38380000, 0x389ff128, 0x389ff200, 0x38f80000)
}
Event: 108.704 GC heap before
{Heap before GC invocations=612 (full 26):
 def new generation   total 78656K, used 69975K [0x23980000, 0x28ed0000, 0x28ed0000)
  eden space 69952K, 100% used [0x23980000, 0x27dd0000, 0x27dd0000)
  from space 8704K,   0% used [0x28650000, 0x28655f10, 0x28ed0000)
  to   space 8704K,   0% used [0x27dd0000, 0x27dd0000, 0x28650000)
 tenured generation   total 174784K, used 49488K [0x28ed0000, 0x33980000, 0x33980000)
   the space 174784K,  28% used [0x28ed0000, 0x2bf24258, 0x2bf24400, 0x33980000)
 compacting perm gen  total 12288K, used 2922K [0x33980000, 0x34580000, 0x37980000)
   the space 12288K,  23% used [0x33980000, 0x33c5ab80, 0x33c5ac00, 0x34580000)
    ro space 10240K,  42% used [0x37980000, 0x37dbe580, 0x37dbe600, 0x38380000)
    rw space 12288K,  54% used [0x38380000, 0x389ff128, 0x389ff200, 0x38f80000)
Event: 108.705 GC heap after
Heap after GC invocations=613 (full 26):
 def new generation   total 78656K, used 1K [0x23980000, 0x28ed0000, 0x28ed0000)
  eden space 69952K,   0% used [0x23980000, 0x23980000, 0x27dd0000)
  from space 8704K,   0% used [0x27dd0000, 0x27dd0468, 0x28650000)
  to   space 8704K,   0% used [0x28650000, 0x28650000, 0x28ed0000)
 tenured generation   total 174784K, used 49488K [0x28ed0000, 0x33980000, 0x33980000)
   the space 174784K,  28% used [0x28ed0000, 0x2bf24258, 0x2bf24400, 0x33980000)
 compacting perm gen  total 12288K, used 2922K [0x33980000, 0x34580000, 0x37980000)
   the space 12288K,  23% used [0x33980000, 0x33c5ab80, 0x33c5ac00, 0x34580000)
    ro space 10240K,  42% used [0x37980000, 0x37dbe580, 0x37dbe600, 0x38380000)
    rw space 12288K,  54% used [0x38380000, 0x389ff128, 0x389ff200, 0x38f80000)
}
Event: 108.737 GC heap before
{Heap before GC invocations=613 (full 26):
 def new generation   total 78656K, used 69953K [0x23980000, 0x28ed0000, 0x28ed0000)
  eden space 69952K, 100% used [0x23980000, 0x27dd0000, 0x27dd0000)
  from space 8704K,   0% used [0x27dd0000, 0x27dd0468, 0x28650000)
  to   space 8704K,   0% used [0x28650000, 0x28650000, 0x28ed0000)
 tenured generation   total 174784K, used 49488K [0x28ed0000, 0x33980000, 0x33980000)
   the space 174784K,  28% used [0x28ed0000, 0x2bf24258, 0x2bf24400, 0x33980000)
 compacting perm gen  total 12288K, used 2922K [0x33980000, 0x34580000, 0x37980000)
   the space 12288K,  23% used [0x33980000, 0x33c5ab80, 0x33c5ac00, 0x34580000)
    ro space 10240K,  42% used [0x37980000, 0x37dbe580, 0x37dbe600, 0x38380000)
    rw space 12288K,  54% used [0x38380000, 0x389ff128, 0x389ff200, 0x38f80000)
Event: 108.737 GC heap after
Heap after GC invocations=614 (full 26):
 def new generation   total 78656K, used 18K [0x23980000, 0x28ed0000, 0x28ed0000)
  eden space 69952K,   0% used [0x23980000, 0x23980000, 0x27dd0000)
  from space 8704K,   0% used [0x28650000, 0x28654a78, 0x28ed0000)
  to   space 8704K,   0% used [0x27dd0000, 0x27dd0000, 0x28650000)
 tenured generation   total 174784K, used 49488K [0x28ed0000, 0x33980000, 0x33980000)
   the space 174784K,  28% used [0x28ed0000, 0x2bf24258, 0x2bf24400, 0x33980000)
 compacting perm gen  total 12288K, used 2922K [0x33980000, 0x34580000, 0x37980000)
   the space 12288K,  23% used [0x33980000, 0x33c5ab80, 0x33c5ac00, 0x34580000)
    ro space 10240K,  42% used [0x37980000, 0x37dbe580, 0x37dbe600, 0x38380000)
    rw space 12288K,  54% used [0x38380000, 0x389ff128, 0x389ff200, 0x38f80000)
}

