# JRE version: 7.0_05-b05
# Java VM: Java HotSpot(TM) Client VM (23.1-b03 mixed mode, sharing windows-x86 )
Heap
 def new generation   total 78656K, used 54967K [0x23980000, 0x28ed0000, 0x28ed0000)
  eden space 69952K,  78% used [0x23980000, 0x26f2c8d0, 0x27dd0000)
  from space 8704K,   0% used [0x27dd0000, 0x27dd1410, 0x28650000)
  to   space 8704K,   0% used [0x28650000, 0x28650000, 0x28ed0000)
 tenured generation   total 174784K, used 15210K [0x28ed0000, 0x33980000, 0x33980000)
   the space 174784K,   8% used [0x28ed0000, 0x29daa978, 0x29daaa00, 0x33980000)
 compacting perm gen  total 12288K, used 3125K [0x33980000, 0x34580000, 0x37980000)
   the space 12288K,  25% used [0x33980000, 0x33c8d518, 0x33c8d600, 0x34580000)
    ro space 10240K,  42% used [0x37980000, 0x37dbe580, 0x37dbe600, 0x38380000)
    rw space 12288K,  54% used [0x38380000, 0x389ff128, 0x389ff200, 0x38f80000)
GC Heap History (10 events):
Event: 124.902 GC heap before
{Heap before GC invocations=914 (full 20):
 def new generation   total 78656K, used 69952K [0x23980000, 0x28ed0000, 0x28ed0000)
  eden space 69952K, 100% used [0x23980000, 0x27dd0000, 0x27dd0000)
  from space 8704K,   0% used [0x27dd0000, 0x27dd02f8, 0x28650000)
  to   space 8704K,   0% used [0x28650000, 0x28650000, 0x28ed0000)
 tenured generation   total 174784K, used 15210K [0x28ed0000, 0x33980000, 0x33980000)
   the space 174784K,   8% used [0x28ed0000, 0x29daa978, 0x29daaa00, 0x33980000)
 compacting perm gen  total 12288K, used 3122K [0x33980000, 0x34580000, 0x37980000)
   the space 12288K,  25% used [0x33980000, 0x33c8cbe8, 0x33c8cc00, 0x34580000)
    ro space 10240K,  42% used [0x37980000, 0x37dbe580, 0x37dbe600, 0x38380000)
    rw space 12288K,  54% used [0x38380000, 0x389ff128, 0x389ff200, 0x38f80000)
Event: 124.902 GC heap after
Heap after GC invocations=915 (full 20):
 def new generation   total 78656K, used 0K [0x23980000, 0x28ed0000, 0x28ed0000)
  eden space 69952K,   0% used [0x23980000, 0x23980000, 0x27dd0000)
  from space 8704K,   0% used [0x28650000, 0x286502a8, 0x28ed0000)
  to   space 8704K,   0% used [0x27dd0000, 0x27dd0000, 0x28650000)
 tenured generation   total 174784K, used 15210K [0x28ed0000, 0x33980000, 0x33980000)
   the space 174784K,   8% used [0x28ed0000, 0x29daa978, 0x29daaa00, 0x33980000)
 compacting perm gen  total 12288K, used 3122K [0x33980000, 0x34580000, 0x37980000)
   the space 12288K,  25% used [0x33980000, 0x33c8cbe8, 0x33c8cc00, 0x34580000)
    ro space 10240K,  42% used [0x37980000, 0x37dbe580, 0x37dbe600, 0x38380000)
    rw space 12288K,  54% used [0x38380000, 0x389ff128, 0x389ff200, 0x38f80000)
}
Event: 124.932 GC heap before
{Heap before GC invocations=915 (full 20):
 def new generation   total 78656K, used 69952K [0x23980000, 0x28ed0000, 0x28ed0000)
  eden space 69952K, 100% used [0x23980000, 0x27dd0000, 0x27dd0000)
  from space 8704K,   0% used [0x28650000, 0x286502a8, 0x28ed0000)
  to   space 8704K,   0% used [0x27dd0000, 0x27dd0000, 0x28650000)
 tenured generation   total 174784K, used 15210K [0x28ed0000, 0x33980000, 0x33980000)
   the space 174784K,   8% used [0x28ed0000, 0x29daa978, 0x29daaa00, 0x33980000)
 compacting perm gen  total 12288K, used 3122K [0x33980000, 0x34580000, 0x37980000)
   the space 12288K,  25% used [0x33980000, 0x33c8cbe8, 0x33c8cc00, 0x34580000)
    ro space 10240K,  42% used [0x37980000, 0x37dbe580, 0x37dbe600, 0x38380000)
    rw space 12288K,  54% used [0x38380000, 0x389ff128, 0x389ff200, 0x38f80000)
Event: 124.933 GC heap after
Heap after GC invocations=916 (full 20):
 def new generation   total 78656K, used 0K [0x23980000, 0x28ed0000, 0x28ed0000)
  eden space 69952K,   0% used [0x23980000, 0x23980000, 0x27dd0000)
  from space 8704K,   0% used [0x27dd0000, 0x27dd02a8, 0x28650000)
  to   space 8704K,   0% used [0x28650000, 0x28650000, 0x28ed0000)
 tenured generation   total 174784K, used 15210K [0x28ed0000, 0x33980000, 0x33980000)
   the space 174784K,   8% used [0x28ed0000, 0x29daa978, 0x29daaa00, 0x33980000)
 compacting perm gen  total 12288K, used 3122K [0x33980000, 0x34580000, 0x37980000)
   the space 12288K,  25% used [0x33980000, 0x33c8cbe8, 0x33c8cc00, 0x34580000)
    ro space 10240K,  42% used [0x37980000, 0x37dbe580, 0x37dbe600, 0x38380000)
    rw space 12288K,  54% used [0x38380000, 0x389ff128, 0x389ff200, 0x38f80000)
}
Event: 124.959 GC heap before
{Heap before GC invocations=916 (full 20):
 def new generation   total 78656K, used 69952K [0x23980000, 0x28ed0000, 0x28ed0000)
  eden space 69952K, 100% used [0x23980000, 0x27dd0000, 0x27dd0000)
  from space 8704K,   0% used [0x27dd0000, 0x27dd02a8, 0x28650000)
  to   space 8704K,   0% used [0x28650000, 0x28650000, 0x28ed0000)
 tenured generation   total 174784K, used 15210K [0x28ed0000, 0x33980000, 0x33980000)
   the space 174784K,   8% used [0x28ed0000, 0x29daa978, 0x29daaa00, 0x33980000)
 compacting perm gen  total 12288K, used 3122K [0x33980000, 0x34580000, 0x37980000)
   the space 12288K,  25% used [0x33980000, 0x33c8cbe8, 0x33c8cc00, 0x34580000)
    ro space 10240K,  42% used [0x37980000, 0x37dbe580, 0x37dbe600, 0x38380000)
    rw space 12288K,  54% used [0x38380000, 0x389ff128, 0x389ff200, 0x38f80000)
Event: 124.960 GC heap after
Heap after GC invocations=917 (full 20):
 def new generation   total 78656K, used 1K [0x23980000, 0x28ed0000, 0x28ed0000)
  eden space 69952K,   0% used [0x23980000, 0x23980000, 0x27dd0000)
  from space 8704K,   0% used [0x28650000, 0x286504d0, 0x28ed0000)
  to   space 8704K,   0% used [0x27dd0000, 0x27dd0000, 0x28650000)
 tenured generation   total 174784K, used 15210K [0x28ed0000, 0x33980000, 0x33980000)
   the space 174784K,   8% used [0x28ed0000, 0x29daa978, 0x29daaa00, 0x33980000)
 compacting perm gen  total 12288K, used 3122K [0x33980000, 0x34580000, 0x37980000)
   the space 12288K,  25% used [0x33980000, 0x33c8cbe8, 0x33c8cc00, 0x34580000)
    ro space 10240K,  42% used [0x37980000, 0x37dbe580, 0x37dbe600, 0x38380000)
    rw space 12288K,  54% used [0x38380000, 0x389ff128, 0x389ff200, 0x38f80000)
}
Event: 124.988 GC heap before
{Heap before GC invocations=917 (full 20):
 def new generation   total 78656K, used 69953K [0x23980000, 0x28ed0000, 0x28ed0000)
  eden space 69952K, 100% used [0x23980000, 0x27dd0000, 0x27dd0000)
  from space 8704K,   0% used [0x28650000, 0x286504d0, 0x28ed0000)
  to   space 8704K,   0% used [0x27dd0000, 0x27dd0000, 0x28650000)
 tenured generation   total 174784K, used 15210K [0x28ed0000, 0x33980000, 0x33980000)
   the space 174784K,   8% used [0x28ed0000, 0x29daa978, 0x29daaa00, 0x33980000)
 compacting perm gen  total 12288K, used 3122K [0x33980000, 0x34580000, 0x37980000)
   the space 12288K,  25% used [0x33980000, 0x33c8cbe8, 0x33c8cc00, 0x34580000)
    ro space 10240K,  42% used [0x37980000, 0x37dbe580, 0x37dbe600, 0x38380000)
    rw space 12288K,  54% used [0x38380000, 0x389ff128, 0x389ff200, 0x38f80000)
Event: 124.988 GC heap after
Heap after GC invocations=918 (full 20):
 def new generation   total 78656K, used 1K [0x23980000, 0x28ed0000, 0x28ed0000)
  eden space 69952K,   0% used [0x23980000, 0x23980000, 0x27dd0000)
  from space 8704K,   0% used [0x27dd0000, 0x27dd04d0, 0x28650000)
  to   space 8704K,   0% used [0x28650000, 0x28650000, 0x28ed0000)
 tenured generation   total 174784K, used 15210K [0x28ed0000, 0x33980000, 0x33980000)
   the space 174784K,   8% used [0x28ed0000, 0x29daa978, 0x29daaa00, 0x33980000)
 compacting perm gen  total 12288K, used 3122K [0x33980000, 0x34580000, 0x37980000)
   the space 12288K,  25% used [0x33980000, 0x33c8cbe8, 0x33c8cc00, 0x34580000)
    ro space 10240K,  42% used [0x37980000, 0x37dbe580, 0x37dbe600, 0x38380000)
    rw space 12288K,  54% used [0x38380000, 0x389ff128, 0x389ff200, 0x38f80000)
}
Event: 125.016 GC heap before
{Heap before GC invocations=918 (full 20):
 def new generation   total 78656K, used 69953K [0x23980000, 0x28ed0000, 0x28ed0000)
  eden space 69952K, 100% used [0x23980000, 0x27dd0000, 0x27dd0000)
  from space 8704K,   0% used [0x27dd0000, 0x27dd04d0, 0x28650000)
  to   space 8704K,   0% used [0x28650000, 0x28650000, 0x28ed0000)
 tenured generation   total 174784K, used 15210K [0x28ed0000, 0x33980000, 0x33980000)
   the space 174784K,   8% used [0x28ed0000, 0x29daa978, 0x29daaa00, 0x33980000)
 compacting perm gen  total 12288K, used 3122K [0x33980000, 0x34580000, 0x37980000)
   the space 12288K,  25% used [0x33980000, 0x33c8cbe8, 0x33c8cc00, 0x34580000)
    ro space 10240K,  42% used [0x37980000, 0x37dbe580, 0x37dbe600, 0x38380000)
    rw space 12288K,  54% used [0x38380000, 0x389ff128, 0x389ff200, 0x38f80000)
Event: 125.016 GC heap after
Heap after GC invocations=919 (full 20):
 def new generation   total 78656K, used 8K [0x23980000, 0x28ed0000, 0x28ed0000)
  eden space 69952K,   0% used [0x23980000, 0x23980000, 0x27dd0000)
  from space 8704K,   0% used [0x28650000, 0x28652130, 0x28ed0000)
  to   space 8704K,   0% used [0x27dd0000, 0x27dd0000, 0x28650000)
 tenured generation   total 174784K, used 15210K [0x28ed0000, 0x33980000, 0x33980000)
   the space 174784K,   8% used [0x28ed0000, 0x29daa978, 0x29daaa00, 0x33980000)
 compacting perm gen  total 12288K, used 3122K [0x33980000, 0x34580000, 0x37980000)
   the space 12288K,  25% used [0x33980000, 0x33c8cbe8, 0x33c8cc00, 0x34580000)
    ro space 10240K,  42% used [0x37980000, 0x37dbe580, 0x37dbe600, 0x38380000)
    rw space 12288K,  54% used [0x38380000, 0x389ff128, 0x389ff200, 0x38f80000)
}

