# JRE version: 7.0_05-b05
# Java VM: Java HotSpot(TM) Client VM (23.1-b03 mixed mode, sharing windows-x86 )
Heap
 def new generation   total 37888K, used 19250K [0x23980000, 0x26290000, 0x28ed0000)
  eden space 33728K,  57% used [0x23980000, 0x24c4c4a8, 0x25a70000)
  from space 4160K,   0% used [0x25e80000, 0x25e80360, 0x26290000)
  to   space 4160K,   0% used [0x25a70000, 0x25a70000, 0x25e80000)
 tenured generation   total 84048K, used 80662K [0x28ed0000, 0x2e0e4000, 0x33980000)
   the space 84048K,  95% used [0x28ed0000, 0x2dd959b8, 0x2dd95a00, 0x2e0e4000)
 compacting perm gen  total 12288K, used 2916K [0x33980000, 0x34580000, 0x37980000)
   the space 12288K,  23% used [0x33980000, 0x33c59200, 0x33c59200, 0x34580000)
    ro space 10240K,  42% used [0x37980000, 0x37dbe580, 0x37dbe600, 0x38380000)
    rw space 12288K,  54% used [0x38380000, 0x389ff128, 0x389ff200, 0x38f80000)
GC Heap History (10 events):
Event: 48.367 GC heap before
{Heap before GC invocations=986 (full 8):
 def new generation   total 37888K, used 33729K [0x23980000, 0x26290000, 0x28ed0000)
  eden space 33728K, 100% used [0x23980000, 0x25a70000, 0x25a70000)
  from space 4160K,   0% used [0x25a70000, 0x25a704b0, 0x25e80000)
  to   space 4160K,   0% used [0x25e80000, 0x25e80000, 0x26290000)
 tenured generation   total 84048K, used 80662K [0x28ed0000, 0x2e0e4000, 0x33980000)
   the space 84048K,  95% used [0x28ed0000, 0x2dd959b8, 0x2dd95a00, 0x2e0e4000)
 compacting perm gen  total 12288K, used 2916K [0x33980000, 0x34580000, 0x37980000)
   the space 12288K,  23% used [0x33980000, 0x33c59200, 0x33c59200, 0x34580000)
    ro space 10240K,  42% used [0x37980000, 0x37dbe580, 0x37dbe600, 0x38380000)
    rw space 12288K,  54% used [0x38380000, 0x389ff128, 0x389ff200, 0x38f80000)
Event: 48.367 GC heap after
Heap after GC invocations=987 (full 8):
 def new generation   total 37888K, used 4K [0x23980000, 0x26290000, 0x28ed0000)
  eden space 33728K,   0% used [0x23980000, 0x23980000, 0x25a70000)
  from space 4160K,   0% used [0x25e80000, 0x25e811a0, 0x26290000)
  to   space 4160K,   0% used [0x25a70000, 0x25a70000, 0x25e80000)
 tenured generation   total 84048K, used 80662K [0x28ed0000, 0x2e0e4000, 0x33980000)
   the space 84048K,  95% used [0x28ed0000, 0x2dd959b8, 0x2dd95a00, 0x2e0e4000)
 compacting perm gen  total 12288K, used 2916K [0x33980000, 0x34580000, 0x37980000)
   the space 12288K,  23% used [0x33980000, 0x33c59200, 0x33c59200, 0x34580000)
    ro space 10240K,  42% used [0x37980000, 0x37dbe580, 0x37dbe600, 0x38380000)
    rw space 12288K,  54% used [0x38380000, 0x389ff128, 0x389ff200, 0x38f80000)
}
Event: 48.381 GC heap before
{Heap before GC invocations=987 (full 8):
 def new generation   total 37888K, used 33732K [0x23980000, 0x26290000, 0x28ed0000)
  eden space 33728K, 100% used [0x23980000, 0x25a70000, 0x25a70000)
  from space 4160K,   0% used [0x25e80000, 0x25e811a0, 0x26290000)
  to   space 4160K,   0% used [0x25a70000, 0x25a70000, 0x25e80000)
 tenured generation   total 84048K, used 80662K [0x28ed0000, 0x2e0e4000, 0x33980000)
   the space 84048K,  95% used [0x28ed0000, 0x2dd959b8, 0x2dd95a00, 0x2e0e4000)
 compacting perm gen  total 12288K, used 2916K [0x33980000, 0x34580000, 0x37980000)
   the space 12288K,  23% used [0x33980000, 0x33c59200, 0x33c59200, 0x34580000)
    ro space 10240K,  42% used [0x37980000, 0x37dbe580, 0x37dbe600, 0x38380000)
    rw space 12288K,  54% used [0x38380000, 0x389ff128, 0x389ff200, 0x38f80000)
Event: 48.382 GC heap after
Heap after GC invocations=988 (full 8):
 def new generation   total 37888K, used 1K [0x23980000, 0x26290000, 0x28ed0000)
  eden space 33728K,   0% used [0x23980000, 0x23980000, 0x25a70000)
  from space 4160K,   0% used [0x25a70000, 0x25a704b0, 0x25e80000)
  to   space 4160K,   0% used [0x25e80000, 0x25e80000, 0x26290000)
 tenured generation   total 84048K, used 80662K [0x28ed0000, 0x2e0e4000, 0x33980000)
   the space 84048K,  95% used [0x28ed0000, 0x2dd959b8, 0x2dd95a00, 0x2e0e4000)
 compacting perm gen  total 12288K, used 2916K [0x33980000, 0x34580000, 0x37980000)
   the space 12288K,  23% used [0x33980000, 0x33c59200, 0x33c59200, 0x34580000)
    ro space 10240K,  42% used [0x37980000, 0x37dbe580, 0x37dbe600, 0x38380000)
    rw space 12288K,  54% used [0x38380000, 0x389ff128, 0x389ff200, 0x38f80000)
}
Event: 48.396 GC heap before
{Heap before GC invocations=988 (full 8):
 def new generation   total 37888K, used 33729K [0x23980000, 0x26290000, 0x28ed0000)
  eden space 33728K, 100% used [0x23980000, 0x25a70000, 0x25a70000)
  from space 4160K,   0% used [0x25a70000, 0x25a704b0, 0x25e80000)
  to   space 4160K,   0% used [0x25e80000, 0x25e80000, 0x26290000)
 tenured generation   total 84048K, used 80662K [0x28ed0000, 0x2e0e4000, 0x33980000)
   the space 84048K,  95% used [0x28ed0000, 0x2dd959b8, 0x2dd95a00, 0x2e0e4000)
 compacting perm gen  total 12288K, used 2916K [0x33980000, 0x34580000, 0x37980000)
   the space 12288K,  23% used [0x33980000, 0x33c59200, 0x33c59200, 0x34580000)
    ro space 10240K,  42% used [0x37980000, 0x37dbe580, 0x37dbe600, 0x38380000)
    rw space 12288K,  54% used [0x38380000, 0x389ff128, 0x389ff200, 0x38f80000)
Event: 48.397 GC heap after
Heap after GC invocations=989 (full 8):
 def new generation   total 37888K, used 0K [0x23980000, 0x26290000, 0x28ed0000)
  eden space 33728K,   0% used [0x23980000, 0x23980000, 0x25a70000)
  from space 4160K,   0% used [0x25e80000, 0x25e803a0, 0x26290000)
  to   space 4160K,   0% used [0x25a70000, 0x25a70000, 0x25e80000)
 tenured generation   total 84048K, used 80662K [0x28ed0000, 0x2e0e4000, 0x33980000)
   the space 84048K,  95% used [0x28ed0000, 0x2dd959b8, 0x2dd95a00, 0x2e0e4000)
 compacting perm gen  total 12288K, used 2916K [0x33980000, 0x34580000, 0x37980000)
   the space 12288K,  23% used [0x33980000, 0x33c59200, 0x33c59200, 0x34580000)
    ro space 10240K,  42% used [0x37980000, 0x37dbe580, 0x37dbe600, 0x38380000)
    rw space 12288K,  54% used [0x38380000, 0x389ff128, 0x389ff200, 0x38f80000)
}
Event: 48.410 GC heap before
{Heap before GC invocations=989 (full 8):
 def new generation   total 37888K, used 33728K [0x23980000, 0x26290000, 0x28ed0000)
  eden space 33728K, 100% used [0x23980000, 0x25a70000, 0x25a70000)
  from space 4160K,   0% used [0x25e80000, 0x25e803a0, 0x26290000)
  to   space 4160K,   0% used [0x25a70000, 0x25a70000, 0x25e80000)
 tenured generation   total 84048K, used 80662K [0x28ed0000, 0x2e0e4000, 0x33980000)
   the space 84048K,  95% used [0x28ed0000, 0x2dd959b8, 0x2dd95a00, 0x2e0e4000)
 compacting perm gen  total 12288K, used 2916K [0x33980000, 0x34580000, 0x37980000)
   the space 12288K,  23% used [0x33980000, 0x33c59200, 0x33c59200, 0x34580000)
    ro space 10240K,  42% used [0x37980000, 0x37dbe580, 0x37dbe600, 0x38380000)
    rw space 12288K,  54% used [0x38380000, 0x389ff128, 0x389ff200, 0x38f80000)
Event: 48.410 GC heap after
Heap after GC invocations=990 (full 8):
 def new generation   total 37888K, used 10K [0x23980000, 0x26290000, 0x28ed0000)
  eden space 33728K,   0% used [0x23980000, 0x23980000, 0x25a70000)
  from space 4160K,   0% used [0x25a70000, 0x25a728a8, 0x25e80000)
  to   space 4160K,   0% used [0x25e80000, 0x25e80000, 0x26290000)
 tenured generation   total 84048K, used 80662K [0x28ed0000, 0x2e0e4000, 0x33980000)
   the space 84048K,  95% used [0x28ed0000, 0x2dd959b8, 0x2dd95a00, 0x2e0e4000)
 compacting perm gen  total 12288K, used 2916K [0x33980000, 0x34580000, 0x37980000)
   the space 12288K,  23% used [0x33980000, 0x33c59200, 0x33c59200, 0x34580000)
    ro space 10240K,  42% used [0x37980000, 0x37dbe580, 0x37dbe600, 0x38380000)
    rw space 12288K,  54% used [0x38380000, 0x389ff128, 0x389ff200, 0x38f80000)
}
Event: 48.424 GC heap before
{Heap before GC invocations=990 (full 8):
 def new generation   total 37888K, used 33738K [0x23980000, 0x26290000, 0x28ed0000)
  eden space 33728K, 100% used [0x23980000, 0x25a70000, 0x25a70000)
  from space 4160K,   0% used [0x25a70000, 0x25a728a8, 0x25e80000)
  to   space 4160K,   0% used [0x25e80000, 0x25e80000, 0x26290000)
 tenured generation   total 84048K, used 80662K [0x28ed0000, 0x2e0e4000, 0x33980000)
   the space 84048K,  95% used [0x28ed0000, 0x2dd959b8, 0x2dd95a00, 0x2e0e4000)
 compacting perm gen  total 12288K, used 2916K [0x33980000, 0x34580000, 0x37980000)
   the space 12288K,  23% used [0x33980000, 0x33c59200, 0x33c59200, 0x34580000)
    ro space 10240K,  42% used [0x37980000, 0x37dbe580, 0x37dbe600, 0x38380000)
    rw space 12288K,  54% used [0x38380000, 0x389ff128, 0x389ff200, 0x38f80000)
Event: 48.424 GC heap after
Heap after GC invocations=991 (full 8):
 def new generation   total 37888K, used 1K [0x23980000, 0x26290000, 0x28ed0000)
  eden space 33728K,   0% used [0x23980000, 0x23980000, 0x25a70000)
  from space 4160K,   0% used [0x25e80000, 0x25e80420, 0x26290000)
  to   space 4160K,   0% used [0x25a70000, 0x25a70000, 0x25e80000)
 tenured generation   total 84048K, used 80662K [0x28ed0000, 0x2e0e4000, 0x33980000)
   the space 84048K,  95% used [0x28ed0000, 0x2dd959b8, 0x2dd95a00, 0x2e0e4000)
 compacting perm gen  total 12288K, used 2916K [0x33980000, 0x34580000, 0x37980000)
   the space 12288K,  23% used [0x33980000, 0x33c59200, 0x33c59200, 0x34580000)
    ro space 10240K,  42% used [0x37980000, 0x37dbe580, 0x37dbe600, 0x38380000)
    rw space 12288K,  54% used [0x38380000, 0x389ff128, 0x389ff200, 0x38f80000)
}

