# JRE version: 7.0_05-b05
# Java VM: Java HotSpot(TM) Client VM (23.1-b03 mixed mode, sharing windows-x86 )
Heap
 def new generation   total 78656K, used 13944K [0x23980000, 0x28ed0000, 0x28ed0000)
  eden space 69952K,  19% used [0x23980000, 0x2471cf90, 0x27dd0000)
  from space 8704K,   0% used [0x27dd0000, 0x27dd1458, 0x28650000)
  to   space 8704K,   0% used [0x28650000, 0x28650000, 0x28ed0000)
 tenured generation   total 174784K, used 105061K [0x28ed0000, 0x33980000, 0x33980000)
   the space 174784K,  60% used [0x28ed0000, 0x2f569498, 0x2f569600, 0x33980000)
 compacting perm gen  total 12288K, used 2918K [0x33980000, 0x34580000, 0x37980000)
   the space 12288K,  23% used [0x33980000, 0x33c59ba0, 0x33c59c00, 0x34580000)
    ro space 10240K,  42% used [0x37980000, 0x37dbe580, 0x37dbe600, 0x38380000)
    rw space 12288K,  54% used [0x38380000, 0x389ff128, 0x389ff200, 0x38f80000)
GC Heap History (10 events):
Event: 58.253 GC heap before
{Heap before GC invocations=1080 (full 15):
 def new generation   total 78656K, used 69952K [0x23980000, 0x28ed0000, 0x28ed0000)
  eden space 69952K, 100% used [0x23980000, 0x27dd0000, 0x27dd0000)
  from space 8704K,   0% used [0x27dd0000, 0x27dd02d8, 0x28650000)
  to   space 8704K,   0% used [0x28650000, 0x28650000, 0x28ed0000)
 tenured generation   total 174784K, used 105061K [0x28ed0000, 0x33980000, 0x33980000)
   the space 174784K,  60% used [0x28ed0000, 0x2f569498, 0x2f569600, 0x33980000)
 compacting perm gen  total 12288K, used 2916K [0x33980000, 0x34580000, 0x37980000)
   the space 12288K,  23% used [0x33980000, 0x33c59270, 0x33c59400, 0x34580000)
    ro space 10240K,  42% used [0x37980000, 0x37dbe580, 0x37dbe600, 0x38380000)
    rw space 12288K,  54% used [0x38380000, 0x389ff128, 0x389ff200, 0x38f80000)
Event: 58.253 GC heap after
Heap after GC invocations=1081 (full 15):
 def new generation   total 78656K, used 0K [0x23980000, 0x28ed0000, 0x28ed0000)
  eden space 69952K,   0% used [0x23980000, 0x23980000, 0x27dd0000)
  from space 8704K,   0% used [0x28650000, 0x286503c8, 0x28ed0000)
  to   space 8704K,   0% used [0x27dd0000, 0x27dd0000, 0x28650000)
 tenured generation   total 174784K, used 105061K [0x28ed0000, 0x33980000, 0x33980000)
   the space 174784K,  60% used [0x28ed0000, 0x2f569498, 0x2f569600, 0x33980000)
 compacting perm gen  total 12288K, used 2916K [0x33980000, 0x34580000, 0x37980000)
   the space 12288K,  23% used [0x33980000, 0x33c59270, 0x33c59400, 0x34580000)
    ro space 10240K,  42% used [0x37980000, 0x37dbe580, 0x37dbe600, 0x38380000)
    rw space 12288K,  54% used [0x38380000, 0x389ff128, 0x389ff200, 0x38f80000)
}
Event: 58.280 GC heap before
{Heap before GC invocations=1081 (full 15):
 def new generation   total 78656K, used 69952K [0x23980000, 0x28ed0000, 0x28ed0000)
  eden space 69952K, 100% used [0x23980000, 0x27dd0000, 0x27dd0000)
  from space 8704K,   0% used [0x28650000, 0x286503c8, 0x28ed0000)
  to   space 8704K,   0% used [0x27dd0000, 0x27dd0000, 0x28650000)
 tenured generation   total 174784K, used 105061K [0x28ed0000, 0x33980000, 0x33980000)
   the space 174784K,  60% used [0x28ed0000, 0x2f569498, 0x2f569600, 0x33980000)
 compacting perm gen  total 12288K, used 2916K [0x33980000, 0x34580000, 0x37980000)
   the space 12288K,  23% used [0x33980000, 0x33c59270, 0x33c59400, 0x34580000)
    ro space 10240K,  42% used [0x37980000, 0x37dbe580, 0x37dbe600, 0x38380000)
    rw space 12288K,  54% used [0x38380000, 0x389ff128, 0x389ff200, 0x38f80000)
Event: 58.280 GC heap after
Heap after GC invocations=1082 (full 15):
 def new generation   total 78656K, used 0K [0x23980000, 0x28ed0000, 0x28ed0000)
  eden space 69952K,   0% used [0x23980000, 0x23980000, 0x27dd0000)
  from space 8704K,   0% used [0x27dd0000, 0x27dd0328, 0x28650000)
  to   space 8704K,   0% used [0x28650000, 0x28650000, 0x28ed0000)
 tenured generation   total 174784K, used 105061K [0x28ed0000, 0x33980000, 0x33980000)
   the space 174784K,  60% used [0x28ed0000, 0x2f569498, 0x2f569600, 0x33980000)
 compacting perm gen  total 12288K, used 2916K [0x33980000, 0x34580000, 0x37980000)
   the space 12288K,  23% used [0x33980000, 0x33c59270, 0x33c59400, 0x34580000)
    ro space 10240K,  42% used [0x37980000, 0x37dbe580, 0x37dbe600, 0x38380000)
    rw space 12288K,  54% used [0x38380000, 0x389ff128, 0x389ff200, 0x38f80000)
}
Event: 58.306 GC heap before
{Heap before GC invocations=1082 (full 15):
 def new generation   total 78656K, used 69952K [0x23980000, 0x28ed0000, 0x28ed0000)
  eden space 69952K, 100% used [0x23980000, 0x27dd0000, 0x27dd0000)
  from space 8704K,   0% used [0x27dd0000, 0x27dd0328, 0x28650000)
  to   space 8704K,   0% used [0x28650000, 0x28650000, 0x28ed0000)
 tenured generation   total 174784K, used 105061K [0x28ed0000, 0x33980000, 0x33980000)
   the space 174784K,  60% used [0x28ed0000, 0x2f569498, 0x2f569600, 0x33980000)
 compacting perm gen  total 12288K, used 2916K [0x33980000, 0x34580000, 0x37980000)
   the space 12288K,  23% used [0x33980000, 0x33c59270, 0x33c59400, 0x34580000)
    ro space 10240K,  42% used [0x37980000, 0x37dbe580, 0x37dbe600, 0x38380000)
    rw space 12288K,  54% used [0x38380000, 0x389ff128, 0x389ff200, 0x38f80000)
Event: 58.307 GC heap after
Heap after GC invocations=1083 (full 15):
 def new generation   total 78656K, used 1K [0x23980000, 0x28ed0000, 0x28ed0000)
  eden space 69952K,   0% used [0x23980000, 0x23980000, 0x27dd0000)
  from space 8704K,   0% used [0x28650000, 0x28650478, 0x28ed0000)
  to   space 8704K,   0% used [0x27dd0000, 0x27dd0000, 0x28650000)
 tenured generation   total 174784K, used 105061K [0x28ed0000, 0x33980000, 0x33980000)
   the space 174784K,  60% used [0x28ed0000, 0x2f569498, 0x2f569600, 0x33980000)
 compacting perm gen  total 12288K, used 2916K [0x33980000, 0x34580000, 0x37980000)
   the space 12288K,  23% used [0x33980000, 0x33c59270, 0x33c59400, 0x34580000)
    ro space 10240K,  42% used [0x37980000, 0x37dbe580, 0x37dbe600, 0x38380000)
    rw space 12288K,  54% used [0x38380000, 0x389ff128, 0x389ff200, 0x38f80000)
}
Event: 58.335 GC heap before
{Heap before GC invocations=1083 (full 15):
 def new generation   total 78656K, used 69953K [0x23980000, 0x28ed0000, 0x28ed0000)
  eden space 69952K, 100% used [0x23980000, 0x27dd0000, 0x27dd0000)
  from space 8704K,   0% used [0x28650000, 0x28650478, 0x28ed0000)
  to   space 8704K,   0% used [0x27dd0000, 0x27dd0000, 0x28650000)
 tenured generation   total 174784K, used 105061K [0x28ed0000, 0x33980000, 0x33980000)
   the space 174784K,  60% used [0x28ed0000, 0x2f569498, 0x2f569600, 0x33980000)
 compacting perm gen  total 12288K, used 2916K [0x33980000, 0x34580000, 0x37980000)
   the space 12288K,  23% used [0x33980000, 0x33c59270, 0x33c59400, 0x34580000)
    ro space 10240K,  42% used [0x37980000, 0x37dbe580, 0x37dbe600, 0x38380000)
    rw space 12288K,  54% used [0x38380000, 0x389ff128, 0x389ff200, 0x38f80000)
Event: 58.336 GC heap after
Heap after GC invocations=1084 (full 15):
 def new generation   total 78656K, used 1K [0x23980000, 0x28ed0000, 0x28ed0000)
  eden space 69952K,   0% used [0x23980000, 0x23980000, 0x27dd0000)
  from space 8704K,   0% used [0x27dd0000, 0x27dd0748, 0x28650000)
  to   space 8704K,   0% used [0x28650000, 0x28650000, 0x28ed0000)
 tenured generation   total 174784K, used 105061K [0x28ed0000, 0x33980000, 0x33980000)
   the space 174784K,  60% used [0x28ed0000, 0x2f569498, 0x2f569600, 0x33980000)
 compacting perm gen  total 12288K, used 2916K [0x33980000, 0x34580000, 0x37980000)
   the space 12288K,  23% used [0x33980000, 0x33c59270, 0x33c59400, 0x34580000)
    ro space 10240K,  42% used [0x37980000, 0x37dbe580, 0x37dbe600, 0x38380000)
    rw space 12288K,  54% used [0x38380000, 0x389ff128, 0x389ff200, 0x38f80000)
}
Event: 58.364 GC heap before
{Heap before GC invocations=1084 (full 15):
 def new generation   total 78656K, used 69953K [0x23980000, 0x28ed0000, 0x28ed0000)
  eden space 69952K, 100% used [0x23980000, 0x27dd0000, 0x27dd0000)
  from space 8704K,   0% used [0x27dd0000, 0x27dd0748, 0x28650000)
  to   space 8704K,   0% used [0x28650000, 0x28650000, 0x28ed0000)
 tenured generation   total 174784K, used 105061K [0x28ed0000, 0x33980000, 0x33980000)
   the space 174784K,  60% used [0x28ed0000, 0x2f569498, 0x2f569600, 0x33980000)
 compacting perm gen  total 12288K, used 2916K [0x33980000, 0x34580000, 0x37980000)
   the space 12288K,  23% used [0x33980000, 0x33c59270, 0x33c59400, 0x34580000)
    ro space 10240K,  42% used [0x37980000, 0x37dbe580, 0x37dbe600, 0x38380000)
    rw space 12288K,  54% used [0x38380000, 0x389ff128, 0x389ff200, 0x38f80000)
Event: 58.364 GC heap after
Heap after GC invocations=1085 (full 15):
 def new generation   total 78656K, used 1K [0x23980000, 0x28ed0000, 0x28ed0000)
  eden space 69952K,   0% used [0x23980000, 0x23980000, 0x27dd0000)
  from space 8704K,   0% used [0x28650000, 0x28650408, 0x28ed0000)
  to   space 8704K,   0% used [0x27dd0000, 0x27dd0000, 0x28650000)
 tenured generation   total 174784K, used 105061K [0x28ed0000, 0x33980000, 0x33980000)
   the space 174784K,  60% used [0x28ed0000, 0x2f569498, 0x2f569600, 0x33980000)
 compacting perm gen  total 12288K, used 2916K [0x33980000, 0x34580000, 0x37980000)
   the space 12288K,  23% used [0x33980000, 0x33c59270, 0x33c59400, 0x34580000)
    ro space 10240K,  42% used [0x37980000, 0x37dbe580, 0x37dbe600, 0x38380000)
    rw space 12288K,  54% used [0x38380000, 0x389ff128, 0x389ff200, 0x38f80000)
}

