# JRE version: 7.0_05-b05
# Java VM: Java HotSpot(TM) Client VM (23.1-b03 mixed mode, sharing windows-x86 )
Heap
 def new generation   total 78656K, used 68628K [0x23980000, 0x28ed0000, 0x28ed0000)
  eden space 69952K,  96% used [0x23980000, 0x27b796e8, 0x27dd0000)
  from space 8704K,  12% used [0x28650000, 0x2875bc78, 0x28ed0000)
  to   space 8704K,   0% used [0x27dd0000, 0x27dd0000, 0x28650000)
 tenured generation   total 174784K, used 7438K [0x28ed0000, 0x33980000, 0x33980000)
   the space 174784K,   4% used [0x28ed0000, 0x296139f0, 0x29613a00, 0x33980000)
 compacting perm gen  total 12288K, used 2920K [0x33980000, 0x34580000, 0x37980000)
   the space 12288K,  23% used [0x33980000, 0x33c5a1c8, 0x33c5a200, 0x34580000)
    ro space 10240K,  42% used [0x37980000, 0x37dbe580, 0x37dbe600, 0x38380000)
    rw space 12288K,  54% used [0x38380000, 0x389ff128, 0x389ff200, 0x38f80000)
GC Heap History (10 events):
Event: 95.723 GC heap before
{Heap before GC invocations=84 (full 25):
 def new generation   total 78656K, used 71021K [0x23980000, 0x28ed0000, 0x28ed0000)
  eden space 69952K, 100% used [0x23980000, 0x27dd0000, 0x27dd0000)
  from space 8704K,  12% used [0x27dd0000, 0x27edb500, 0x28650000)
  to   space 8704K,   0% used [0x28650000, 0x28650000, 0x28ed0000)
 tenured generation   total 174784K, used 7438K [0x28ed0000, 0x33980000, 0x33980000)
   the space 174784K,   4% used [0x28ed0000, 0x296139d0, 0x29613a00, 0x33980000)
 compacting perm gen  total 12288K, used 2920K [0x33980000, 0x34580000, 0x37980000)
   the space 12288K,  23% used [0x33980000, 0x33c5a1c8, 0x33c5a200, 0x34580000)
    ro space 10240K,  42% used [0x37980000, 0x37dbe580, 0x37dbe600, 0x38380000)
    rw space 12288K,  54% used [0x38380000, 0x389ff128, 0x389ff200, 0x38f80000)
Event: 95.724 GC heap after
Heap after GC invocations=85 (full 25):
 def new generation   total 78656K, used 1068K [0x23980000, 0x28ed0000, 0x28ed0000)
  eden space 69952K,   0% used [0x23980000, 0x23980000, 0x27dd0000)
  from space 8704K,  12% used [0x28650000, 0x2875b188, 0x28ed0000)
  to   space 8704K,   0% used [0x27dd0000, 0x27dd0000, 0x28650000)
 tenured generation   total 174784K, used 7438K [0x28ed0000, 0x33980000, 0x33980000)
   the space 174784K,   4% used [0x28ed0000, 0x296139d0, 0x29613a00, 0x33980000)
 compacting perm gen  total 12288K, used 2920K [0x33980000, 0x34580000, 0x37980000)
   the space 12288K,  23% used [0x33980000, 0x33c5a1c8, 0x33c5a200, 0x34580000)
    ro space 10240K,  42% used [0x37980000, 0x37dbe580, 0x37dbe600, 0x38380000)
    rw space 12288K,  54% used [0x38380000, 0x389ff128, 0x389ff200, 0x38f80000)
}
Event: 97.825 GC heap before
{Heap before GC invocations=85 (full 25):
 def new generation   total 78656K, used 71020K [0x23980000, 0x28ed0000, 0x28ed0000)
  eden space 69952K, 100% used [0x23980000, 0x27dd0000, 0x27dd0000)
  from space 8704K,  12% used [0x28650000, 0x2875b188, 0x28ed0000)
  to   space 8704K,   0% used [0x27dd0000, 0x27dd0000, 0x28650000)
 tenured generation   total 174784K, used 7438K [0x28ed0000, 0x33980000, 0x33980000)
   the space 174784K,   4% used [0x28ed0000, 0x296139d0, 0x29613a00, 0x33980000)
 compacting perm gen  total 12288K, used 2920K [0x33980000, 0x34580000, 0x37980000)
   the space 12288K,  23% used [0x33980000, 0x33c5a1c8, 0x33c5a200, 0x34580000)
    ro space 10240K,  42% used [0x37980000, 0x37dbe580, 0x37dbe600, 0x38380000)
    rw space 12288K,  54% used [0x38380000, 0x389ff128, 0x389ff200, 0x38f80000)
Event: 97.827 GC heap after
Heap after GC invocations=86 (full 25):
 def new generation   total 78656K, used 1063K [0x23980000, 0x28ed0000, 0x28ed0000)
  eden space 69952K,   0% used [0x23980000, 0x23980000, 0x27dd0000)
  from space 8704K,  12% used [0x27dd0000, 0x27ed9f30, 0x28650000)
  to   space 8704K,   0% used [0x28650000, 0x28650000, 0x28ed0000)
 tenured generation   total 174784K, used 7438K [0x28ed0000, 0x33980000, 0x33980000)
   the space 174784K,   4% used [0x28ed0000, 0x296139d0, 0x29613a00, 0x33980000)
 compacting perm gen  total 12288K, used 2920K [0x33980000, 0x34580000, 0x37980000)
   the space 12288K,  23% used [0x33980000, 0x33c5a1c8, 0x33c5a200, 0x34580000)
    ro space 10240K,  42% used [0x37980000, 0x37dbe580, 0x37dbe600, 0x38380000)
    rw space 12288K,  54% used [0x38380000, 0x389ff128, 0x389ff200, 0x38f80000)
}
Event: 99.562 GC heap before
{Heap before GC invocations=86 (full 25):
 def new generation   total 78656K, used 71015K [0x23980000, 0x28ed0000, 0x28ed0000)
  eden space 69952K, 100% used [0x23980000, 0x27dd0000, 0x27dd0000)
  from space 8704K,  12% used [0x27dd0000, 0x27ed9f30, 0x28650000)
  to   space 8704K,   0% used [0x28650000, 0x28650000, 0x28ed0000)
 tenured generation   total 174784K, used 7438K [0x28ed0000, 0x33980000, 0x33980000)
   the space 174784K,   4% used [0x28ed0000, 0x296139d0, 0x29613a00, 0x33980000)
 compacting perm gen  total 12288K, used 2920K [0x33980000, 0x34580000, 0x37980000)
   the space 12288K,  23% used [0x33980000, 0x33c5a1c8, 0x33c5a200, 0x34580000)
    ro space 10240K,  42% used [0x37980000, 0x37dbe580, 0x37dbe600, 0x38380000)
    rw space 12288K,  54% used [0x38380000, 0x389ff128, 0x389ff200, 0x38f80000)
Event: 99.564 GC heap after
Heap after GC invocations=87 (full 25):
 def new generation   total 78656K, used 1064K [0x23980000, 0x28ed0000, 0x28ed0000)
  eden space 69952K,   0% used [0x23980000, 0x23980000, 0x27dd0000)
  from space 8704K,  12% used [0x28650000, 0x2875a200, 0x28ed0000)
  to   space 8704K,   0% used [0x27dd0000, 0x27dd0000, 0x28650000)
 tenured generation   total 174784K, used 7438K [0x28ed0000, 0x33980000, 0x33980000)
   the space 174784K,   4% used [0x28ed0000, 0x296139f0, 0x29613a00, 0x33980000)
 compacting perm gen  total 12288K, used 2920K [0x33980000, 0x34580000, 0x37980000)
   the space 12288K,  23% used [0x33980000, 0x33c5a1c8, 0x33c5a200, 0x34580000)
    ro space 10240K,  42% used [0x37980000, 0x37dbe580, 0x37dbe600, 0x38380000)
    rw space 12288K,  54% used [0x38380000, 0x389ff128, 0x389ff200, 0x38f80000)
}
Event: 100.895 GC heap before
{Heap before GC invocations=87 (full 25):
 def new generation   total 78656K, used 71016K [0x23980000, 0x28ed0000, 0x28ed0000)
  eden space 69952K, 100% used [0x23980000, 0x27dd0000, 0x27dd0000)
  from space 8704K,  12% used [0x28650000, 0x2875a200, 0x28ed0000)
  to   space 8704K,   0% used [0x27dd0000, 0x27dd0000, 0x28650000)
 tenured generation   total 174784K, used 7438K [0x28ed0000, 0x33980000, 0x33980000)
   the space 174784K,   4% used [0x28ed0000, 0x296139f0, 0x29613a00, 0x33980000)
 compacting perm gen  total 12288K, used 2920K [0x33980000, 0x34580000, 0x37980000)
   the space 12288K,  23% used [0x33980000, 0x33c5a1c8, 0x33c5a200, 0x34580000)
    ro space 10240K,  42% used [0x37980000, 0x37dbe580, 0x37dbe600, 0x38380000)
    rw space 12288K,  54% used [0x38380000, 0x389ff128, 0x389ff200, 0x38f80000)
Event: 100.897 GC heap after
Heap after GC invocations=88 (full 25):
 def new generation   total 78656K, used 1062K [0x23980000, 0x28ed0000, 0x28ed0000)
  eden space 69952K,   0% used [0x23980000, 0x23980000, 0x27dd0000)
  from space 8704K,  12% used [0x27dd0000, 0x27ed9980, 0x28650000)
  to   space 8704K,   0% used [0x28650000, 0x28650000, 0x28ed0000)
 tenured generation   total 174784K, used 7438K [0x28ed0000, 0x33980000, 0x33980000)
   the space 174784K,   4% used [0x28ed0000, 0x296139f0, 0x29613a00, 0x33980000)
 compacting perm gen  total 12288K, used 2920K [0x33980000, 0x34580000, 0x37980000)
   the space 12288K,  23% used [0x33980000, 0x33c5a1c8, 0x33c5a200, 0x34580000)
    ro space 10240K,  42% used [0x37980000, 0x37dbe580, 0x37dbe600, 0x38380000)
    rw space 12288K,  54% used [0x38380000, 0x389ff128, 0x389ff200, 0x38f80000)
}
Event: 102.138 GC heap before
{Heap before GC invocations=88 (full 25):
 def new generation   total 78656K, used 71014K [0x23980000, 0x28ed0000, 0x28ed0000)
  eden space 69952K, 100% used [0x23980000, 0x27dd0000, 0x27dd0000)
  from space 8704K,  12% used [0x27dd0000, 0x27ed9980, 0x28650000)
  to   space 8704K,   0% used [0x28650000, 0x28650000, 0x28ed0000)
 tenured generation   total 174784K, used 7438K [0x28ed0000, 0x33980000, 0x33980000)
   the space 174784K,   4% used [0x28ed0000, 0x296139f0, 0x29613a00, 0x33980000)
 compacting perm gen  total 12288K, used 2920K [0x33980000, 0x34580000, 0x37980000)
   the space 12288K,  23% used [0x33980000, 0x33c5a1c8, 0x33c5a200, 0x34580000)
    ro space 10240K,  42% used [0x37980000, 0x37dbe580, 0x37dbe600, 0x38380000)
    rw space 12288K,  54% used [0x38380000, 0x389ff128, 0x389ff200, 0x38f80000)
Event: 102.140 GC heap after
Heap after GC invocations=89 (full 25):
 def new generation   total 78656K, used 1071K [0x23980000, 0x28ed0000, 0x28ed0000)
  eden space 69952K,   0% used [0x23980000, 0x23980000, 0x27dd0000)
  from space 8704K,  12% used [0x28650000, 0x2875bc78, 0x28ed0000)
  to   space 8704K,   0% used [0x27dd0000, 0x27dd0000, 0x28650000)
 tenured generation   total 174784K, used 7438K [0x28ed0000, 0x33980000, 0x33980000)
   the space 174784K,   4% used [0x28ed0000, 0x296139f0, 0x29613a00, 0x33980000)
 compacting perm gen  total 12288K, used 2920K [0x33980000, 0x34580000, 0x37980000)
   the space 12288K,  23% used [0x33980000, 0x33c5a1c8, 0x33c5a200, 0x34580000)
    ro space 10240K,  42% used [0x37980000, 0x37dbe580, 0x37dbe600, 0x38380000)
    rw space 12288K,  54% used [0x38380000, 0x389ff128, 0x389ff200, 0x38f80000)
}

