# JRE version: 7.0_05-b05
# Java VM: Java HotSpot(TM) Client VM (23.1-b03 mixed mode, sharing windows-x86 )
Heap
 def new generation   total 58624K, used 7525K [0x23980000, 0x27910000, 0x28ed0000)
  eden space 52160K,  14% used [0x23980000, 0x240d8e78, 0x26c70000)
  from space 6464K,   0% used [0x272c0000, 0x272c05b0, 0x27910000)
  to   space 6464K,   0% used [0x26c70000, 0x26c70000, 0x272c0000)
 tenured generation   total 130120K, used 88200K [0x28ed0000, 0x30de2000, 0x33980000)
   the space 130120K,  67% used [0x28ed0000, 0x2e4f23e0, 0x2e4f2400, 0x30de2000)
 compacting perm gen  total 12288K, used 3091K [0x33980000, 0x34580000, 0x37980000)
   the space 12288K,  25% used [0x33980000, 0x33c84c90, 0x33c84e00, 0x34580000)
    ro space 10240K,  42% used [0x37980000, 0x37dbe580, 0x37dbe600, 0x38380000)
    rw space 12288K,  54% used [0x38380000, 0x389ff128, 0x389ff200, 0x38f80000)
GC Heap History (10 events):
Event: 102.427 GC heap before
{Heap before GC invocations=881 (full 13):
 def new generation   total 58624K, used 52161K [0x23980000, 0x27910000, 0x28ed0000)
  eden space 52160K, 100% used [0x23980000, 0x26c70000, 0x26c70000)
  from space 6464K,   0% used [0x272c0000, 0x272c04b0, 0x27910000)
  to   space 6464K,   0% used [0x26c70000, 0x26c70000, 0x272c0000)
 tenured generation   total 130120K, used 88200K [0x28ed0000, 0x30de2000, 0x33980000)
   the space 130120K,  67% used [0x28ed0000, 0x2e4f23e0, 0x2e4f2400, 0x30de2000)
 compacting perm gen  total 12288K, used 3091K [0x33980000, 0x34580000, 0x37980000)
   the space 12288K,  25% used [0x33980000, 0x33c84c90, 0x33c84e00, 0x34580000)
    ro space 10240K,  42% used [0x37980000, 0x37dbe580, 0x37dbe600, 0x38380000)
    rw space 12288K,  54% used [0x38380000, 0x389ff128, 0x389ff200, 0x38f80000)
Event: 102.428 GC heap after
Heap after GC invocations=882 (full 13):
 def new generation   total 58624K, used 0K [0x23980000, 0x27910000, 0x28ed0000)
  eden space 52160K,   0% used [0x23980000, 0x23980000, 0x26c70000)
  from space 6464K,   0% used [0x26c70000, 0x26c702d8, 0x272c0000)
  to   space 6464K,   0% used [0x272c0000, 0x272c0000, 0x27910000)
 tenured generation   total 130120K, used 88200K [0x28ed0000, 0x30de2000, 0x33980000)
   the space 130120K,  67% used [0x28ed0000, 0x2e4f23e0, 0x2e4f2400, 0x30de2000)
 compacting perm gen  total 12288K, used 3091K [0x33980000, 0x34580000, 0x37980000)
   the space 12288K,  25% used [0x33980000, 0x33c84c90, 0x33c84e00, 0x34580000)
    ro space 10240K,  42% used [0x37980000, 0x37dbe580, 0x37dbe600, 0x38380000)
    rw space 12288K,  54% used [0x38380000, 0x389ff128, 0x389ff200, 0x38f80000)
}
Event: 102.449 GC heap before
{Heap before GC invocations=882 (full 13):
 def new generation   total 58624K, used 52160K [0x23980000, 0x27910000, 0x28ed0000)
  eden space 52160K, 100% used [0x23980000, 0x26c70000, 0x26c70000)
  from space 6464K,   0% used [0x26c70000, 0x26c702d8, 0x272c0000)
  to   space 6464K,   0% used [0x272c0000, 0x272c0000, 0x27910000)
 tenured generation   total 130120K, used 88200K [0x28ed0000, 0x30de2000, 0x33980000)
   the space 130120K,  67% used [0x28ed0000, 0x2e4f23e0, 0x2e4f2400, 0x30de2000)
 compacting perm gen  total 12288K, used 3091K [0x33980000, 0x34580000, 0x37980000)
   the space 12288K,  25% used [0x33980000, 0x33c84c90, 0x33c84e00, 0x34580000)
    ro space 10240K,  42% used [0x37980000, 0x37dbe580, 0x37dbe600, 0x38380000)
    rw space 12288K,  54% used [0x38380000, 0x389ff128, 0x389ff200, 0x38f80000)
Event: 102.449 GC heap after
Heap after GC invocations=883 (full 13):
 def new generation   total 58624K, used 1K [0x23980000, 0x27910000, 0x28ed0000)
  eden space 52160K,   0% used [0x23980000, 0x23980000, 0x26c70000)
  from space 6464K,   0% used [0x272c0000, 0x272c0430, 0x27910000)
  to   space 6464K,   0% used [0x26c70000, 0x26c70000, 0x272c0000)
 tenured generation   total 130120K, used 88200K [0x28ed0000, 0x30de2000, 0x33980000)
   the space 130120K,  67% used [0x28ed0000, 0x2e4f23e0, 0x2e4f2400, 0x30de2000)
 compacting perm gen  total 12288K, used 3091K [0x33980000, 0x34580000, 0x37980000)
   the space 12288K,  25% used [0x33980000, 0x33c84c90, 0x33c84e00, 0x34580000)
    ro space 10240K,  42% used [0x37980000, 0x37dbe580, 0x37dbe600, 0x38380000)
    rw space 12288K,  54% used [0x38380000, 0x389ff128, 0x389ff200, 0x38f80000)
}
Event: 102.470 GC heap before
{Heap before GC invocations=883 (full 13):
 def new generation   total 58624K, used 52161K [0x23980000, 0x27910000, 0x28ed0000)
  eden space 52160K, 100% used [0x23980000, 0x26c70000, 0x26c70000)
  from space 6464K,   0% used [0x272c0000, 0x272c0430, 0x27910000)
  to   space 6464K,   0% used [0x26c70000, 0x26c70000, 0x272c0000)
 tenured generation   total 130120K, used 88200K [0x28ed0000, 0x30de2000, 0x33980000)
   the space 130120K,  67% used [0x28ed0000, 0x2e4f23e0, 0x2e4f2400, 0x30de2000)
 compacting perm gen  total 12288K, used 3091K [0x33980000, 0x34580000, 0x37980000)
   the space 12288K,  25% used [0x33980000, 0x33c84c90, 0x33c84e00, 0x34580000)
    ro space 10240K,  42% used [0x37980000, 0x37dbe580, 0x37dbe600, 0x38380000)
    rw space 12288K,  54% used [0x38380000, 0x389ff128, 0x389ff200, 0x38f80000)
Event: 102.471 GC heap after
Heap after GC invocations=884 (full 13):
 def new generation   total 58624K, used 0K [0x23980000, 0x27910000, 0x28ed0000)
  eden space 52160K,   0% used [0x23980000, 0x23980000, 0x26c70000)
  from space 6464K,   0% used [0x26c70000, 0x26c703c8, 0x272c0000)
  to   space 6464K,   0% used [0x272c0000, 0x272c0000, 0x27910000)
 tenured generation   total 130120K, used 88200K [0x28ed0000, 0x30de2000, 0x33980000)
   the space 130120K,  67% used [0x28ed0000, 0x2e4f23e0, 0x2e4f2400, 0x30de2000)
 compacting perm gen  total 12288K, used 3091K [0x33980000, 0x34580000, 0x37980000)
   the space 12288K,  25% used [0x33980000, 0x33c84c90, 0x33c84e00, 0x34580000)
    ro space 10240K,  42% used [0x37980000, 0x37dbe580, 0x37dbe600, 0x38380000)
    rw space 12288K,  54% used [0x38380000, 0x389ff128, 0x389ff200, 0x38f80000)
}
Event: 102.490 GC heap before
{Heap before GC invocations=884 (full 13):
 def new generation   total 58624K, used 52160K [0x23980000, 0x27910000, 0x28ed0000)
  eden space 52160K, 100% used [0x23980000, 0x26c70000, 0x26c70000)
  from space 6464K,   0% used [0x26c70000, 0x26c703c8, 0x272c0000)
  to   space 6464K,   0% used [0x272c0000, 0x272c0000, 0x27910000)
 tenured generation   total 130120K, used 88200K [0x28ed0000, 0x30de2000, 0x33980000)
   the space 130120K,  67% used [0x28ed0000, 0x2e4f23e0, 0x2e4f2400, 0x30de2000)
 compacting perm gen  total 12288K, used 3091K [0x33980000, 0x34580000, 0x37980000)
   the space 12288K,  25% used [0x33980000, 0x33c84c90, 0x33c84e00, 0x34580000)
    ro space 10240K,  42% used [0x37980000, 0x37dbe580, 0x37dbe600, 0x38380000)
    rw space 12288K,  54% used [0x38380000, 0x389ff128, 0x389ff200, 0x38f80000)
Event: 102.491 GC heap after
Heap after GC invocations=885 (full 13):
 def new generation   total 58624K, used 1K [0x23980000, 0x27910000, 0x28ed0000)
  eden space 52160K,   0% used [0x23980000, 0x23980000, 0x26c70000)
  from space 6464K,   0% used [0x272c0000, 0x272c0448, 0x27910000)
  to   space 6464K,   0% used [0x26c70000, 0x26c70000, 0x272c0000)
 tenured generation   total 130120K, used 88200K [0x28ed0000, 0x30de2000, 0x33980000)
   the space 130120K,  67% used [0x28ed0000, 0x2e4f23e0, 0x2e4f2400, 0x30de2000)
 compacting perm gen  total 12288K, used 3091K [0x33980000, 0x34580000, 0x37980000)
   the space 12288K,  25% used [0x33980000, 0x33c84c90, 0x33c84e00, 0x34580000)
    ro space 10240K,  42% used [0x37980000, 0x37dbe580, 0x37dbe600, 0x38380000)
    rw space 12288K,  54% used [0x38380000, 0x389ff128, 0x389ff200, 0x38f80000)
}
Event: 102.512 GC heap before
{Heap before GC invocations=885 (full 13):
 def new generation   total 58624K, used 52161K [0x23980000, 0x27910000, 0x28ed0000)
  eden space 52160K, 100% used [0x23980000, 0x26c70000, 0x26c70000)
  from space 6464K,   0% used [0x272c0000, 0x272c0448, 0x27910000)
  to   space 6464K,   0% used [0x26c70000, 0x26c70000, 0x272c0000)
 tenured generation   total 130120K, used 88200K [0x28ed0000, 0x30de2000, 0x33980000)
   the space 130120K,  67% used [0x28ed0000, 0x2e4f23e0, 0x2e4f2400, 0x30de2000)
 compacting perm gen  total 12288K, used 3091K [0x33980000, 0x34580000, 0x37980000)
   the space 12288K,  25% used [0x33980000, 0x33c84c90, 0x33c84e00, 0x34580000)
    ro space 10240K,  42% used [0x37980000, 0x37dbe580, 0x37dbe600, 0x38380000)
    rw space 12288K,  54% used [0x38380000, 0x389ff128, 0x389ff200, 0x38f80000)
Event: 102.512 GC heap after
Heap after GC invocations=886 (full 13):
 def new generation   total 58624K, used 0K [0x23980000, 0x27910000, 0x28ed0000)
  eden space 52160K,   0% used [0x23980000, 0x23980000, 0x26c70000)
  from space 6464K,   0% used [0x26c70000, 0x26c70340, 0x272c0000)
  to   space 6464K,   0% used [0x272c0000, 0x272c0000, 0x27910000)
 tenured generation   total 130120K, used 88200K [0x28ed0000, 0x30de2000, 0x33980000)
   the space 130120K,  67% used [0x28ed0000, 0x2e4f23e0, 0x2e4f2400, 0x30de2000)
 compacting perm gen  total 12288K, used 3091K [0x33980000, 0x34580000, 0x37980000)
   the space 12288K,  25% used [0x33980000, 0x33c84c90, 0x33c84e00, 0x34580000)
    ro space 10240K,  42% used [0x37980000, 0x37dbe580, 0x37dbe600, 0x38380000)
    rw space 12288K,  54% used [0x38380000, 0x389ff128, 0x389ff200, 0x38f80000)
}

