# JRE version: 7.0_05-b05
# Java VM: Java HotSpot(TM) Client VM (23.1-b03 mixed mode, sharing windows-x86 )
Heap
 def new generation   total 78656K, used 7176K [0x23980000, 0x28ed0000, 0x28ed0000)
  eden space 69952K,  10% used [0x23980000, 0x2407d4a8, 0x27dd0000)
  from space 8704K,   0% used [0x28650000, 0x28654be8, 0x28ed0000)
  to   space 8704K,   0% used [0x27dd0000, 0x27dd0000, 0x28650000)
 tenured generation   total 174784K, used 36544K [0x28ed0000, 0x33980000, 0x33980000)
   the space 174784K,  20% used [0x28ed0000, 0x2b280100, 0x2b280200, 0x33980000)
 compacting perm gen  total 12288K, used 2922K [0x33980000, 0x34580000, 0x37980000)
   the space 12288K,  23% used [0x33980000, 0x33c5ab30, 0x33c5ac00, 0x34580000)
    ro space 10240K,  42% used [0x37980000, 0x37dbe580, 0x37dbe600, 0x38380000)
    rw space 12288K,  54% used [0x38380000, 0x389ff128, 0x389ff200, 0x38f80000)
GC Heap History (10 events):
Event: 213.185 GC heap before
{Heap before GC invocations=4441 (full 24):
 def new generation   total 78656K, used 69955K [0x23980000, 0x28ed0000, 0x28ed0000)
  eden space 69952K, 100% used [0x23980000, 0x27dd0000, 0x27dd0000)
  from space 8704K,   0% used [0x28650000, 0x28650c10, 0x28ed0000)
  to   space 8704K,   0% used [0x27dd0000, 0x27dd0000, 0x28650000)
 tenured generation   total 174784K, used 36544K [0x28ed0000, 0x33980000, 0x33980000)
   the space 174784K,  20% used [0x28ed0000, 0x2b280100, 0x2b280200, 0x33980000)
 compacting perm gen  total 12288K, used 2922K [0x33980000, 0x34580000, 0x37980000)
   the space 12288K,  23% used [0x33980000, 0x33c5ab30, 0x33c5ac00, 0x34580000)
    ro space 10240K,  42% used [0x37980000, 0x37dbe580, 0x37dbe600, 0x38380000)
    rw space 12288K,  54% used [0x38380000, 0x389ff128, 0x389ff200, 0x38f80000)
Event: 213.186 GC heap after
Heap after GC invocations=4442 (full 24):
 def new generation   total 78656K, used 21K [0x23980000, 0x28ed0000, 0x28ed0000)
  eden space 69952K,   0% used [0x23980000, 0x23980000, 0x27dd0000)
  from space 8704K,   0% used [0x27dd0000, 0x27dd5518, 0x28650000)
  to   space 8704K,   0% used [0x28650000, 0x28650000, 0x28ed0000)
 tenured generation   total 174784K, used 36544K [0x28ed0000, 0x33980000, 0x33980000)
   the space 174784K,  20% used [0x28ed0000, 0x2b280100, 0x2b280200, 0x33980000)
 compacting perm gen  total 12288K, used 2922K [0x33980000, 0x34580000, 0x37980000)
   the space 12288K,  23% used [0x33980000, 0x33c5ab30, 0x33c5ac00, 0x34580000)
    ro space 10240K,  42% used [0x37980000, 0x37dbe580, 0x37dbe600, 0x38380000)
    rw space 12288K,  54% used [0x38380000, 0x389ff128, 0x389ff200, 0x38f80000)
}
Event: 213.221 GC heap before
{Heap before GC invocations=4442 (full 24):
 def new generation   total 78656K, used 69973K [0x23980000, 0x28ed0000, 0x28ed0000)
  eden space 69952K, 100% used [0x23980000, 0x27dd0000, 0x27dd0000)
  from space 8704K,   0% used [0x27dd0000, 0x27dd5518, 0x28650000)
  to   space 8704K,   0% used [0x28650000, 0x28650000, 0x28ed0000)
 tenured generation   total 174784K, used 36544K [0x28ed0000, 0x33980000, 0x33980000)
   the space 174784K,  20% used [0x28ed0000, 0x2b280100, 0x2b280200, 0x33980000)
 compacting perm gen  total 12288K, used 2922K [0x33980000, 0x34580000, 0x37980000)
   the space 12288K,  23% used [0x33980000, 0x33c5ab30, 0x33c5ac00, 0x34580000)
    ro space 10240K,  42% used [0x37980000, 0x37dbe580, 0x37dbe600, 0x38380000)
    rw space 12288K,  54% used [0x38380000, 0x389ff128, 0x389ff200, 0x38f80000)
Event: 213.221 GC heap after
Heap after GC invocations=4443 (full 24):
 def new generation   total 78656K, used 21K [0x23980000, 0x28ed0000, 0x28ed0000)
  eden space 69952K,   0% used [0x23980000, 0x23980000, 0x27dd0000)
  from space 8704K,   0% used [0x28650000, 0x28655558, 0x28ed0000)
  to   space 8704K,   0% used [0x27dd0000, 0x27dd0000, 0x28650000)
 tenured generation   total 174784K, used 36544K [0x28ed0000, 0x33980000, 0x33980000)
   the space 174784K,  20% used [0x28ed0000, 0x2b280100, 0x2b280200, 0x33980000)
 compacting perm gen  total 12288K, used 2922K [0x33980000, 0x34580000, 0x37980000)
   the space 12288K,  23% used [0x33980000, 0x33c5ab30, 0x33c5ac00, 0x34580000)
    ro space 10240K,  42% used [0x37980000, 0x37dbe580, 0x37dbe600, 0x38380000)
    rw space 12288K,  54% used [0x38380000, 0x389ff128, 0x389ff200, 0x38f80000)
}
Event: 213.252 GC heap before
{Heap before GC invocations=4443 (full 24):
 def new generation   total 78656K, used 69973K [0x23980000, 0x28ed0000, 0x28ed0000)
  eden space 69952K, 100% used [0x23980000, 0x27dd0000, 0x27dd0000)
  from space 8704K,   0% used [0x28650000, 0x28655558, 0x28ed0000)
  to   space 8704K,   0% used [0x27dd0000, 0x27dd0000, 0x28650000)
 tenured generation   total 174784K, used 36544K [0x28ed0000, 0x33980000, 0x33980000)
   the space 174784K,  20% used [0x28ed0000, 0x2b280100, 0x2b280200, 0x33980000)
 compacting perm gen  total 12288K, used 2922K [0x33980000, 0x34580000, 0x37980000)
   the space 12288K,  23% used [0x33980000, 0x33c5ab30, 0x33c5ac00, 0x34580000)
    ro space 10240K,  42% used [0x37980000, 0x37dbe580, 0x37dbe600, 0x38380000)
    rw space 12288K,  54% used [0x38380000, 0x389ff128, 0x389ff200, 0x38f80000)
Event: 213.252 GC heap after
Heap after GC invocations=4444 (full 24):
 def new generation   total 78656K, used 31K [0x23980000, 0x28ed0000, 0x28ed0000)
  eden space 69952K,   0% used [0x23980000, 0x23980000, 0x27dd0000)
  from space 8704K,   0% used [0x27dd0000, 0x27dd7f40, 0x28650000)
  to   space 8704K,   0% used [0x28650000, 0x28650000, 0x28ed0000)
 tenured generation   total 174784K, used 36544K [0x28ed0000, 0x33980000, 0x33980000)
   the space 174784K,  20% used [0x28ed0000, 0x2b280100, 0x2b280200, 0x33980000)
 compacting perm gen  total 12288K, used 2922K [0x33980000, 0x34580000, 0x37980000)
   the space 12288K,  23% used [0x33980000, 0x33c5ab30, 0x33c5ac00, 0x34580000)
    ro space 10240K,  42% used [0x37980000, 0x37dbe580, 0x37dbe600, 0x38380000)
    rw space 12288K,  54% used [0x38380000, 0x389ff128, 0x389ff200, 0x38f80000)
}
Event: 213.284 GC heap before
{Heap before GC invocations=4444 (full 24):
 def new generation   total 78656K, used 69983K [0x23980000, 0x28ed0000, 0x28ed0000)
  eden space 69952K, 100% used [0x23980000, 0x27dd0000, 0x27dd0000)
  from space 8704K,   0% used [0x27dd0000, 0x27dd7f40, 0x28650000)
  to   space 8704K,   0% used [0x28650000, 0x28650000, 0x28ed0000)
 tenured generation   total 174784K, used 36544K [0x28ed0000, 0x33980000, 0x33980000)
   the space 174784K,  20% used [0x28ed0000, 0x2b280100, 0x2b280200, 0x33980000)
 compacting perm gen  total 12288K, used 2922K [0x33980000, 0x34580000, 0x37980000)
   the space 12288K,  23% used [0x33980000, 0x33c5ab30, 0x33c5ac00, 0x34580000)
    ro space 10240K,  42% used [0x37980000, 0x37dbe580, 0x37dbe600, 0x38380000)
    rw space 12288K,  54% used [0x38380000, 0x389ff128, 0x389ff200, 0x38f80000)
Event: 213.285 GC heap after
Heap after GC invocations=4445 (full 24):
 def new generation   total 78656K, used 9K [0x23980000, 0x28ed0000, 0x28ed0000)
  eden space 69952K,   0% used [0x23980000, 0x23980000, 0x27dd0000)
  from space 8704K,   0% used [0x28650000, 0x286527f0, 0x28ed0000)
  to   space 8704K,   0% used [0x27dd0000, 0x27dd0000, 0x28650000)
 tenured generation   total 174784K, used 36544K [0x28ed0000, 0x33980000, 0x33980000)
   the space 174784K,  20% used [0x28ed0000, 0x2b280100, 0x2b280200, 0x33980000)
 compacting perm gen  total 12288K, used 2922K [0x33980000, 0x34580000, 0x37980000)
   the space 12288K,  23% used [0x33980000, 0x33c5ab30, 0x33c5ac00, 0x34580000)
    ro space 10240K,  42% used [0x37980000, 0x37dbe580, 0x37dbe600, 0x38380000)
    rw space 12288K,  54% used [0x38380000, 0x389ff128, 0x389ff200, 0x38f80000)
}
Event: 213.315 GC heap before
{Heap before GC invocations=4445 (full 24):
 def new generation   total 78656K, used 69961K [0x23980000, 0x28ed0000, 0x28ed0000)
  eden space 69952K, 100% used [0x23980000, 0x27dd0000, 0x27dd0000)
  from space 8704K,   0% used [0x28650000, 0x286527f0, 0x28ed0000)
  to   space 8704K,   0% used [0x27dd0000, 0x27dd0000, 0x28650000)
 tenured generation   total 174784K, used 36544K [0x28ed0000, 0x33980000, 0x33980000)
   the space 174784K,  20% used [0x28ed0000, 0x2b280100, 0x2b280200, 0x33980000)
 compacting perm gen  total 12288K, used 2922K [0x33980000, 0x34580000, 0x37980000)
   the space 12288K,  23% used [0x33980000, 0x33c5ab30, 0x33c5ac00, 0x34580000)
    ro space 10240K,  42% used [0x37980000, 0x37dbe580, 0x37dbe600, 0x38380000)
    rw space 12288K,  54% used [0x38380000, 0x389ff128, 0x389ff200, 0x38f80000)
Event: 213.316 GC heap after
Heap after GC invocations=4446 (full 24):
 def new generation   total 78656K, used 31K [0x23980000, 0x28ed0000, 0x28ed0000)
  eden space 69952K,   0% used [0x23980000, 0x23980000, 0x27dd0000)
  from space 8704K,   0% used [0x27dd0000, 0x27dd7fd0, 0x28650000)
  to   space 8704K,   0% used [0x28650000, 0x28650000, 0x28ed0000)
 tenured generation   total 174784K, used 36544K [0x28ed0000, 0x33980000, 0x33980000)
   the space 174784K,  20% used [0x28ed0000, 0x2b280100, 0x2b280200, 0x33980000)
 compacting perm gen  total 12288K, used 2922K [0x33980000, 0x34580000, 0x37980000)
   the space 12288K,  23% used [0x33980000, 0x33c5ab30, 0x33c5ac00, 0x34580000)
    ro space 10240K,  42% used [0x37980000, 0x37dbe580, 0x37dbe600, 0x38380000)
    rw space 12288K,  54% used [0x38380000, 0x389ff128, 0x389ff200, 0x38f80000)
}

