# JRE version: 7.0_05-b05
# Java VM: Java HotSpot(TM) Client VM (23.1-b03 mixed mode, sharing windows-x86 )
Heap
 def new generation   total 78656K, used 33998K [0x23980000, 0x28ed0000, 0x28ed0000)
  eden space 69952K,  48% used [0x23980000, 0x25aa4c60, 0x27dd0000)
  from space 8704K,   0% used [0x28650000, 0x2865ee08, 0x28ed0000)
  to   space 8704K,   0% used [0x27dd0000, 0x27dd0000, 0x28650000)
 tenured generation   total 174784K, used 27244K [0x28ed0000, 0x33980000, 0x33980000)
   the space 174784K,  15% used [0x28ed0000, 0x2a96b1a8, 0x2a96b200, 0x33980000)
 compacting perm gen  total 12288K, used 3092K [0x33980000, 0x34580000, 0x37980000)
   the space 12288K,  25% used [0x33980000, 0x33c85020, 0x33c85200, 0x34580000)
    ro space 10240K,  42% used [0x37980000, 0x37dbe580, 0x37dbe600, 0x38380000)
    rw space 12288K,  54% used [0x38380000, 0x389ff128, 0x389ff200, 0x38f80000)
GC Heap History (10 events):
Event: 27.763 GC heap before
{Heap before GC invocations=87 (full 43):
 def new generation   total 78656K, used 70004K [0x23980000, 0x28ed0000, 0x28ed0000)
  eden space 69952K, 100% used [0x23980000, 0x27dd0000, 0x27dd0000)
  from space 8704K,   0% used [0x27dd0000, 0x27ddd0b8, 0x28650000)
  to   space 8704K,   0% used [0x28650000, 0x28650000, 0x28ed0000)
 tenured generation   total 174784K, used 27244K [0x28ed0000, 0x33980000, 0x33980000)
   the space 174784K,  15% used [0x28ed0000, 0x2a96b120, 0x2a96b200, 0x33980000)
 compacting perm gen  total 12288K, used 3092K [0x33980000, 0x34580000, 0x37980000)
   the space 12288K,  25% used [0x33980000, 0x33c85020, 0x33c85200, 0x34580000)
    ro space 10240K,  42% used [0x37980000, 0x37dbe580, 0x37dbe600, 0x38380000)
    rw space 12288K,  54% used [0x38380000, 0x389ff128, 0x389ff200, 0x38f80000)
Event: 27.763 GC heap after
Heap after GC invocations=88 (full 43):
 def new generation   total 78656K, used 52K [0x23980000, 0x28ed0000, 0x28ed0000)
  eden space 69952K,   0% used [0x23980000, 0x23980000, 0x27dd0000)
  from space 8704K,   0% used [0x28650000, 0x2865d350, 0x28ed0000)
  to   space 8704K,   0% used [0x27dd0000, 0x27dd0000, 0x28650000)
 tenured generation   total 174784K, used 27244K [0x28ed0000, 0x33980000, 0x33980000)
   the space 174784K,  15% used [0x28ed0000, 0x2a96b1a8, 0x2a96b200, 0x33980000)
 compacting perm gen  total 12288K, used 3092K [0x33980000, 0x34580000, 0x37980000)
   the space 12288K,  25% used [0x33980000, 0x33c85020, 0x33c85200, 0x34580000)
    ro space 10240K,  42% used [0x37980000, 0x37dbe580, 0x37dbe600, 0x38380000)
    rw space 12288K,  54% used [0x38380000, 0x389ff128, 0x389ff200, 0x38f80000)
}
Event: 27.996 GC heap before
{Heap before GC invocations=88 (full 43):
 def new generation   total 78656K, used 70004K [0x23980000, 0x28ed0000, 0x28ed0000)
  eden space 69952K, 100% used [0x23980000, 0x27dd0000, 0x27dd0000)
  from space 8704K,   0% used [0x28650000, 0x2865d350, 0x28ed0000)
  to   space 8704K,   0% used [0x27dd0000, 0x27dd0000, 0x28650000)
 tenured generation   total 174784K, used 27244K [0x28ed0000, 0x33980000, 0x33980000)
   the space 174784K,  15% used [0x28ed0000, 0x2a96b1a8, 0x2a96b200, 0x33980000)
 compacting perm gen  total 12288K, used 3092K [0x33980000, 0x34580000, 0x37980000)
   the space 12288K,  25% used [0x33980000, 0x33c85020, 0x33c85200, 0x34580000)
    ro space 10240K,  42% used [0x37980000, 0x37dbe580, 0x37dbe600, 0x38380000)
    rw space 12288K,  54% used [0x38380000, 0x389ff128, 0x389ff200, 0x38f80000)
Event: 27.996 GC heap after
Heap after GC invocations=89 (full 43):
 def new generation   total 78656K, used 46K [0x23980000, 0x28ed0000, 0x28ed0000)
  eden space 69952K,   0% used [0x23980000, 0x23980000, 0x27dd0000)
  from space 8704K,   0% used [0x27dd0000, 0x27ddba38, 0x28650000)
  to   space 8704K,   0% used [0x28650000, 0x28650000, 0x28ed0000)
 tenured generation   total 174784K, used 27244K [0x28ed0000, 0x33980000, 0x33980000)
   the space 174784K,  15% used [0x28ed0000, 0x2a96b1a8, 0x2a96b200, 0x33980000)
 compacting perm gen  total 12288K, used 3092K [0x33980000, 0x34580000, 0x37980000)
   the space 12288K,  25% used [0x33980000, 0x33c85020, 0x33c85200, 0x34580000)
    ro space 10240K,  42% used [0x37980000, 0x37dbe580, 0x37dbe600, 0x38380000)
    rw space 12288K,  54% used [0x38380000, 0x389ff128, 0x389ff200, 0x38f80000)
}
Event: 28.291 GC heap before
{Heap before GC invocations=89 (full 43):
 def new generation   total 78656K, used 69998K [0x23980000, 0x28ed0000, 0x28ed0000)
  eden space 69952K, 100% used [0x23980000, 0x27dd0000, 0x27dd0000)
  from space 8704K,   0% used [0x27dd0000, 0x27ddba38, 0x28650000)
  to   space 8704K,   0% used [0x28650000, 0x28650000, 0x28ed0000)
 tenured generation   total 174784K, used 27244K [0x28ed0000, 0x33980000, 0x33980000)
   the space 174784K,  15% used [0x28ed0000, 0x2a96b1a8, 0x2a96b200, 0x33980000)
 compacting perm gen  total 12288K, used 3092K [0x33980000, 0x34580000, 0x37980000)
   the space 12288K,  25% used [0x33980000, 0x33c85020, 0x33c85200, 0x34580000)
    ro space 10240K,  42% used [0x37980000, 0x37dbe580, 0x37dbe600, 0x38380000)
    rw space 12288K,  54% used [0x38380000, 0x389ff128, 0x389ff200, 0x38f80000)
Event: 28.292 GC heap after
Heap after GC invocations=90 (full 43):
 def new generation   total 78656K, used 60K [0x23980000, 0x28ed0000, 0x28ed0000)
  eden space 69952K,   0% used [0x23980000, 0x23980000, 0x27dd0000)
  from space 8704K,   0% used [0x28650000, 0x2865f110, 0x28ed0000)
  to   space 8704K,   0% used [0x27dd0000, 0x27dd0000, 0x28650000)
 tenured generation   total 174784K, used 27244K [0x28ed0000, 0x33980000, 0x33980000)
   the space 174784K,  15% used [0x28ed0000, 0x2a96b1a8, 0x2a96b200, 0x33980000)
 compacting perm gen  total 12288K, used 3092K [0x33980000, 0x34580000, 0x37980000)
   the space 12288K,  25% used [0x33980000, 0x33c85020, 0x33c85200, 0x34580000)
    ro space 10240K,  42% used [0x37980000, 0x37dbe580, 0x37dbe600, 0x38380000)
    rw space 12288K,  54% used [0x38380000, 0x389ff128, 0x389ff200, 0x38f80000)
}
Event: 28.556 GC heap before
{Heap before GC invocations=90 (full 43):
 def new generation   total 78656K, used 70012K [0x23980000, 0x28ed0000, 0x28ed0000)
  eden space 69952K, 100% used [0x23980000, 0x27dd0000, 0x27dd0000)
  from space 8704K,   0% used [0x28650000, 0x2865f110, 0x28ed0000)
  to   space 8704K,   0% used [0x27dd0000, 0x27dd0000, 0x28650000)
 tenured generation   total 174784K, used 27244K [0x28ed0000, 0x33980000, 0x33980000)
   the space 174784K,  15% used [0x28ed0000, 0x2a96b1a8, 0x2a96b200, 0x33980000)
 compacting perm gen  total 12288K, used 3092K [0x33980000, 0x34580000, 0x37980000)
   the space 12288K,  25% used [0x33980000, 0x33c85020, 0x33c85200, 0x34580000)
    ro space 10240K,  42% used [0x37980000, 0x37dbe580, 0x37dbe600, 0x38380000)
    rw space 12288K,  54% used [0x38380000, 0x389ff128, 0x389ff200, 0x38f80000)
Event: 28.557 GC heap after
Heap after GC invocations=91 (full 43):
 def new generation   total 78656K, used 52K [0x23980000, 0x28ed0000, 0x28ed0000)
  eden space 69952K,   0% used [0x23980000, 0x23980000, 0x27dd0000)
  from space 8704K,   0% used [0x27dd0000, 0x27ddd060, 0x28650000)
  to   space 8704K,   0% used [0x28650000, 0x28650000, 0x28ed0000)
 tenured generation   total 174784K, used 27244K [0x28ed0000, 0x33980000, 0x33980000)
   the space 174784K,  15% used [0x28ed0000, 0x2a96b1a8, 0x2a96b200, 0x33980000)
 compacting perm gen  total 12288K, used 3092K [0x33980000, 0x34580000, 0x37980000)
   the space 12288K,  25% used [0x33980000, 0x33c85020, 0x33c85200, 0x34580000)
    ro space 10240K,  42% used [0x37980000, 0x37dbe580, 0x37dbe600, 0x38380000)
    rw space 12288K,  54% used [0x38380000, 0x389ff128, 0x389ff200, 0x38f80000)
}
Event: 28.855 GC heap before
{Heap before GC invocations=91 (full 43):
 def new generation   total 78656K, used 70004K [0x23980000, 0x28ed0000, 0x28ed0000)
  eden space 69952K, 100% used [0x23980000, 0x27dd0000, 0x27dd0000)
  from space 8704K,   0% used [0x27dd0000, 0x27ddd060, 0x28650000)
  to   space 8704K,   0% used [0x28650000, 0x28650000, 0x28ed0000)
 tenured generation   total 174784K, used 27244K [0x28ed0000, 0x33980000, 0x33980000)
   the space 174784K,  15% used [0x28ed0000, 0x2a96b1a8, 0x2a96b200, 0x33980000)
 compacting perm gen  total 12288K, used 3092K [0x33980000, 0x34580000, 0x37980000)
   the space 12288K,  25% used [0x33980000, 0x33c85020, 0x33c85200, 0x34580000)
    ro space 10240K,  42% used [0x37980000, 0x37dbe580, 0x37dbe600, 0x38380000)
    rw space 12288K,  54% used [0x38380000, 0x389ff128, 0x389ff200, 0x38f80000)
Event: 28.856 GC heap after
Heap after GC invocations=92 (full 43):
 def new generation   total 78656K, used 59K [0x23980000, 0x28ed0000, 0x28ed0000)
  eden space 69952K,   0% used [0x23980000, 0x23980000, 0x27dd0000)
  from space 8704K,   0% used [0x28650000, 0x2865ee08, 0x28ed0000)
  to   space 8704K,   0% used [0x27dd0000, 0x27dd0000, 0x28650000)
 tenured generation   total 174784K, used 27244K [0x28ed0000, 0x33980000, 0x33980000)
   the space 174784K,  15% used [0x28ed0000, 0x2a96b1a8, 0x2a96b200, 0x33980000)
 compacting perm gen  total 12288K, used 3092K [0x33980000, 0x34580000, 0x37980000)
   the space 12288K,  25% used [0x33980000, 0x33c85020, 0x33c85200, 0x34580000)
    ro space 10240K,  42% used [0x37980000, 0x37dbe580, 0x37dbe600, 0x38380000)
    rw space 12288K,  54% used [0x38380000, 0x389ff128, 0x389ff200, 0x38f80000)
}

