# JRE version: 7.0_05-b05
# Java VM: Java HotSpot(TM) Client VM (23.1-b03 mixed mode, sharing windows-x86 )
Heap
 def new generation   total 23168K, used 2556K [0x23980000, 0x252a0000, 0x28ed0000)
  eden space 20608K,  12% used [0x23980000, 0x23bfe9e0, 0x24da0000)
  from space 2560K,   0% used [0x25020000, 0x250206a8, 0x252a0000)
  to   space 2560K,   0% used [0x24da0000, 0x24da0000, 0x25020000)
 tenured generation   total 51380K, used 34242K [0x28ed0000, 0x2c0fd000, 0x33980000)
   the space 51380K,  66% used [0x28ed0000, 0x2b0409b0, 0x2b040a00, 0x2c0fd000)
 compacting perm gen  total 12288K, used 3126K [0x33980000, 0x34580000, 0x37980000)
   the space 12288K,  25% used [0x33980000, 0x33c8d848, 0x33c8da00, 0x34580000)
    ro space 10240K,  42% used [0x37980000, 0x37dbe580, 0x37dbe600, 0x38380000)
    rw space 12288K,  54% used [0x38380000, 0x389ff128, 0x389ff200, 0x38f80000)
GC Heap History (10 events):
Event: 74.383 GC heap before
{Heap before GC invocations=6053 (full 6):
 def new generation   total 23168K, used 20609K [0x23980000, 0x252a0000, 0x28ed0000)
  eden space 20608K, 100% used [0x23980000, 0x24da0000, 0x24da0000)
  from space 2560K,   0% used [0x25020000, 0x250204b0, 0x252a0000)
  to   space 2560K,   0% used [0x24da0000, 0x24da0000, 0x25020000)
 tenured generation   total 51380K, used 34242K [0x28ed0000, 0x2c0fd000, 0x33980000)
   the space 51380K,  66% used [0x28ed0000, 0x2b0409b0, 0x2b040a00, 0x2c0fd000)
 compacting perm gen  total 12288K, used 3123K [0x33980000, 0x34580000, 0x37980000)
   the space 12288K,  25% used [0x33980000, 0x33c8cf18, 0x33c8d000, 0x34580000)
    ro space 10240K,  42% used [0x37980000, 0x37dbe580, 0x37dbe600, 0x38380000)
    rw space 12288K,  54% used [0x38380000, 0x389ff128, 0x389ff200, 0x38f80000)
Event: 74.384 GC heap after
Heap after GC invocations=6054 (full 6):
 def new generation   total 23168K, used 0K [0x23980000, 0x252a0000, 0x28ed0000)
  eden space 20608K,   0% used [0x23980000, 0x23980000, 0x24da0000)
  from space 2560K,   0% used [0x24da0000, 0x24da0288, 0x25020000)
  to   space 2560K,   0% used [0x25020000, 0x25020000, 0x252a0000)
 tenured generation   total 51380K, used 34242K [0x28ed0000, 0x2c0fd000, 0x33980000)
   the space 51380K,  66% used [0x28ed0000, 0x2b0409b0, 0x2b040a00, 0x2c0fd000)
 compacting perm gen  total 12288K, used 3123K [0x33980000, 0x34580000, 0x37980000)
   the space 12288K,  25% used [0x33980000, 0x33c8cf18, 0x33c8d000, 0x34580000)
    ro space 10240K,  42% used [0x37980000, 0x37dbe580, 0x37dbe600, 0x38380000)
    rw space 12288K,  54% used [0x38380000, 0x389ff128, 0x389ff200, 0x38f80000)
}
Event: 74.392 GC heap before
{Heap before GC invocations=6054 (full 6):
 def new generation   total 23168K, used 20608K [0x23980000, 0x252a0000, 0x28ed0000)
  eden space 20608K, 100% used [0x23980000, 0x24da0000, 0x24da0000)
  from space 2560K,   0% used [0x24da0000, 0x24da0288, 0x25020000)
  to   space 2560K,   0% used [0x25020000, 0x25020000, 0x252a0000)
 tenured generation   total 51380K, used 34242K [0x28ed0000, 0x2c0fd000, 0x33980000)
   the space 51380K,  66% used [0x28ed0000, 0x2b0409b0, 0x2b040a00, 0x2c0fd000)
 compacting perm gen  total 12288K, used 3123K [0x33980000, 0x34580000, 0x37980000)
   the space 12288K,  25% used [0x33980000, 0x33c8cf18, 0x33c8d000, 0x34580000)
    ro space 10240K,  42% used [0x37980000, 0x37dbe580, 0x37dbe600, 0x38380000)
    rw space 12288K,  54% used [0x38380000, 0x389ff128, 0x389ff200, 0x38f80000)
Event: 74.393 GC heap after
Heap after GC invocations=6055 (full 6):
 def new generation   total 23168K, used 0K [0x23980000, 0x252a0000, 0x28ed0000)
  eden space 20608K,   0% used [0x23980000, 0x23980000, 0x24da0000)
  from space 2560K,   0% used [0x25020000, 0x25020288, 0x252a0000)
  to   space 2560K,   0% used [0x24da0000, 0x24da0000, 0x25020000)
 tenured generation   total 51380K, used 34242K [0x28ed0000, 0x2c0fd000, 0x33980000)
   the space 51380K,  66% used [0x28ed0000, 0x2b0409b0, 0x2b040a00, 0x2c0fd000)
 compacting perm gen  total 12288K, used 3123K [0x33980000, 0x34580000, 0x37980000)
   the space 12288K,  25% used [0x33980000, 0x33c8cf18, 0x33c8d000, 0x34580000)
    ro space 10240K,  42% used [0x37980000, 0x37dbe580, 0x37dbe600, 0x38380000)
    rw space 12288K,  54% used [0x38380000, 0x389ff128, 0x389ff200, 0x38f80000)
}
Event: 74.401 GC heap before
{Heap before GC invocations=6055 (full 6):
 def new generation   total 23168K, used 20608K [0x23980000, 0x252a0000, 0x28ed0000)
  eden space 20608K, 100% used [0x23980000, 0x24da0000, 0x24da0000)
  from space 2560K,   0% used [0x25020000, 0x25020288, 0x252a0000)
  to   space 2560K,   0% used [0x24da0000, 0x24da0000, 0x25020000)
 tenured generation   total 51380K, used 34242K [0x28ed0000, 0x2c0fd000, 0x33980000)
   the space 51380K,  66% used [0x28ed0000, 0x2b0409b0, 0x2b040a00, 0x2c0fd000)
 compacting perm gen  total 12288K, used 3123K [0x33980000, 0x34580000, 0x37980000)
   the space 12288K,  25% used [0x33980000, 0x33c8cf18, 0x33c8d000, 0x34580000)
    ro space 10240K,  42% used [0x37980000, 0x37dbe580, 0x37dbe600, 0x38380000)
    rw space 12288K,  54% used [0x38380000, 0x389ff128, 0x389ff200, 0x38f80000)
Event: 74.402 GC heap after
Heap after GC invocations=6056 (full 6):
 def new generation   total 23168K, used 1K [0x23980000, 0x252a0000, 0x28ed0000)
  eden space 20608K,   0% used [0x23980000, 0x23980000, 0x24da0000)
  from space 2560K,   0% used [0x24da0000, 0x24da0448, 0x25020000)
  to   space 2560K,   0% used [0x25020000, 0x25020000, 0x252a0000)
 tenured generation   total 51380K, used 34242K [0x28ed0000, 0x2c0fd000, 0x33980000)
   the space 51380K,  66% used [0x28ed0000, 0x2b0409b0, 0x2b040a00, 0x2c0fd000)
 compacting perm gen  total 12288K, used 3123K [0x33980000, 0x34580000, 0x37980000)
   the space 12288K,  25% used [0x33980000, 0x33c8cf18, 0x33c8d000, 0x34580000)
    ro space 10240K,  42% used [0x37980000, 0x37dbe580, 0x37dbe600, 0x38380000)
    rw space 12288K,  54% used [0x38380000, 0x389ff128, 0x389ff200, 0x38f80000)
}
Event: 74.410 GC heap before
{Heap before GC invocations=6056 (full 6):
 def new generation   total 23168K, used 20609K [0x23980000, 0x252a0000, 0x28ed0000)
  eden space 20608K, 100% used [0x23980000, 0x24da0000, 0x24da0000)
  from space 2560K,   0% used [0x24da0000, 0x24da0448, 0x25020000)
  to   space 2560K,   0% used [0x25020000, 0x25020000, 0x252a0000)
 tenured generation   total 51380K, used 34242K [0x28ed0000, 0x2c0fd000, 0x33980000)
   the space 51380K,  66% used [0x28ed0000, 0x2b0409b0, 0x2b040a00, 0x2c0fd000)
 compacting perm gen  total 12288K, used 3123K [0x33980000, 0x34580000, 0x37980000)
   the space 12288K,  25% used [0x33980000, 0x33c8cf18, 0x33c8d000, 0x34580000)
    ro space 10240K,  42% used [0x37980000, 0x37dbe580, 0x37dbe600, 0x38380000)
    rw space 12288K,  54% used [0x38380000, 0x389ff128, 0x389ff200, 0x38f80000)
Event: 74.411 GC heap after
Heap after GC invocations=6057 (full 6):
 def new generation   total 23168K, used 6K [0x23980000, 0x252a0000, 0x28ed0000)
  eden space 20608K,   0% used [0x23980000, 0x23980000, 0x24da0000)
  from space 2560K,   0% used [0x25020000, 0x25021940, 0x252a0000)
  to   space 2560K,   0% used [0x24da0000, 0x24da0000, 0x25020000)
 tenured generation   total 51380K, used 34242K [0x28ed0000, 0x2c0fd000, 0x33980000)
   the space 51380K,  66% used [0x28ed0000, 0x2b0409b0, 0x2b040a00, 0x2c0fd000)
 compacting perm gen  total 12288K, used 3123K [0x33980000, 0x34580000, 0x37980000)
   the space 12288K,  25% used [0x33980000, 0x33c8cf18, 0x33c8d000, 0x34580000)
    ro space 10240K,  42% used [0x37980000, 0x37dbe580, 0x37dbe600, 0x38380000)
    rw space 12288K,  54% used [0x38380000, 0x389ff128, 0x389ff200, 0x38f80000)
}
Event: 74.419 GC heap before
{Heap before GC invocations=6057 (full 6):
 def new generation   total 23168K, used 20614K [0x23980000, 0x252a0000, 0x28ed0000)
  eden space 20608K, 100% used [0x23980000, 0x24da0000, 0x24da0000)
  from space 2560K,   0% used [0x25020000, 0x25021940, 0x252a0000)
  to   space 2560K,   0% used [0x24da0000, 0x24da0000, 0x25020000)
 tenured generation   total 51380K, used 34242K [0x28ed0000, 0x2c0fd000, 0x33980000)
   the space 51380K,  66% used [0x28ed0000, 0x2b0409b0, 0x2b040a00, 0x2c0fd000)
 compacting perm gen  total 12288K, used 3123K [0x33980000, 0x34580000, 0x37980000)
   the space 12288K,  25% used [0x33980000, 0x33c8cf18, 0x33c8d000, 0x34580000)
    ro space 10240K,  42% used [0x37980000, 0x37dbe580, 0x37dbe600, 0x38380000)
    rw space 12288K,  54% used [0x38380000, 0x389ff128, 0x389ff200, 0x38f80000)
Event: 74.420 GC heap after
Heap after GC invocations=6058 (full 6):
 def new generation   total 23168K, used 0K [0x23980000, 0x252a0000, 0x28ed0000)
  eden space 20608K,   0% used [0x23980000, 0x23980000, 0x24da0000)
  from space 2560K,   0% used [0x24da0000, 0x24da03a0, 0x25020000)
  to   space 2560K,   0% used [0x25020000, 0x25020000, 0x252a0000)
 tenured generation   total 51380K, used 34242K [0x28ed0000, 0x2c0fd000, 0x33980000)
   the space 51380K,  66% used [0x28ed0000, 0x2b0409b0, 0x2b040a00, 0x2c0fd000)
 compacting perm gen  total 12288K, used 3123K [0x33980000, 0x34580000, 0x37980000)
   the space 12288K,  25% used [0x33980000, 0x33c8cf18, 0x33c8d000, 0x34580000)
    ro space 10240K,  42% used [0x37980000, 0x37dbe580, 0x37dbe600, 0x38380000)
    rw space 12288K,  54% used [0x38380000, 0x389ff128, 0x389ff200, 0x38f80000)
}

