# JRE version: 7.0_05-b05
# Java VM: Java HotSpot(TM) Client VM (23.1-b03 mixed mode, sharing windows-x86 )
Heap
 def new generation   total 78656K, used 66166K [0x23980000, 0x28ed0000, 0x28ed0000)
  eden space 69952K,  94% used [0x23980000, 0x27a1ccb0, 0x27dd0000)
  from space 8704K,   0% used [0x28650000, 0x28650cc0, 0x28ed0000)
  to   space 8704K,   0% used [0x27dd0000, 0x27dd0000, 0x28650000)
 tenured generation   total 174784K, used 9541K [0x28ed0000, 0x33980000, 0x33980000)
   the space 174784K,   5% used [0x28ed0000, 0x298217c8, 0x29821800, 0x33980000)
 compacting perm gen  total 12288K, used 2919K [0x33980000, 0x34580000, 0x37980000)
   the space 12288K,  23% used [0x33980000, 0x33c59d00, 0x33c59e00, 0x34580000)
    ro space 10240K,  42% used [0x37980000, 0x37dbe580, 0x37dbe600, 0x38380000)
    rw space 12288K,  54% used [0x38380000, 0x389ff128, 0x389ff200, 0x38f80000)
GC Heap History (10 events):
Event: 78.101 GC heap before
{Heap before GC invocations=112 (full 17):
 def new generation   total 78656K, used 69952K [0x23980000, 0x28ed0000, 0x28ed0000)
  eden space 69952K, 100% used [0x23980000, 0x27dd0000, 0x27dd0000)
  from space 8704K,   0% used [0x27dd0000, 0x27dd0268, 0x28650000)
  to   space 8704K,   0% used [0x28650000, 0x28650000, 0x28ed0000)
 tenured generation   total 174784K, used 9541K [0x28ed0000, 0x33980000, 0x33980000)
   the space 174784K,   5% used [0x28ed0000, 0x298217c8, 0x29821800, 0x33980000)
 compacting perm gen  total 12288K, used 2919K [0x33980000, 0x34580000, 0x37980000)
   the space 12288K,  23% used [0x33980000, 0x33c59d00, 0x33c59e00, 0x34580000)
    ro space 10240K,  42% used [0x37980000, 0x37dbe580, 0x37dbe600, 0x38380000)
    rw space 12288K,  54% used [0x38380000, 0x389ff128, 0x389ff200, 0x38f80000)
Event: 78.102 GC heap after
Heap after GC invocations=113 (full 17):
 def new generation   total 78656K, used 4K [0x23980000, 0x28ed0000, 0x28ed0000)
  eden space 69952K,   0% used [0x23980000, 0x23980000, 0x27dd0000)
  from space 8704K,   0% used [0x28650000, 0x286511d0, 0x28ed0000)
  to   space 8704K,   0% used [0x27dd0000, 0x27dd0000, 0x28650000)
 tenured generation   total 174784K, used 9541K [0x28ed0000, 0x33980000, 0x33980000)
   the space 174784K,   5% used [0x28ed0000, 0x298217c8, 0x29821800, 0x33980000)
 compacting perm gen  total 12288K, used 2919K [0x33980000, 0x34580000, 0x37980000)
   the space 12288K,  23% used [0x33980000, 0x33c59d00, 0x33c59e00, 0x34580000)
    ro space 10240K,  42% used [0x37980000, 0x37dbe580, 0x37dbe600, 0x38380000)
    rw space 12288K,  54% used [0x38380000, 0x389ff128, 0x389ff200, 0x38f80000)
}
Event: 78.334 GC heap before
{Heap before GC invocations=113 (full 17):
 def new generation   total 78656K, used 69956K [0x23980000, 0x28ed0000, 0x28ed0000)
  eden space 69952K, 100% used [0x23980000, 0x27dd0000, 0x27dd0000)
  from space 8704K,   0% used [0x28650000, 0x286511d0, 0x28ed0000)
  to   space 8704K,   0% used [0x27dd0000, 0x27dd0000, 0x28650000)
 tenured generation   total 174784K, used 9541K [0x28ed0000, 0x33980000, 0x33980000)
   the space 174784K,   5% used [0x28ed0000, 0x298217c8, 0x29821800, 0x33980000)
 compacting perm gen  total 12288K, used 2919K [0x33980000, 0x34580000, 0x37980000)
   the space 12288K,  23% used [0x33980000, 0x33c59d00, 0x33c59e00, 0x34580000)
    ro space 10240K,  42% used [0x37980000, 0x37dbe580, 0x37dbe600, 0x38380000)
    rw space 12288K,  54% used [0x38380000, 0x389ff128, 0x389ff200, 0x38f80000)
Event: 78.335 GC heap after
Heap after GC invocations=114 (full 17):
 def new generation   total 78656K, used 4K [0x23980000, 0x28ed0000, 0x28ed0000)
  eden space 69952K,   0% used [0x23980000, 0x23980000, 0x27dd0000)
  from space 8704K,   0% used [0x27dd0000, 0x27dd1298, 0x28650000)
  to   space 8704K,   0% used [0x28650000, 0x28650000, 0x28ed0000)
 tenured generation   total 174784K, used 9541K [0x28ed0000, 0x33980000, 0x33980000)
   the space 174784K,   5% used [0x28ed0000, 0x298217c8, 0x29821800, 0x33980000)
 compacting perm gen  total 12288K, used 2919K [0x33980000, 0x34580000, 0x37980000)
   the space 12288K,  23% used [0x33980000, 0x33c59d00, 0x33c59e00, 0x34580000)
    ro space 10240K,  42% used [0x37980000, 0x37dbe580, 0x37dbe600, 0x38380000)
    rw space 12288K,  54% used [0x38380000, 0x389ff128, 0x389ff200, 0x38f80000)
}
Event: 78.574 GC heap before
{Heap before GC invocations=114 (full 17):
 def new generation   total 78656K, used 69956K [0x23980000, 0x28ed0000, 0x28ed0000)
  eden space 69952K, 100% used [0x23980000, 0x27dd0000, 0x27dd0000)
  from space 8704K,   0% used [0x27dd0000, 0x27dd1298, 0x28650000)
  to   space 8704K,   0% used [0x28650000, 0x28650000, 0x28ed0000)
 tenured generation   total 174784K, used 9541K [0x28ed0000, 0x33980000, 0x33980000)
   the space 174784K,   5% used [0x28ed0000, 0x298217c8, 0x29821800, 0x33980000)
 compacting perm gen  total 12288K, used 2919K [0x33980000, 0x34580000, 0x37980000)
   the space 12288K,  23% used [0x33980000, 0x33c59d00, 0x33c59e00, 0x34580000)
    ro space 10240K,  42% used [0x37980000, 0x37dbe580, 0x37dbe600, 0x38380000)
    rw space 12288K,  54% used [0x38380000, 0x389ff128, 0x389ff200, 0x38f80000)
Event: 78.575 GC heap after
Heap after GC invocations=115 (full 17):
 def new generation   total 78656K, used 3K [0x23980000, 0x28ed0000, 0x28ed0000)
  eden space 69952K,   0% used [0x23980000, 0x23980000, 0x27dd0000)
  from space 8704K,   0% used [0x28650000, 0x28650fb8, 0x28ed0000)
  to   space 8704K,   0% used [0x27dd0000, 0x27dd0000, 0x28650000)
 tenured generation   total 174784K, used 9541K [0x28ed0000, 0x33980000, 0x33980000)
   the space 174784K,   5% used [0x28ed0000, 0x298217c8, 0x29821800, 0x33980000)
 compacting perm gen  total 12288K, used 2919K [0x33980000, 0x34580000, 0x37980000)
   the space 12288K,  23% used [0x33980000, 0x33c59d00, 0x33c59e00, 0x34580000)
    ro space 10240K,  42% used [0x37980000, 0x37dbe580, 0x37dbe600, 0x38380000)
    rw space 12288K,  54% used [0x38380000, 0x389ff128, 0x389ff200, 0x38f80000)
}
Event: 78.873 GC heap before
{Heap before GC invocations=115 (full 17):
 def new generation   total 78656K, used 69955K [0x23980000, 0x28ed0000, 0x28ed0000)
  eden space 69952K, 100% used [0x23980000, 0x27dd0000, 0x27dd0000)
  from space 8704K,   0% used [0x28650000, 0x28650fb8, 0x28ed0000)
  to   space 8704K,   0% used [0x27dd0000, 0x27dd0000, 0x28650000)
 tenured generation   total 174784K, used 9541K [0x28ed0000, 0x33980000, 0x33980000)
   the space 174784K,   5% used [0x28ed0000, 0x298217c8, 0x29821800, 0x33980000)
 compacting perm gen  total 12288K, used 2919K [0x33980000, 0x34580000, 0x37980000)
   the space 12288K,  23% used [0x33980000, 0x33c59d00, 0x33c59e00, 0x34580000)
    ro space 10240K,  42% used [0x37980000, 0x37dbe580, 0x37dbe600, 0x38380000)
    rw space 12288K,  54% used [0x38380000, 0x389ff128, 0x389ff200, 0x38f80000)
Event: 78.874 GC heap after
Heap after GC invocations=116 (full 17):
 def new generation   total 78656K, used 7K [0x23980000, 0x28ed0000, 0x28ed0000)
  eden space 69952K,   0% used [0x23980000, 0x23980000, 0x27dd0000)
  from space 8704K,   0% used [0x27dd0000, 0x27dd1ca0, 0x28650000)
  to   space 8704K,   0% used [0x28650000, 0x28650000, 0x28ed0000)
 tenured generation   total 174784K, used 9541K [0x28ed0000, 0x33980000, 0x33980000)
   the space 174784K,   5% used [0x28ed0000, 0x298217c8, 0x29821800, 0x33980000)
 compacting perm gen  total 12288K, used 2919K [0x33980000, 0x34580000, 0x37980000)
   the space 12288K,  23% used [0x33980000, 0x33c59d00, 0x33c59e00, 0x34580000)
    ro space 10240K,  42% used [0x37980000, 0x37dbe580, 0x37dbe600, 0x38380000)
    rw space 12288K,  54% used [0x38380000, 0x389ff128, 0x389ff200, 0x38f80000)
}
Event: 79.171 GC heap before
{Heap before GC invocations=116 (full 17):
 def new generation   total 78656K, used 69959K [0x23980000, 0x28ed0000, 0x28ed0000)
  eden space 69952K, 100% used [0x23980000, 0x27dd0000, 0x27dd0000)
  from space 8704K,   0% used [0x27dd0000, 0x27dd1ca0, 0x28650000)
  to   space 8704K,   0% used [0x28650000, 0x28650000, 0x28ed0000)
 tenured generation   total 174784K, used 9541K [0x28ed0000, 0x33980000, 0x33980000)
   the space 174784K,   5% used [0x28ed0000, 0x298217c8, 0x29821800, 0x33980000)
 compacting perm gen  total 12288K, used 2919K [0x33980000, 0x34580000, 0x37980000)
   the space 12288K,  23% used [0x33980000, 0x33c59d00, 0x33c59e00, 0x34580000)
    ro space 10240K,  42% used [0x37980000, 0x37dbe580, 0x37dbe600, 0x38380000)
    rw space 12288K,  54% used [0x38380000, 0x389ff128, 0x389ff200, 0x38f80000)
Event: 79.172 GC heap after
Heap after GC invocations=117 (full 17):
 def new generation   total 78656K, used 3K [0x23980000, 0x28ed0000, 0x28ed0000)
  eden space 69952K,   0% used [0x23980000, 0x23980000, 0x27dd0000)
  from space 8704K,   0% used [0x28650000, 0x28650cc0, 0x28ed0000)
  to   space 8704K,   0% used [0x27dd0000, 0x27dd0000, 0x28650000)
 tenured generation   total 174784K, used 9541K [0x28ed0000, 0x33980000, 0x33980000)
   the space 174784K,   5% used [0x28ed0000, 0x298217c8, 0x29821800, 0x33980000)
 compacting perm gen  total 12288K, used 2919K [0x33980000, 0x34580000, 0x37980000)
   the space 12288K,  23% used [0x33980000, 0x33c59d00, 0x33c59e00, 0x34580000)
    ro space 10240K,  42% used [0x37980000, 0x37dbe580, 0x37dbe600, 0x38380000)
    rw space 12288K,  54% used [0x38380000, 0x389ff128, 0x389ff200, 0x38f80000)
}

