# JRE version: 7.0_05-b05
# Java VM: Java HotSpot(TM) Client VM (23.1-b03 mixed mode, sharing windows-x86 )
Heap
 def new generation   total 78656K, used 21899K [0x23980000, 0x28ed0000, 0x28ed0000)
  eden space 69952K,  31% used [0x23980000, 0x24ee2810, 0x27dd0000)
  from space 8704K,   0% used [0x28650000, 0x28650588, 0x28ed0000)
  to   space 8704K,   0% used [0x27dd0000, 0x27dd0000, 0x28650000)
 tenured generation   total 174784K, used 43557K [0x28ed0000, 0x33980000, 0x33980000)
   the space 174784K,  24% used [0x28ed0000, 0x2b9597a8, 0x2b959800, 0x33980000)
 compacting perm gen  total 12288K, used 2915K [0x33980000, 0x34580000, 0x37980000)
   the space 12288K,  23% used [0x33980000, 0x33c58f30, 0x33c59000, 0x34580000)
    ro space 10240K,  42% used [0x37980000, 0x37dbe580, 0x37dbe600, 0x38380000)
    rw space 12288K,  54% used [0x38380000, 0x389ff128, 0x389ff200, 0x38f80000)
GC Heap History (10 events):
Event: 136.038 GC heap before
{Heap before GC invocations=1579 (full 28):
 def new generation   total 78656K, used 69966K [0x23980000, 0x28ed0000, 0x28ed0000)
  eden space 69952K, 100% used [0x23980000, 0x27dd0000, 0x27dd0000)
  from space 8704K,   0% used [0x28650000, 0x286538b8, 0x28ed0000)
  to   space 8704K,   0% used [0x27dd0000, 0x27dd0000, 0x28650000)
 tenured generation   total 174784K, used 43557K [0x28ed0000, 0x33980000, 0x33980000)
   the space 174784K,  24% used [0x28ed0000, 0x2b9597a8, 0x2b959800, 0x33980000)
 compacting perm gen  total 12288K, used 2915K [0x33980000, 0x34580000, 0x37980000)
   the space 12288K,  23% used [0x33980000, 0x33c58f30, 0x33c59000, 0x34580000)
    ro space 10240K,  42% used [0x37980000, 0x37dbe580, 0x37dbe600, 0x38380000)
    rw space 12288K,  54% used [0x38380000, 0x389ff128, 0x389ff200, 0x38f80000)
Event: 136.039 GC heap after
Heap after GC invocations=1580 (full 28):
 def new generation   total 78656K, used 9K [0x23980000, 0x28ed0000, 0x28ed0000)
  eden space 69952K,   0% used [0x23980000, 0x23980000, 0x27dd0000)
  from space 8704K,   0% used [0x27dd0000, 0x27dd25b0, 0x28650000)
  to   space 8704K,   0% used [0x28650000, 0x28650000, 0x28ed0000)
 tenured generation   total 174784K, used 43557K [0x28ed0000, 0x33980000, 0x33980000)
   the space 174784K,  24% used [0x28ed0000, 0x2b9597a8, 0x2b959800, 0x33980000)
 compacting perm gen  total 12288K, used 2915K [0x33980000, 0x34580000, 0x37980000)
   the space 12288K,  23% used [0x33980000, 0x33c58f30, 0x33c59000, 0x34580000)
    ro space 10240K,  42% used [0x37980000, 0x37dbe580, 0x37dbe600, 0x38380000)
    rw space 12288K,  54% used [0x38380000, 0x389ff128, 0x389ff200, 0x38f80000)
}
Event: 136.066 GC heap before
{Heap before GC invocations=1580 (full 28):
 def new generation   total 78656K, used 69961K [0x23980000, 0x28ed0000, 0x28ed0000)
  eden space 69952K, 100% used [0x23980000, 0x27dd0000, 0x27dd0000)
  from space 8704K,   0% used [0x27dd0000, 0x27dd25b0, 0x28650000)
  to   space 8704K,   0% used [0x28650000, 0x28650000, 0x28ed0000)
 tenured generation   total 174784K, used 43557K [0x28ed0000, 0x33980000, 0x33980000)
   the space 174784K,  24% used [0x28ed0000, 0x2b9597a8, 0x2b959800, 0x33980000)
 compacting perm gen  total 12288K, used 2915K [0x33980000, 0x34580000, 0x37980000)
   the space 12288K,  23% used [0x33980000, 0x33c58f30, 0x33c59000, 0x34580000)
    ro space 10240K,  42% used [0x37980000, 0x37dbe580, 0x37dbe600, 0x38380000)
    rw space 12288K,  54% used [0x38380000, 0x389ff128, 0x389ff200, 0x38f80000)
Event: 136.067 GC heap after
Heap after GC invocations=1581 (full 28):
 def new generation   total 78656K, used 11K [0x23980000, 0x28ed0000, 0x28ed0000)
  eden space 69952K,   0% used [0x23980000, 0x23980000, 0x27dd0000)
  from space 8704K,   0% used [0x28650000, 0x28652fa8, 0x28ed0000)
  to   space 8704K,   0% used [0x27dd0000, 0x27dd0000, 0x28650000)
 tenured generation   total 174784K, used 43557K [0x28ed0000, 0x33980000, 0x33980000)
   the space 174784K,  24% used [0x28ed0000, 0x2b9597a8, 0x2b959800, 0x33980000)
 compacting perm gen  total 12288K, used 2915K [0x33980000, 0x34580000, 0x37980000)
   the space 12288K,  23% used [0x33980000, 0x33c58f30, 0x33c59000, 0x34580000)
    ro space 10240K,  42% used [0x37980000, 0x37dbe580, 0x37dbe600, 0x38380000)
    rw space 12288K,  54% used [0x38380000, 0x389ff128, 0x389ff200, 0x38f80000)
}
Event: 136.096 GC heap before
{Heap before GC invocations=1581 (full 28):
 def new generation   total 78656K, used 69963K [0x23980000, 0x28ed0000, 0x28ed0000)
  eden space 69952K, 100% used [0x23980000, 0x27dd0000, 0x27dd0000)
  from space 8704K,   0% used [0x28650000, 0x28652fa8, 0x28ed0000)
  to   space 8704K,   0% used [0x27dd0000, 0x27dd0000, 0x28650000)
 tenured generation   total 174784K, used 43557K [0x28ed0000, 0x33980000, 0x33980000)
   the space 174784K,  24% used [0x28ed0000, 0x2b9597a8, 0x2b959800, 0x33980000)
 compacting perm gen  total 12288K, used 2915K [0x33980000, 0x34580000, 0x37980000)
   the space 12288K,  23% used [0x33980000, 0x33c58f30, 0x33c59000, 0x34580000)
    ro space 10240K,  42% used [0x37980000, 0x37dbe580, 0x37dbe600, 0x38380000)
    rw space 12288K,  54% used [0x38380000, 0x389ff128, 0x389ff200, 0x38f80000)
Event: 136.097 GC heap after
Heap after GC invocations=1582 (full 28):
 def new generation   total 78656K, used 1K [0x23980000, 0x28ed0000, 0x28ed0000)
  eden space 69952K,   0% used [0x23980000, 0x23980000, 0x27dd0000)
  from space 8704K,   0% used [0x27dd0000, 0x27dd04d0, 0x28650000)
  to   space 8704K,   0% used [0x28650000, 0x28650000, 0x28ed0000)
 tenured generation   total 174784K, used 43557K [0x28ed0000, 0x33980000, 0x33980000)
   the space 174784K,  24% used [0x28ed0000, 0x2b9597a8, 0x2b959800, 0x33980000)
 compacting perm gen  total 12288K, used 2915K [0x33980000, 0x34580000, 0x37980000)
   the space 12288K,  23% used [0x33980000, 0x33c58f30, 0x33c59000, 0x34580000)
    ro space 10240K,  42% used [0x37980000, 0x37dbe580, 0x37dbe600, 0x38380000)
    rw space 12288K,  54% used [0x38380000, 0x389ff128, 0x389ff200, 0x38f80000)
}
Event: 136.123 GC heap before
{Heap before GC invocations=1582 (full 28):
 def new generation   total 78656K, used 69953K [0x23980000, 0x28ed0000, 0x28ed0000)
  eden space 69952K, 100% used [0x23980000, 0x27dd0000, 0x27dd0000)
  from space 8704K,   0% used [0x27dd0000, 0x27dd04d0, 0x28650000)
  to   space 8704K,   0% used [0x28650000, 0x28650000, 0x28ed0000)
 tenured generation   total 174784K, used 43557K [0x28ed0000, 0x33980000, 0x33980000)
   the space 174784K,  24% used [0x28ed0000, 0x2b9597a8, 0x2b959800, 0x33980000)
 compacting perm gen  total 12288K, used 2915K [0x33980000, 0x34580000, 0x37980000)
   the space 12288K,  23% used [0x33980000, 0x33c58f30, 0x33c59000, 0x34580000)
    ro space 10240K,  42% used [0x37980000, 0x37dbe580, 0x37dbe600, 0x38380000)
    rw space 12288K,  54% used [0x38380000, 0x389ff128, 0x389ff200, 0x38f80000)
Event: 136.124 GC heap after
Heap after GC invocations=1583 (full 28):
 def new generation   total 78656K, used 1K [0x23980000, 0x28ed0000, 0x28ed0000)
  eden space 69952K,   0% used [0x23980000, 0x23980000, 0x27dd0000)
  from space 8704K,   0% used [0x28650000, 0x28650428, 0x28ed0000)
  to   space 8704K,   0% used [0x27dd0000, 0x27dd0000, 0x28650000)
 tenured generation   total 174784K, used 43557K [0x28ed0000, 0x33980000, 0x33980000)
   the space 174784K,  24% used [0x28ed0000, 0x2b9597a8, 0x2b959800, 0x33980000)
 compacting perm gen  total 12288K, used 2915K [0x33980000, 0x34580000, 0x37980000)
   the space 12288K,  23% used [0x33980000, 0x33c58f30, 0x33c59000, 0x34580000)
    ro space 10240K,  42% used [0x37980000, 0x37dbe580, 0x37dbe600, 0x38380000)
    rw space 12288K,  54% used [0x38380000, 0x389ff128, 0x389ff200, 0x38f80000)
}
Event: 136.153 GC heap before
{Heap before GC invocations=1583 (full 28):
 def new generation   total 78656K, used 69953K [0x23980000, 0x28ed0000, 0x28ed0000)
  eden space 69952K, 100% used [0x23980000, 0x27dd0000, 0x27dd0000)
  from space 8704K,   0% used [0x28650000, 0x28650428, 0x28ed0000)
  to   space 8704K,   0% used [0x27dd0000, 0x27dd0000, 0x28650000)
 tenured generation   total 174784K, used 43557K [0x28ed0000, 0x33980000, 0x33980000)
   the space 174784K,  24% used [0x28ed0000, 0x2b9597a8, 0x2b959800, 0x33980000)
 compacting perm gen  total 12288K, used 2915K [0x33980000, 0x34580000, 0x37980000)
   the space 12288K,  23% used [0x33980000, 0x33c58f30, 0x33c59000, 0x34580000)
    ro space 10240K,  42% used [0x37980000, 0x37dbe580, 0x37dbe600, 0x38380000)
    rw space 12288K,  54% used [0x38380000, 0x389ff128, 0x389ff200, 0x38f80000)
Event: 136.153 GC heap after
Heap after GC invocations=1584 (full 28):
 def new generation   total 78656K, used 1K [0x23980000, 0x28ed0000, 0x28ed0000)
  eden space 69952K,   0% used [0x23980000, 0x23980000, 0x27dd0000)
  from space 8704K,   0% used [0x27dd0000, 0x27dd0498, 0x28650000)
  to   space 8704K,   0% used [0x28650000, 0x28650000, 0x28ed0000)
 tenured generation   total 174784K, used 43557K [0x28ed0000, 0x33980000, 0x33980000)
   the space 174784K,  24% used [0x28ed0000, 0x2b9597a8, 0x2b959800, 0x33980000)
 compacting perm gen  total 12288K, used 2915K [0x33980000, 0x34580000, 0x37980000)
   the space 12288K,  23% used [0x33980000, 0x33c58f30, 0x33c59000, 0x34580000)
    ro space 10240K,  42% used [0x37980000, 0x37dbe580, 0x37dbe600, 0x38380000)
    rw space 12288K,  54% used [0x38380000, 0x389ff128, 0x389ff200, 0x38f80000)
}

