# JRE version: 7.0_05-b05
# Java VM: Java HotSpot(TM) Client VM (23.1-b03 mixed mode, sharing windows-x86 )
Heap
 def new generation   total 78656K, used 31104K [0x23980000, 0x28ed0000, 0x28ed0000)
  eden space 69952K,  44% used [0x23980000, 0x257dfe48, 0x27dd0000)
  from space 8704K,   0% used [0x27dd0000, 0x27dd04b0, 0x28650000)
  to   space 8704K,   0% used [0x28650000, 0x28650000, 0x28ed0000)
 tenured generation   total 174784K, used 48733K [0x28ed0000, 0x33980000, 0x33980000)
   the space 174784K,  27% used [0x28ed0000, 0x2be67520, 0x2be67600, 0x33980000)
 compacting perm gen  total 12288K, used 2925K [0x33980000, 0x34580000, 0x37980000)
   the space 12288K,  23% used [0x33980000, 0x33c5b6b0, 0x33c5b800, 0x34580000)
    ro space 10240K,  42% used [0x37980000, 0x37dbe580, 0x37dbe600, 0x38380000)
    rw space 12288K,  54% used [0x38380000, 0x389ff128, 0x389ff200, 0x38f80000)
GC Heap History (10 events):
Event: 159.434 GC heap before
{Heap before GC invocations=2079 (full 17):
 def new generation   total 78656K, used 69956K [0x23980000, 0x28ed0000, 0x28ed0000)
  eden space 69952K, 100% used [0x23980000, 0x27dd0000, 0x27dd0000)
  from space 8704K,   0% used [0x27dd0000, 0x27dd13e0, 0x28650000)
  to   space 8704K,   0% used [0x28650000, 0x28650000, 0x28ed0000)
 tenured generation   total 174784K, used 48733K [0x28ed0000, 0x33980000, 0x33980000)
   the space 174784K,  27% used [0x28ed0000, 0x2be67520, 0x2be67600, 0x33980000)
 compacting perm gen  total 12288K, used 2925K [0x33980000, 0x34580000, 0x37980000)
   the space 12288K,  23% used [0x33980000, 0x33c5b6b0, 0x33c5b800, 0x34580000)
    ro space 10240K,  42% used [0x37980000, 0x37dbe580, 0x37dbe600, 0x38380000)
    rw space 12288K,  54% used [0x38380000, 0x389ff128, 0x389ff200, 0x38f80000)
Event: 159.434 GC heap after
Heap after GC invocations=2080 (full 17):
 def new generation   total 78656K, used 2K [0x23980000, 0x28ed0000, 0x28ed0000)
  eden space 69952K,   0% used [0x23980000, 0x23980000, 0x27dd0000)
  from space 8704K,   0% used [0x28650000, 0x286508e0, 0x28ed0000)
  to   space 8704K,   0% used [0x27dd0000, 0x27dd0000, 0x28650000)
 tenured generation   total 174784K, used 48733K [0x28ed0000, 0x33980000, 0x33980000)
   the space 174784K,  27% used [0x28ed0000, 0x2be67520, 0x2be67600, 0x33980000)
 compacting perm gen  total 12288K, used 2925K [0x33980000, 0x34580000, 0x37980000)
   the space 12288K,  23% used [0x33980000, 0x33c5b6b0, 0x33c5b800, 0x34580000)
    ro space 10240K,  42% used [0x37980000, 0x37dbe580, 0x37dbe600, 0x38380000)
    rw space 12288K,  54% used [0x38380000, 0x389ff128, 0x389ff200, 0x38f80000)
}
Event: 159.461 GC heap before
{Heap before GC invocations=2080 (full 17):
 def new generation   total 78656K, used 69954K [0x23980000, 0x28ed0000, 0x28ed0000)
  eden space 69952K, 100% used [0x23980000, 0x27dd0000, 0x27dd0000)
  from space 8704K,   0% used [0x28650000, 0x286508e0, 0x28ed0000)
  to   space 8704K,   0% used [0x27dd0000, 0x27dd0000, 0x28650000)
 tenured generation   total 174784K, used 48733K [0x28ed0000, 0x33980000, 0x33980000)
   the space 174784K,  27% used [0x28ed0000, 0x2be67520, 0x2be67600, 0x33980000)
 compacting perm gen  total 12288K, used 2925K [0x33980000, 0x34580000, 0x37980000)
   the space 12288K,  23% used [0x33980000, 0x33c5b6b0, 0x33c5b800, 0x34580000)
    ro space 10240K,  42% used [0x37980000, 0x37dbe580, 0x37dbe600, 0x38380000)
    rw space 12288K,  54% used [0x38380000, 0x389ff128, 0x389ff200, 0x38f80000)
Event: 159.461 GC heap after
Heap after GC invocations=2081 (full 17):
 def new generation   total 78656K, used 0K [0x23980000, 0x28ed0000, 0x28ed0000)
  eden space 69952K,   0% used [0x23980000, 0x23980000, 0x27dd0000)
  from space 8704K,   0% used [0x27dd0000, 0x27dd03a0, 0x28650000)
  to   space 8704K,   0% used [0x28650000, 0x28650000, 0x28ed0000)
 tenured generation   total 174784K, used 48733K [0x28ed0000, 0x33980000, 0x33980000)
   the space 174784K,  27% used [0x28ed0000, 0x2be67520, 0x2be67600, 0x33980000)
 compacting perm gen  total 12288K, used 2925K [0x33980000, 0x34580000, 0x37980000)
   the space 12288K,  23% used [0x33980000, 0x33c5b6b0, 0x33c5b800, 0x34580000)
    ro space 10240K,  42% used [0x37980000, 0x37dbe580, 0x37dbe600, 0x38380000)
    rw space 12288K,  54% used [0x38380000, 0x389ff128, 0x389ff200, 0x38f80000)
}
Event: 159.488 GC heap before
{Heap before GC invocations=2081 (full 17):
 def new generation   total 78656K, used 69952K [0x23980000, 0x28ed0000, 0x28ed0000)
  eden space 69952K, 100% used [0x23980000, 0x27dd0000, 0x27dd0000)
  from space 8704K,   0% used [0x27dd0000, 0x27dd03a0, 0x28650000)
  to   space 8704K,   0% used [0x28650000, 0x28650000, 0x28ed0000)
 tenured generation   total 174784K, used 48733K [0x28ed0000, 0x33980000, 0x33980000)
   the space 174784K,  27% used [0x28ed0000, 0x2be67520, 0x2be67600, 0x33980000)
 compacting perm gen  total 12288K, used 2925K [0x33980000, 0x34580000, 0x37980000)
   the space 12288K,  23% used [0x33980000, 0x33c5b6b0, 0x33c5b800, 0x34580000)
    ro space 10240K,  42% used [0x37980000, 0x37dbe580, 0x37dbe600, 0x38380000)
    rw space 12288K,  54% used [0x38380000, 0x389ff128, 0x389ff200, 0x38f80000)
Event: 159.489 GC heap after
Heap after GC invocations=2082 (full 17):
 def new generation   total 78656K, used 0K [0x23980000, 0x28ed0000, 0x28ed0000)
  eden space 69952K,   0% used [0x23980000, 0x23980000, 0x27dd0000)
  from space 8704K,   0% used [0x28650000, 0x28650288, 0x28ed0000)
  to   space 8704K,   0% used [0x27dd0000, 0x27dd0000, 0x28650000)
 tenured generation   total 174784K, used 48733K [0x28ed0000, 0x33980000, 0x33980000)
   the space 174784K,  27% used [0x28ed0000, 0x2be67520, 0x2be67600, 0x33980000)
 compacting perm gen  total 12288K, used 2925K [0x33980000, 0x34580000, 0x37980000)
   the space 12288K,  23% used [0x33980000, 0x33c5b6b0, 0x33c5b800, 0x34580000)
    ro space 10240K,  42% used [0x37980000, 0x37dbe580, 0x37dbe600, 0x38380000)
    rw space 12288K,  54% used [0x38380000, 0x389ff128, 0x389ff200, 0x38f80000)
}
Event: 159.516 GC heap before
{Heap before GC invocations=2082 (full 17):
 def new generation   total 78656K, used 69952K [0x23980000, 0x28ed0000, 0x28ed0000)
  eden space 69952K, 100% used [0x23980000, 0x27dd0000, 0x27dd0000)
  from space 8704K,   0% used [0x28650000, 0x28650288, 0x28ed0000)
  to   space 8704K,   0% used [0x27dd0000, 0x27dd0000, 0x28650000)
 tenured generation   total 174784K, used 48733K [0x28ed0000, 0x33980000, 0x33980000)
   the space 174784K,  27% used [0x28ed0000, 0x2be67520, 0x2be67600, 0x33980000)
 compacting perm gen  total 12288K, used 2925K [0x33980000, 0x34580000, 0x37980000)
   the space 12288K,  23% used [0x33980000, 0x33c5b6b0, 0x33c5b800, 0x34580000)
    ro space 10240K,  42% used [0x37980000, 0x37dbe580, 0x37dbe600, 0x38380000)
    rw space 12288K,  54% used [0x38380000, 0x389ff128, 0x389ff200, 0x38f80000)
Event: 159.516 GC heap after
Heap after GC invocations=2083 (full 17):
 def new generation   total 78656K, used 0K [0x23980000, 0x28ed0000, 0x28ed0000)
  eden space 69952K,   0% used [0x23980000, 0x23980000, 0x27dd0000)
  from space 8704K,   0% used [0x27dd0000, 0x27dd0328, 0x28650000)
  to   space 8704K,   0% used [0x28650000, 0x28650000, 0x28ed0000)
 tenured generation   total 174784K, used 48733K [0x28ed0000, 0x33980000, 0x33980000)
   the space 174784K,  27% used [0x28ed0000, 0x2be67520, 0x2be67600, 0x33980000)
 compacting perm gen  total 12288K, used 2925K [0x33980000, 0x34580000, 0x37980000)
   the space 12288K,  23% used [0x33980000, 0x33c5b6b0, 0x33c5b800, 0x34580000)
    ro space 10240K,  42% used [0x37980000, 0x37dbe580, 0x37dbe600, 0x38380000)
    rw space 12288K,  54% used [0x38380000, 0x389ff128, 0x389ff200, 0x38f80000)
}
Event: 159.543 GC heap before
{Heap before GC invocations=2083 (full 17):
 def new generation   total 78656K, used 69952K [0x23980000, 0x28ed0000, 0x28ed0000)
  eden space 69952K, 100% used [0x23980000, 0x27dd0000, 0x27dd0000)
  from space 8704K,   0% used [0x27dd0000, 0x27dd0328, 0x28650000)
  to   space 8704K,   0% used [0x28650000, 0x28650000, 0x28ed0000)
 tenured generation   total 174784K, used 48733K [0x28ed0000, 0x33980000, 0x33980000)
   the space 174784K,  27% used [0x28ed0000, 0x2be67520, 0x2be67600, 0x33980000)
 compacting perm gen  total 12288K, used 2925K [0x33980000, 0x34580000, 0x37980000)
   the space 12288K,  23% used [0x33980000, 0x33c5b6b0, 0x33c5b800, 0x34580000)
    ro space 10240K,  42% used [0x37980000, 0x37dbe580, 0x37dbe600, 0x38380000)
    rw space 12288K,  54% used [0x38380000, 0x389ff128, 0x389ff200, 0x38f80000)
Event: 159.543 GC heap after
Heap after GC invocations=2084 (full 17):
 def new generation   total 78656K, used 1K [0x23980000, 0x28ed0000, 0x28ed0000)
  eden space 69952K,   0% used [0x23980000, 0x23980000, 0x27dd0000)
  from space 8704K,   0% used [0x28650000, 0x28650408, 0x28ed0000)
  to   space 8704K,   0% used [0x27dd0000, 0x27dd0000, 0x28650000)
 tenured generation   total 174784K, used 48733K [0x28ed0000, 0x33980000, 0x33980000)
   the space 174784K,  27% used [0x28ed0000, 0x2be67520, 0x2be67600, 0x33980000)
 compacting perm gen  total 12288K, used 2925K [0x33980000, 0x34580000, 0x37980000)
   the space 12288K,  23% used [0x33980000, 0x33c5b6b0, 0x33c5b800, 0x34580000)
    ro space 10240K,  42% used [0x37980000, 0x37dbe580, 0x37dbe600, 0x38380000)
    rw space 12288K,  54% used [0x38380000, 0x389ff128, 0x389ff200, 0x38f80000)
}

