# JRE version: 7.0_05-b05
# Java VM: Java HotSpot(TM) Client VM (23.1-b03 mixed mode, sharing windows-x86 )
Heap
 def new generation   total 78656K, used 60951K [0x23980000, 0x28ed0000, 0x28ed0000)
  eden space 69952K,  87% used [0x23980000, 0x27504b28, 0x27dd0000)
  from space 8704K,   0% used [0x27dd0000, 0x27dd1398, 0x28650000)
  to   space 8704K,   0% used [0x28650000, 0x28650000, 0x28ed0000)
 tenured generation   total 174784K, used 41335K [0x28ed0000, 0x33980000, 0x33980000)
   the space 174784K,  23% used [0x28ed0000, 0x2b72dd80, 0x2b72de00, 0x33980000)
 compacting perm gen  total 12288K, used 2916K [0x33980000, 0x34580000, 0x37980000)
   the space 12288K,  23% used [0x33980000, 0x33c59340, 0x33c59400, 0x34580000)
    ro space 10240K,  42% used [0x37980000, 0x37dbe580, 0x37dbe600, 0x38380000)
    rw space 12288K,  54% used [0x38380000, 0x389ff128, 0x389ff200, 0x38f80000)
GC Heap History (10 events):
Event: 93.618 GC heap before
{Heap before GC invocations=370 (full 16):
 def new generation   total 78656K, used 69957K [0x23980000, 0x28ed0000, 0x28ed0000)
  eden space 69952K, 100% used [0x23980000, 0x27dd0000, 0x27dd0000)
  from space 8704K,   0% used [0x27dd0000, 0x27dd16d8, 0x28650000)
  to   space 8704K,   0% used [0x28650000, 0x28650000, 0x28ed0000)
 tenured generation   total 174784K, used 41335K [0x28ed0000, 0x33980000, 0x33980000)
   the space 174784K,  23% used [0x28ed0000, 0x2b72dd80, 0x2b72de00, 0x33980000)
 compacting perm gen  total 12288K, used 2914K [0x33980000, 0x34580000, 0x37980000)
   the space 12288K,  23% used [0x33980000, 0x33c58a10, 0x33c58c00, 0x34580000)
    ro space 10240K,  42% used [0x37980000, 0x37dbe580, 0x37dbe600, 0x38380000)
    rw space 12288K,  54% used [0x38380000, 0x389ff128, 0x389ff200, 0x38f80000)
Event: 93.619 GC heap after
Heap after GC invocations=371 (full 16):
 def new generation   total 78656K, used 3K [0x23980000, 0x28ed0000, 0x28ed0000)
  eden space 69952K,   0% used [0x23980000, 0x23980000, 0x27dd0000)
  from space 8704K,   0% used [0x28650000, 0x28650c88, 0x28ed0000)
  to   space 8704K,   0% used [0x27dd0000, 0x27dd0000, 0x28650000)
 tenured generation   total 174784K, used 41335K [0x28ed0000, 0x33980000, 0x33980000)
   the space 174784K,  23% used [0x28ed0000, 0x2b72dd80, 0x2b72de00, 0x33980000)
 compacting perm gen  total 12288K, used 2914K [0x33980000, 0x34580000, 0x37980000)
   the space 12288K,  23% used [0x33980000, 0x33c58a10, 0x33c58c00, 0x34580000)
    ro space 10240K,  42% used [0x37980000, 0x37dbe580, 0x37dbe600, 0x38380000)
    rw space 12288K,  54% used [0x38380000, 0x389ff128, 0x389ff200, 0x38f80000)
}
Event: 93.647 GC heap before
{Heap before GC invocations=371 (full 16):
 def new generation   total 78656K, used 69955K [0x23980000, 0x28ed0000, 0x28ed0000)
  eden space 69952K, 100% used [0x23980000, 0x27dd0000, 0x27dd0000)
  from space 8704K,   0% used [0x28650000, 0x28650c88, 0x28ed0000)
  to   space 8704K,   0% used [0x27dd0000, 0x27dd0000, 0x28650000)
 tenured generation   total 174784K, used 41335K [0x28ed0000, 0x33980000, 0x33980000)
   the space 174784K,  23% used [0x28ed0000, 0x2b72dd80, 0x2b72de00, 0x33980000)
 compacting perm gen  total 12288K, used 2914K [0x33980000, 0x34580000, 0x37980000)
   the space 12288K,  23% used [0x33980000, 0x33c58a10, 0x33c58c00, 0x34580000)
    ro space 10240K,  42% used [0x37980000, 0x37dbe580, 0x37dbe600, 0x38380000)
    rw space 12288K,  54% used [0x38380000, 0x389ff128, 0x389ff200, 0x38f80000)
Event: 93.647 GC heap after
Heap after GC invocations=372 (full 16):
 def new generation   total 78656K, used 1K [0x23980000, 0x28ed0000, 0x28ed0000)
  eden space 69952K,   0% used [0x23980000, 0x23980000, 0x27dd0000)
  from space 8704K,   0% used [0x27dd0000, 0x27dd04b0, 0x28650000)
  to   space 8704K,   0% used [0x28650000, 0x28650000, 0x28ed0000)
 tenured generation   total 174784K, used 41335K [0x28ed0000, 0x33980000, 0x33980000)
   the space 174784K,  23% used [0x28ed0000, 0x2b72dd80, 0x2b72de00, 0x33980000)
 compacting perm gen  total 12288K, used 2914K [0x33980000, 0x34580000, 0x37980000)
   the space 12288K,  23% used [0x33980000, 0x33c58a10, 0x33c58c00, 0x34580000)
    ro space 10240K,  42% used [0x37980000, 0x37dbe580, 0x37dbe600, 0x38380000)
    rw space 12288K,  54% used [0x38380000, 0x389ff128, 0x389ff200, 0x38f80000)
}
Event: 93.676 GC heap before
{Heap before GC invocations=372 (full 16):
 def new generation   total 78656K, used 69953K [0x23980000, 0x28ed0000, 0x28ed0000)
  eden space 69952K, 100% used [0x23980000, 0x27dd0000, 0x27dd0000)
  from space 8704K,   0% used [0x27dd0000, 0x27dd04b0, 0x28650000)
  to   space 8704K,   0% used [0x28650000, 0x28650000, 0x28ed0000)
 tenured generation   total 174784K, used 41335K [0x28ed0000, 0x33980000, 0x33980000)
   the space 174784K,  23% used [0x28ed0000, 0x2b72dd80, 0x2b72de00, 0x33980000)
 compacting perm gen  total 12288K, used 2914K [0x33980000, 0x34580000, 0x37980000)
   the space 12288K,  23% used [0x33980000, 0x33c58a10, 0x33c58c00, 0x34580000)
    ro space 10240K,  42% used [0x37980000, 0x37dbe580, 0x37dbe600, 0x38380000)
    rw space 12288K,  54% used [0x38380000, 0x389ff128, 0x389ff200, 0x38f80000)
Event: 93.676 GC heap after
Heap after GC invocations=373 (full 16):
 def new generation   total 78656K, used 0K [0x23980000, 0x28ed0000, 0x28ed0000)
  eden space 69952K,   0% used [0x23980000, 0x23980000, 0x27dd0000)
  from space 8704K,   0% used [0x28650000, 0x28650318, 0x28ed0000)
  to   space 8704K,   0% used [0x27dd0000, 0x27dd0000, 0x28650000)
 tenured generation   total 174784K, used 41335K [0x28ed0000, 0x33980000, 0x33980000)
   the space 174784K,  23% used [0x28ed0000, 0x2b72dd80, 0x2b72de00, 0x33980000)
 compacting perm gen  total 12288K, used 2914K [0x33980000, 0x34580000, 0x37980000)
   the space 12288K,  23% used [0x33980000, 0x33c58a10, 0x33c58c00, 0x34580000)
    ro space 10240K,  42% used [0x37980000, 0x37dbe580, 0x37dbe600, 0x38380000)
    rw space 12288K,  54% used [0x38380000, 0x389ff128, 0x389ff200, 0x38f80000)
}
Event: 93.703 GC heap before
{Heap before GC invocations=373 (full 16):
 def new generation   total 78656K, used 69952K [0x23980000, 0x28ed0000, 0x28ed0000)
  eden space 69952K, 100% used [0x23980000, 0x27dd0000, 0x27dd0000)
  from space 8704K,   0% used [0x28650000, 0x28650318, 0x28ed0000)
  to   space 8704K,   0% used [0x27dd0000, 0x27dd0000, 0x28650000)
 tenured generation   total 174784K, used 41335K [0x28ed0000, 0x33980000, 0x33980000)
   the space 174784K,  23% used [0x28ed0000, 0x2b72dd80, 0x2b72de00, 0x33980000)
 compacting perm gen  total 12288K, used 2914K [0x33980000, 0x34580000, 0x37980000)
   the space 12288K,  23% used [0x33980000, 0x33c58a10, 0x33c58c00, 0x34580000)
    ro space 10240K,  42% used [0x37980000, 0x37dbe580, 0x37dbe600, 0x38380000)
    rw space 12288K,  54% used [0x38380000, 0x389ff128, 0x389ff200, 0x38f80000)
Event: 93.704 GC heap after
Heap after GC invocations=374 (full 16):
 def new generation   total 78656K, used 1K [0x23980000, 0x28ed0000, 0x28ed0000)
  eden space 69952K,   0% used [0x23980000, 0x23980000, 0x27dd0000)
  from space 8704K,   0% used [0x27dd0000, 0x27dd0408, 0x28650000)
  to   space 8704K,   0% used [0x28650000, 0x28650000, 0x28ed0000)
 tenured generation   total 174784K, used 41335K [0x28ed0000, 0x33980000, 0x33980000)
   the space 174784K,  23% used [0x28ed0000, 0x2b72dd80, 0x2b72de00, 0x33980000)
 compacting perm gen  total 12288K, used 2914K [0x33980000, 0x34580000, 0x37980000)
   the space 12288K,  23% used [0x33980000, 0x33c58a10, 0x33c58c00, 0x34580000)
    ro space 10240K,  42% used [0x37980000, 0x37dbe580, 0x37dbe600, 0x38380000)
    rw space 12288K,  54% used [0x38380000, 0x389ff128, 0x389ff200, 0x38f80000)
}
Event: 93.730 GC heap before
{Heap before GC invocations=374 (full 16):
 def new generation   total 78656K, used 69953K [0x23980000, 0x28ed0000, 0x28ed0000)
  eden space 69952K, 100% used [0x23980000, 0x27dd0000, 0x27dd0000)
  from space 8704K,   0% used [0x27dd0000, 0x27dd0408, 0x28650000)
  to   space 8704K,   0% used [0x28650000, 0x28650000, 0x28ed0000)
 tenured generation   total 174784K, used 41335K [0x28ed0000, 0x33980000, 0x33980000)
   the space 174784K,  23% used [0x28ed0000, 0x2b72dd80, 0x2b72de00, 0x33980000)
 compacting perm gen  total 12288K, used 2914K [0x33980000, 0x34580000, 0x37980000)
   the space 12288K,  23% used [0x33980000, 0x33c58a10, 0x33c58c00, 0x34580000)
    ro space 10240K,  42% used [0x37980000, 0x37dbe580, 0x37dbe600, 0x38380000)
    rw space 12288K,  54% used [0x38380000, 0x389ff128, 0x389ff200, 0x38f80000)
Event: 93.730 GC heap after
Heap after GC invocations=375 (full 16):
 def new generation   total 78656K, used 0K [0x23980000, 0x28ed0000, 0x28ed0000)
  eden space 69952K,   0% used [0x23980000, 0x23980000, 0x27dd0000)
  from space 8704K,   0% used [0x28650000, 0x28650228, 0x28ed0000)
  to   space 8704K,   0% used [0x27dd0000, 0x27dd0000, 0x28650000)
 tenured generation   total 174784K, used 41335K [0x28ed0000, 0x33980000, 0x33980000)
   the space 174784K,  23% used [0x28ed0000, 0x2b72dd80, 0x2b72de00, 0x33980000)
 compacting perm gen  total 12288K, used 2914K [0x33980000, 0x34580000, 0x37980000)
   the space 12288K,  23% used [0x33980000, 0x33c58a10, 0x33c58c00, 0x34580000)
    ro space 10240K,  42% used [0x37980000, 0x37dbe580, 0x37dbe600, 0x38380000)
    rw space 12288K,  54% used [0x38380000, 0x389ff128, 0x389ff200, 0x38f80000)
}

