# JRE version: 7.0_05-b05
# Java VM: Java HotSpot(TM) Client VM (23.1-b03 mixed mode, sharing windows-x86 )
Heap
 def new generation   total 78656K, used 34267K [0x23980000, 0x28ed0000, 0x28ed0000)
  eden space 69952K,  50% used [0x23980000, 0x25c3f208, 0x27dd0000)
  from space 8704K,   0% used [0x27dd0000, 0x27dd1458, 0x28650000)
  to   space 8704K,   0% used [0x28650000, 0x28650000, 0x28ed0000)
 tenured generation   total 174784K, used 102559K [0x28ed0000, 0x33980000, 0x33980000)
   the space 174784K,  58% used [0x28ed0000, 0x2f2f7e40, 0x2f2f8000, 0x33980000)
 compacting perm gen  total 12288K, used 2925K [0x33980000, 0x34580000, 0x37980000)
   the space 12288K,  23% used [0x33980000, 0x33c5b750, 0x33c5b800, 0x34580000)
    ro space 10240K,  42% used [0x37980000, 0x37dbe580, 0x37dbe600, 0x38380000)
    rw space 12288K,  54% used [0x38380000, 0x389ff128, 0x389ff200, 0x38f80000)
GC Heap History (10 events):
Event: 65.595 GC heap before
{Heap before GC invocations=526 (full 11):
 def new generation   total 78656K, used 69953K [0x23980000, 0x28ed0000, 0x28ed0000)
  eden space 69952K, 100% used [0x23980000, 0x27dd0000, 0x27dd0000)
  from space 8704K,   0% used [0x27dd0000, 0x27dd04b0, 0x28650000)
  to   space 8704K,   0% used [0x28650000, 0x28650000, 0x28ed0000)
 tenured generation   total 174784K, used 102559K [0x28ed0000, 0x33980000, 0x33980000)
   the space 174784K,  58% used [0x28ed0000, 0x2f2f7e40, 0x2f2f8000, 0x33980000)
 compacting perm gen  total 12288K, used 2923K [0x33980000, 0x34580000, 0x37980000)
   the space 12288K,  23% used [0x33980000, 0x33c5ae20, 0x33c5b000, 0x34580000)
    ro space 10240K,  42% used [0x37980000, 0x37dbe580, 0x37dbe600, 0x38380000)
    rw space 12288K,  54% used [0x38380000, 0x389ff128, 0x389ff200, 0x38f80000)
Event: 65.595 GC heap after
Heap after GC invocations=527 (full 11):
 def new generation   total 78656K, used 0K [0x23980000, 0x28ed0000, 0x28ed0000)
  eden space 69952K,   0% used [0x23980000, 0x23980000, 0x27dd0000)
  from space 8704K,   0% used [0x28650000, 0x28650288, 0x28ed0000)
  to   space 8704K,   0% used [0x27dd0000, 0x27dd0000, 0x28650000)
 tenured generation   total 174784K, used 102559K [0x28ed0000, 0x33980000, 0x33980000)
   the space 174784K,  58% used [0x28ed0000, 0x2f2f7e40, 0x2f2f8000, 0x33980000)
 compacting perm gen  total 12288K, used 2923K [0x33980000, 0x34580000, 0x37980000)
   the space 12288K,  23% used [0x33980000, 0x33c5ae20, 0x33c5b000, 0x34580000)
    ro space 10240K,  42% used [0x37980000, 0x37dbe580, 0x37dbe600, 0x38380000)
    rw space 12288K,  54% used [0x38380000, 0x389ff128, 0x389ff200, 0x38f80000)
}
Event: 65.620 GC heap before
{Heap before GC invocations=527 (full 11):
 def new generation   total 78656K, used 69952K [0x23980000, 0x28ed0000, 0x28ed0000)
  eden space 69952K, 100% used [0x23980000, 0x27dd0000, 0x27dd0000)
  from space 8704K,   0% used [0x28650000, 0x28650288, 0x28ed0000)
  to   space 8704K,   0% used [0x27dd0000, 0x27dd0000, 0x28650000)
 tenured generation   total 174784K, used 102559K [0x28ed0000, 0x33980000, 0x33980000)
   the space 174784K,  58% used [0x28ed0000, 0x2f2f7e40, 0x2f2f8000, 0x33980000)
 compacting perm gen  total 12288K, used 2923K [0x33980000, 0x34580000, 0x37980000)
   the space 12288K,  23% used [0x33980000, 0x33c5ae20, 0x33c5b000, 0x34580000)
    ro space 10240K,  42% used [0x37980000, 0x37dbe580, 0x37dbe600, 0x38380000)
    rw space 12288K,  54% used [0x38380000, 0x389ff128, 0x389ff200, 0x38f80000)
Event: 65.621 GC heap after
Heap after GC invocations=528 (full 11):
 def new generation   total 78656K, used 8K [0x23980000, 0x28ed0000, 0x28ed0000)
  eden space 69952K,   0% used [0x23980000, 0x23980000, 0x27dd0000)
  from space 8704K,   0% used [0x27dd0000, 0x27dd20a0, 0x28650000)
  to   space 8704K,   0% used [0x28650000, 0x28650000, 0x28ed0000)
 tenured generation   total 174784K, used 102559K [0x28ed0000, 0x33980000, 0x33980000)
   the space 174784K,  58% used [0x28ed0000, 0x2f2f7e40, 0x2f2f8000, 0x33980000)
 compacting perm gen  total 12288K, used 2923K [0x33980000, 0x34580000, 0x37980000)
   the space 12288K,  23% used [0x33980000, 0x33c5ae20, 0x33c5b000, 0x34580000)
    ro space 10240K,  42% used [0x37980000, 0x37dbe580, 0x37dbe600, 0x38380000)
    rw space 12288K,  54% used [0x38380000, 0x389ff128, 0x389ff200, 0x38f80000)
}
Event: 65.649 GC heap before
{Heap before GC invocations=528 (full 11):
 def new generation   total 78656K, used 69960K [0x23980000, 0x28ed0000, 0x28ed0000)
  eden space 69952K, 100% used [0x23980000, 0x27dd0000, 0x27dd0000)
  from space 8704K,   0% used [0x27dd0000, 0x27dd20a0, 0x28650000)
  to   space 8704K,   0% used [0x28650000, 0x28650000, 0x28ed0000)
 tenured generation   total 174784K, used 102559K [0x28ed0000, 0x33980000, 0x33980000)
   the space 174784K,  58% used [0x28ed0000, 0x2f2f7e40, 0x2f2f8000, 0x33980000)
 compacting perm gen  total 12288K, used 2923K [0x33980000, 0x34580000, 0x37980000)
   the space 12288K,  23% used [0x33980000, 0x33c5ae20, 0x33c5b000, 0x34580000)
    ro space 10240K,  42% used [0x37980000, 0x37dbe580, 0x37dbe600, 0x38380000)
    rw space 12288K,  54% used [0x38380000, 0x389ff128, 0x389ff200, 0x38f80000)
Event: 65.650 GC heap after
Heap after GC invocations=529 (full 11):
 def new generation   total 78656K, used 1K [0x23980000, 0x28ed0000, 0x28ed0000)
  eden space 69952K,   0% used [0x23980000, 0x23980000, 0x27dd0000)
  from space 8704K,   0% used [0x28650000, 0x28650468, 0x28ed0000)
  to   space 8704K,   0% used [0x27dd0000, 0x27dd0000, 0x28650000)
 tenured generation   total 174784K, used 102559K [0x28ed0000, 0x33980000, 0x33980000)
   the space 174784K,  58% used [0x28ed0000, 0x2f2f7e40, 0x2f2f8000, 0x33980000)
 compacting perm gen  total 12288K, used 2923K [0x33980000, 0x34580000, 0x37980000)
   the space 12288K,  23% used [0x33980000, 0x33c5ae20, 0x33c5b000, 0x34580000)
    ro space 10240K,  42% used [0x37980000, 0x37dbe580, 0x37dbe600, 0x38380000)
    rw space 12288K,  54% used [0x38380000, 0x389ff128, 0x389ff200, 0x38f80000)
}
Event: 65.676 GC heap before
{Heap before GC invocations=529 (full 11):
 def new generation   total 78656K, used 69953K [0x23980000, 0x28ed0000, 0x28ed0000)
  eden space 69952K, 100% used [0x23980000, 0x27dd0000, 0x27dd0000)
  from space 8704K,   0% used [0x28650000, 0x28650468, 0x28ed0000)
  to   space 8704K,   0% used [0x27dd0000, 0x27dd0000, 0x28650000)
 tenured generation   total 174784K, used 102559K [0x28ed0000, 0x33980000, 0x33980000)
   the space 174784K,  58% used [0x28ed0000, 0x2f2f7e40, 0x2f2f8000, 0x33980000)
 compacting perm gen  total 12288K, used 2923K [0x33980000, 0x34580000, 0x37980000)
   the space 12288K,  23% used [0x33980000, 0x33c5ae20, 0x33c5b000, 0x34580000)
    ro space 10240K,  42% used [0x37980000, 0x37dbe580, 0x37dbe600, 0x38380000)
    rw space 12288K,  54% used [0x38380000, 0x389ff128, 0x389ff200, 0x38f80000)
Event: 65.677 GC heap after
Heap after GC invocations=530 (full 11):
 def new generation   total 78656K, used 1K [0x23980000, 0x28ed0000, 0x28ed0000)
  eden space 69952K,   0% used [0x23980000, 0x23980000, 0x27dd0000)
  from space 8704K,   0% used [0x27dd0000, 0x27dd0468, 0x28650000)
  to   space 8704K,   0% used [0x28650000, 0x28650000, 0x28ed0000)
 tenured generation   total 174784K, used 102559K [0x28ed0000, 0x33980000, 0x33980000)
   the space 174784K,  58% used [0x28ed0000, 0x2f2f7e40, 0x2f2f8000, 0x33980000)
 compacting perm gen  total 12288K, used 2923K [0x33980000, 0x34580000, 0x37980000)
   the space 12288K,  23% used [0x33980000, 0x33c5ae20, 0x33c5b000, 0x34580000)
    ro space 10240K,  42% used [0x37980000, 0x37dbe580, 0x37dbe600, 0x38380000)
    rw space 12288K,  54% used [0x38380000, 0x389ff128, 0x389ff200, 0x38f80000)
}
Event: 65.703 GC heap before
{Heap before GC invocations=530 (full 11):
 def new generation   total 78656K, used 69953K [0x23980000, 0x28ed0000, 0x28ed0000)
  eden space 69952K, 100% used [0x23980000, 0x27dd0000, 0x27dd0000)
  from space 8704K,   0% used [0x27dd0000, 0x27dd0468, 0x28650000)
  to   space 8704K,   0% used [0x28650000, 0x28650000, 0x28ed0000)
 tenured generation   total 174784K, used 102559K [0x28ed0000, 0x33980000, 0x33980000)
   the space 174784K,  58% used [0x28ed0000, 0x2f2f7e40, 0x2f2f8000, 0x33980000)
 compacting perm gen  total 12288K, used 2923K [0x33980000, 0x34580000, 0x37980000)
   the space 12288K,  23% used [0x33980000, 0x33c5ae20, 0x33c5b000, 0x34580000)
    ro space 10240K,  42% used [0x37980000, 0x37dbe580, 0x37dbe600, 0x38380000)
    rw space 12288K,  54% used [0x38380000, 0x389ff128, 0x389ff200, 0x38f80000)
Event: 65.704 GC heap after
Heap after GC invocations=531 (full 11):
 def new generation   total 78656K, used 0K [0x23980000, 0x28ed0000, 0x28ed0000)
  eden space 69952K,   0% used [0x23980000, 0x23980000, 0x27dd0000)
  from space 8704K,   0% used [0x28650000, 0x286503e0, 0x28ed0000)
  to   space 8704K,   0% used [0x27dd0000, 0x27dd0000, 0x28650000)
 tenured generation   total 174784K, used 102559K [0x28ed0000, 0x33980000, 0x33980000)
   the space 174784K,  58% used [0x28ed0000, 0x2f2f7e40, 0x2f2f8000, 0x33980000)
 compacting perm gen  total 12288K, used 2923K [0x33980000, 0x34580000, 0x37980000)
   the space 12288K,  23% used [0x33980000, 0x33c5ae20, 0x33c5b000, 0x34580000)
    ro space 10240K,  42% used [0x37980000, 0x37dbe580, 0x37dbe600, 0x38380000)
    rw space 12288K,  54% used [0x38380000, 0x389ff128, 0x389ff200, 0x38f80000)
}

