# JRE version: 7.0_05-b05
# Java VM: Java HotSpot(TM) Client VM (23.1-b03 mixed mode, sharing windows-x86 )
Heap
 def new generation   total 78656K, used 23556K [0x23980000, 0x28ed0000, 0x28ed0000)
  eden space 69952K,  33% used [0x23980000, 0x250808f0, 0x27dd0000)
  from space 8704K,   0% used [0x28650000, 0x28650850, 0x28ed0000)
  to   space 8704K,   0% used [0x27dd0000, 0x27dd0000, 0x28650000)
 tenured generation   total 174784K, used 1140K [0x28ed0000, 0x33980000, 0x33980000)
   the space 174784K,   0% used [0x28ed0000, 0x28fed170, 0x28fed200, 0x33980000)
 compacting perm gen  total 12288K, used 2917K [0x33980000, 0x34580000, 0x37980000)
   the space 12288K,  23% used [0x33980000, 0x33c597c0, 0x33c59800, 0x34580000)
    ro space 10240K,  42% used [0x37980000, 0x37dbe580, 0x37dbe600, 0x38380000)
    rw space 12288K,  54% used [0x38380000, 0x389ff128, 0x389ff200, 0x38f80000)
GC Heap History (10 events):
Event: 206.849 GC heap before
{Heap before GC invocations=3166 (full 20):
 def new generation   total 78656K, used 69956K [0x23980000, 0x28ed0000, 0x28ed0000)
  eden space 69952K, 100% used [0x23980000, 0x27dd0000, 0x27dd0000)
  from space 8704K,   0% used [0x28650000, 0x28651278, 0x28ed0000)
  to   space 8704K,   0% used [0x27dd0000, 0x27dd0000, 0x28650000)
 tenured generation   total 174784K, used 1140K [0x28ed0000, 0x33980000, 0x33980000)
   the space 174784K,   0% used [0x28ed0000, 0x28fed170, 0x28fed200, 0x33980000)
 compacting perm gen  total 12288K, used 2915K [0x33980000, 0x34580000, 0x37980000)
   the space 12288K,  23% used [0x33980000, 0x33c58e90, 0x33c59000, 0x34580000)
    ro space 10240K,  42% used [0x37980000, 0x37dbe580, 0x37dbe600, 0x38380000)
    rw space 12288K,  54% used [0x38380000, 0x389ff128, 0x389ff200, 0x38f80000)
Event: 206.850 GC heap after
Heap after GC invocations=3167 (full 20):
 def new generation   total 78656K, used 1K [0x23980000, 0x28ed0000, 0x28ed0000)
  eden space 69952K,   0% used [0x23980000, 0x23980000, 0x27dd0000)
  from space 8704K,   0% used [0x27dd0000, 0x27dd0448, 0x28650000)
  to   space 8704K,   0% used [0x28650000, 0x28650000, 0x28ed0000)
 tenured generation   total 174784K, used 1140K [0x28ed0000, 0x33980000, 0x33980000)
   the space 174784K,   0% used [0x28ed0000, 0x28fed170, 0x28fed200, 0x33980000)
 compacting perm gen  total 12288K, used 2915K [0x33980000, 0x34580000, 0x37980000)
   the space 12288K,  23% used [0x33980000, 0x33c58e90, 0x33c59000, 0x34580000)
    ro space 10240K,  42% used [0x37980000, 0x37dbe580, 0x37dbe600, 0x38380000)
    rw space 12288K,  54% used [0x38380000, 0x389ff128, 0x389ff200, 0x38f80000)
}
Event: 206.878 GC heap before
{Heap before GC invocations=3167 (full 20):
 def new generation   total 78656K, used 69953K [0x23980000, 0x28ed0000, 0x28ed0000)
  eden space 69952K, 100% used [0x23980000, 0x27dd0000, 0x27dd0000)
  from space 8704K,   0% used [0x27dd0000, 0x27dd0448, 0x28650000)
  to   space 8704K,   0% used [0x28650000, 0x28650000, 0x28ed0000)
 tenured generation   total 174784K, used 1140K [0x28ed0000, 0x33980000, 0x33980000)
   the space 174784K,   0% used [0x28ed0000, 0x28fed170, 0x28fed200, 0x33980000)
 compacting perm gen  total 12288K, used 2915K [0x33980000, 0x34580000, 0x37980000)
   the space 12288K,  23% used [0x33980000, 0x33c58e90, 0x33c59000, 0x34580000)
    ro space 10240K,  42% used [0x37980000, 0x37dbe580, 0x37dbe600, 0x38380000)
    rw space 12288K,  54% used [0x38380000, 0x389ff128, 0x389ff200, 0x38f80000)
Event: 206.878 GC heap after
Heap after GC invocations=3168 (full 20):
 def new generation   total 78656K, used 1K [0x23980000, 0x28ed0000, 0x28ed0000)
  eden space 69952K,   0% used [0x23980000, 0x23980000, 0x27dd0000)
  from space 8704K,   0% used [0x28650000, 0x286504b0, 0x28ed0000)
  to   space 8704K,   0% used [0x27dd0000, 0x27dd0000, 0x28650000)
 tenured generation   total 174784K, used 1140K [0x28ed0000, 0x33980000, 0x33980000)
   the space 174784K,   0% used [0x28ed0000, 0x28fed170, 0x28fed200, 0x33980000)
 compacting perm gen  total 12288K, used 2915K [0x33980000, 0x34580000, 0x37980000)
   the space 12288K,  23% used [0x33980000, 0x33c58e90, 0x33c59000, 0x34580000)
    ro space 10240K,  42% used [0x37980000, 0x37dbe580, 0x37dbe600, 0x38380000)
    rw space 12288K,  54% used [0x38380000, 0x389ff128, 0x389ff200, 0x38f80000)
}
Event: 206.904 GC heap before
{Heap before GC invocations=3168 (full 20):
 def new generation   total 78656K, used 69953K [0x23980000, 0x28ed0000, 0x28ed0000)
  eden space 69952K, 100% used [0x23980000, 0x27dd0000, 0x27dd0000)
  from space 8704K,   0% used [0x28650000, 0x286504b0, 0x28ed0000)
  to   space 8704K,   0% used [0x27dd0000, 0x27dd0000, 0x28650000)
 tenured generation   total 174784K, used 1140K [0x28ed0000, 0x33980000, 0x33980000)
   the space 174784K,   0% used [0x28ed0000, 0x28fed170, 0x28fed200, 0x33980000)
 compacting perm gen  total 12288K, used 2915K [0x33980000, 0x34580000, 0x37980000)
   the space 12288K,  23% used [0x33980000, 0x33c58e90, 0x33c59000, 0x34580000)
    ro space 10240K,  42% used [0x37980000, 0x37dbe580, 0x37dbe600, 0x38380000)
    rw space 12288K,  54% used [0x38380000, 0x389ff128, 0x389ff200, 0x38f80000)
Event: 206.904 GC heap after
Heap after GC invocations=3169 (full 20):
 def new generation   total 78656K, used 1K [0x23980000, 0x28ed0000, 0x28ed0000)
  eden space 69952K,   0% used [0x23980000, 0x23980000, 0x27dd0000)
  from space 8704K,   0% used [0x27dd0000, 0x27dd04b0, 0x28650000)
  to   space 8704K,   0% used [0x28650000, 0x28650000, 0x28ed0000)
 tenured generation   total 174784K, used 1140K [0x28ed0000, 0x33980000, 0x33980000)
   the space 174784K,   0% used [0x28ed0000, 0x28fed170, 0x28fed200, 0x33980000)
 compacting perm gen  total 12288K, used 2915K [0x33980000, 0x34580000, 0x37980000)
   the space 12288K,  23% used [0x33980000, 0x33c58e90, 0x33c59000, 0x34580000)
    ro space 10240K,  42% used [0x37980000, 0x37dbe580, 0x37dbe600, 0x38380000)
    rw space 12288K,  54% used [0x38380000, 0x389ff128, 0x389ff200, 0x38f80000)
}
Event: 206.935 GC heap before
{Heap before GC invocations=3169 (full 20):
 def new generation   total 78656K, used 69953K [0x23980000, 0x28ed0000, 0x28ed0000)
  eden space 69952K, 100% used [0x23980000, 0x27dd0000, 0x27dd0000)
  from space 8704K,   0% used [0x27dd0000, 0x27dd04b0, 0x28650000)
  to   space 8704K,   0% used [0x28650000, 0x28650000, 0x28ed0000)
 tenured generation   total 174784K, used 1140K [0x28ed0000, 0x33980000, 0x33980000)
   the space 174784K,   0% used [0x28ed0000, 0x28fed170, 0x28fed200, 0x33980000)
 compacting perm gen  total 12288K, used 2915K [0x33980000, 0x34580000, 0x37980000)
   the space 12288K,  23% used [0x33980000, 0x33c58e90, 0x33c59000, 0x34580000)
    ro space 10240K,  42% used [0x37980000, 0x37dbe580, 0x37dbe600, 0x38380000)
    rw space 12288K,  54% used [0x38380000, 0x389ff128, 0x389ff200, 0x38f80000)
Event: 206.935 GC heap after
Heap after GC invocations=3170 (full 20):
 def new generation   total 78656K, used 1K [0x23980000, 0x28ed0000, 0x28ed0000)
  eden space 69952K,   0% used [0x23980000, 0x23980000, 0x27dd0000)
  from space 8704K,   0% used [0x28650000, 0x28650448, 0x28ed0000)
  to   space 8704K,   0% used [0x27dd0000, 0x27dd0000, 0x28650000)
 tenured generation   total 174784K, used 1140K [0x28ed0000, 0x33980000, 0x33980000)
   the space 174784K,   0% used [0x28ed0000, 0x28fed170, 0x28fed200, 0x33980000)
 compacting perm gen  total 12288K, used 2915K [0x33980000, 0x34580000, 0x37980000)
   the space 12288K,  23% used [0x33980000, 0x33c58e90, 0x33c59000, 0x34580000)
    ro space 10240K,  42% used [0x37980000, 0x37dbe580, 0x37dbe600, 0x38380000)
    rw space 12288K,  54% used [0x38380000, 0x389ff128, 0x389ff200, 0x38f80000)
}
Event: 206.962 GC heap before
{Heap before GC invocations=3170 (full 20):
 def new generation   total 78656K, used 69953K [0x23980000, 0x28ed0000, 0x28ed0000)
  eden space 69952K, 100% used [0x23980000, 0x27dd0000, 0x27dd0000)
  from space 8704K,   0% used [0x28650000, 0x28650448, 0x28ed0000)
  to   space 8704K,   0% used [0x27dd0000, 0x27dd0000, 0x28650000)
 tenured generation   total 174784K, used 1140K [0x28ed0000, 0x33980000, 0x33980000)
   the space 174784K,   0% used [0x28ed0000, 0x28fed170, 0x28fed200, 0x33980000)
 compacting perm gen  total 12288K, used 2917K [0x33980000, 0x34580000, 0x37980000)
   the space 12288K,  23% used [0x33980000, 0x33c597c0, 0x33c59800, 0x34580000)
    ro space 10240K,  42% used [0x37980000, 0x37dbe580, 0x37dbe600, 0x38380000)
    rw space 12288K,  54% used [0x38380000, 0x389ff128, 0x389ff200, 0x38f80000)
Event: 206.963 GC heap after
Heap after GC invocations=3171 (full 20):
 def new generation   total 78656K, used 6K [0x23980000, 0x28ed0000, 0x28ed0000)
  eden space 69952K,   0% used [0x23980000, 0x23980000, 0x27dd0000)
  from space 8704K,   0% used [0x27dd0000, 0x27dd1a70, 0x28650000)
  to   space 8704K,   0% used [0x28650000, 0x28650000, 0x28ed0000)
 tenured generation   total 174784K, used 1140K [0x28ed0000, 0x33980000, 0x33980000)
   the space 174784K,   0% used [0x28ed0000, 0x28fed170, 0x28fed200, 0x33980000)
 compacting perm gen  total 12288K, used 2917K [0x33980000, 0x34580000, 0x37980000)
   the space 12288K,  23% used [0x33980000, 0x33c597c0, 0x33c59800, 0x34580000)
    ro space 10240K,  42% used [0x37980000, 0x37dbe580, 0x37dbe600, 0x38380000)
    rw space 12288K,  54% used [0x38380000, 0x389ff128, 0x389ff200, 0x38f80000)
}

