# JRE version: 7.0_05-b05
# Java VM: Java HotSpot(TM) Client VM (23.1-b03 mixed mode, sharing windows-x86 )
Heap
 def new generation   total 19648K, used 3283K [0x23980000, 0x24ed0000, 0x28ed0000)
  eden space 17472K,  18% used [0x23980000, 0x23cb4a38, 0x24a90000)
  from space 2176K,   0% used [0x24cb0000, 0x24cb0568, 0x24ed0000)
  to   space 2176K,   0% used [0x24a90000, 0x24a90000, 0x24cb0000)
 tenured generation   total 43540K, used 15925K [0x28ed0000, 0x2b955000, 0x33980000)
   the space 43540K,  36% used [0x28ed0000, 0x29e5d410, 0x29e5d600, 0x2b955000)
 compacting perm gen  total 12288K, used 2916K [0x33980000, 0x34580000, 0x37980000)
   the space 12288K,  23% used [0x33980000, 0x33c59270, 0x33c59400, 0x34580000)
    ro space 10240K,  42% used [0x37980000, 0x37dbe580, 0x37dbe600, 0x38380000)
    rw space 12288K,  54% used [0x38380000, 0x389ff128, 0x389ff200, 0x38f80000)
GC Heap History (10 events):
Event: 631.776 GC heap before
{Heap before GC invocations=52383 (full 17):
 def new generation   total 19648K, used 17478K [0x23980000, 0x24ed0000, 0x28ed0000)
  eden space 17472K, 100% used [0x23980000, 0x24a90000, 0x24a90000)
  from space 2176K,   0% used [0x24cb0000, 0x24cb1a40, 0x24ed0000)
  to   space 2176K,   0% used [0x24a90000, 0x24a90000, 0x24cb0000)
 tenured generation   total 43540K, used 15925K [0x28ed0000, 0x2b955000, 0x33980000)
   the space 43540K,  36% used [0x28ed0000, 0x29e5d410, 0x29e5d600, 0x2b955000)
 compacting perm gen  total 12288K, used 2916K [0x33980000, 0x34580000, 0x37980000)
   the space 12288K,  23% used [0x33980000, 0x33c59270, 0x33c59400, 0x34580000)
    ro space 10240K,  42% used [0x37980000, 0x37dbe580, 0x37dbe600, 0x38380000)
    rw space 12288K,  54% used [0x38380000, 0x389ff128, 0x389ff200, 0x38f80000)
Event: 631.777 GC heap after
Heap after GC invocations=52384 (full 17):
 def new generation   total 19648K, used 0K [0x23980000, 0x24ed0000, 0x28ed0000)
  eden space 17472K,   0% used [0x23980000, 0x23980000, 0x24a90000)
  from space 2176K,   0% used [0x24a90000, 0x24a90288, 0x24cb0000)
  to   space 2176K,   0% used [0x24cb0000, 0x24cb0000, 0x24ed0000)
 tenured generation   total 43540K, used 15925K [0x28ed0000, 0x2b955000, 0x33980000)
   the space 43540K,  36% used [0x28ed0000, 0x29e5d410, 0x29e5d600, 0x2b955000)
 compacting perm gen  total 12288K, used 2916K [0x33980000, 0x34580000, 0x37980000)
   the space 12288K,  23% used [0x33980000, 0x33c59270, 0x33c59400, 0x34580000)
    ro space 10240K,  42% used [0x37980000, 0x37dbe580, 0x37dbe600, 0x38380000)
    rw space 12288K,  54% used [0x38380000, 0x389ff128, 0x389ff200, 0x38f80000)
}
Event: 631.785 GC heap before
{Heap before GC invocations=52384 (full 17):
 def new generation   total 19648K, used 17472K [0x23980000, 0x24ed0000, 0x28ed0000)
  eden space 17472K, 100% used [0x23980000, 0x24a90000, 0x24a90000)
  from space 2176K,   0% used [0x24a90000, 0x24a90288, 0x24cb0000)
  to   space 2176K,   0% used [0x24cb0000, 0x24cb0000, 0x24ed0000)
 tenured generation   total 43540K, used 15925K [0x28ed0000, 0x2b955000, 0x33980000)
   the space 43540K,  36% used [0x28ed0000, 0x29e5d410, 0x29e5d600, 0x2b955000)
 compacting perm gen  total 12288K, used 2916K [0x33980000, 0x34580000, 0x37980000)
   the space 12288K,  23% used [0x33980000, 0x33c59270, 0x33c59400, 0x34580000)
    ro space 10240K,  42% used [0x37980000, 0x37dbe580, 0x37dbe600, 0x38380000)
    rw space 12288K,  54% used [0x38380000, 0x389ff128, 0x389ff200, 0x38f80000)
Event: 631.786 GC heap after
Heap after GC invocations=52385 (full 17):
 def new generation   total 19648K, used 4K [0x23980000, 0x24ed0000, 0x28ed0000)
  eden space 17472K,   0% used [0x23980000, 0x23980000, 0x24a90000)
  from space 2176K,   0% used [0x24cb0000, 0x24cb1348, 0x24ed0000)
  to   space 2176K,   0% used [0x24a90000, 0x24a90000, 0x24cb0000)
 tenured generation   total 43540K, used 15925K [0x28ed0000, 0x2b955000, 0x33980000)
   the space 43540K,  36% used [0x28ed0000, 0x29e5d410, 0x29e5d600, 0x2b955000)
 compacting perm gen  total 12288K, used 2916K [0x33980000, 0x34580000, 0x37980000)
   the space 12288K,  23% used [0x33980000, 0x33c59270, 0x33c59400, 0x34580000)
    ro space 10240K,  42% used [0x37980000, 0x37dbe580, 0x37dbe600, 0x38380000)
    rw space 12288K,  54% used [0x38380000, 0x389ff128, 0x389ff200, 0x38f80000)
}
Event: 631.793 GC heap before
{Heap before GC invocations=52385 (full 17):
 def new generation   total 19648K, used 17476K [0x23980000, 0x24ed0000, 0x28ed0000)
  eden space 17472K, 100% used [0x23980000, 0x24a90000, 0x24a90000)
  from space 2176K,   0% used [0x24cb0000, 0x24cb1348, 0x24ed0000)
  to   space 2176K,   0% used [0x24a90000, 0x24a90000, 0x24cb0000)
 tenured generation   total 43540K, used 15925K [0x28ed0000, 0x2b955000, 0x33980000)
   the space 43540K,  36% used [0x28ed0000, 0x29e5d410, 0x29e5d600, 0x2b955000)
 compacting perm gen  total 12288K, used 2916K [0x33980000, 0x34580000, 0x37980000)
   the space 12288K,  23% used [0x33980000, 0x33c59270, 0x33c59400, 0x34580000)
    ro space 10240K,  42% used [0x37980000, 0x37dbe580, 0x37dbe600, 0x38380000)
    rw space 12288K,  54% used [0x38380000, 0x389ff128, 0x389ff200, 0x38f80000)
Event: 631.793 GC heap after
Heap after GC invocations=52386 (full 17):
 def new generation   total 19648K, used 1K [0x23980000, 0x24ed0000, 0x28ed0000)
  eden space 17472K,   0% used [0x23980000, 0x23980000, 0x24a90000)
  from space 2176K,   0% used [0x24a90000, 0x24a904f0, 0x24cb0000)
  to   space 2176K,   0% used [0x24cb0000, 0x24cb0000, 0x24ed0000)
 tenured generation   total 43540K, used 15925K [0x28ed0000, 0x2b955000, 0x33980000)
   the space 43540K,  36% used [0x28ed0000, 0x29e5d410, 0x29e5d600, 0x2b955000)
 compacting perm gen  total 12288K, used 2916K [0x33980000, 0x34580000, 0x37980000)
   the space 12288K,  23% used [0x33980000, 0x33c59270, 0x33c59400, 0x34580000)
    ro space 10240K,  42% used [0x37980000, 0x37dbe580, 0x37dbe600, 0x38380000)
    rw space 12288K,  54% used [0x38380000, 0x389ff128, 0x389ff200, 0x38f80000)
}
Event: 631.801 GC heap before
{Heap before GC invocations=52386 (full 17):
 def new generation   total 19648K, used 17473K [0x23980000, 0x24ed0000, 0x28ed0000)
  eden space 17472K, 100% used [0x23980000, 0x24a90000, 0x24a90000)
  from space 2176K,   0% used [0x24a90000, 0x24a904f0, 0x24cb0000)
  to   space 2176K,   0% used [0x24cb0000, 0x24cb0000, 0x24ed0000)
 tenured generation   total 43540K, used 15925K [0x28ed0000, 0x2b955000, 0x33980000)
   the space 43540K,  36% used [0x28ed0000, 0x29e5d410, 0x29e5d600, 0x2b955000)
 compacting perm gen  total 12288K, used 2916K [0x33980000, 0x34580000, 0x37980000)
   the space 12288K,  23% used [0x33980000, 0x33c59270, 0x33c59400, 0x34580000)
    ro space 10240K,  42% used [0x37980000, 0x37dbe580, 0x37dbe600, 0x38380000)
    rw space 12288K,  54% used [0x38380000, 0x389ff128, 0x389ff200, 0x38f80000)
Event: 631.801 GC heap after
Heap after GC invocations=52387 (full 17):
 def new generation   total 19648K, used 0K [0x23980000, 0x24ed0000, 0x28ed0000)
  eden space 17472K,   0% used [0x23980000, 0x23980000, 0x24a90000)
  from space 2176K,   0% used [0x24cb0000, 0x24cb0250, 0x24ed0000)
  to   space 2176K,   0% used [0x24a90000, 0x24a90000, 0x24cb0000)
 tenured generation   total 43540K, used 15925K [0x28ed0000, 0x2b955000, 0x33980000)
   the space 43540K,  36% used [0x28ed0000, 0x29e5d410, 0x29e5d600, 0x2b955000)
 compacting perm gen  total 12288K, used 2916K [0x33980000, 0x34580000, 0x37980000)
   the space 12288K,  23% used [0x33980000, 0x33c59270, 0x33c59400, 0x34580000)
    ro space 10240K,  42% used [0x37980000, 0x37dbe580, 0x37dbe600, 0x38380000)
    rw space 12288K,  54% used [0x38380000, 0x389ff128, 0x389ff200, 0x38f80000)
}
Event: 631.808 GC heap before
{Heap before GC invocations=52387 (full 17):
 def new generation   total 19648K, used 17472K [0x23980000, 0x24ed0000, 0x28ed0000)
  eden space 17472K, 100% used [0x23980000, 0x24a90000, 0x24a90000)
  from space 2176K,   0% used [0x24cb0000, 0x24cb0250, 0x24ed0000)
  to   space 2176K,   0% used [0x24a90000, 0x24a90000, 0x24cb0000)
 tenured generation   total 43540K, used 15925K [0x28ed0000, 0x2b955000, 0x33980000)
   the space 43540K,  36% used [0x28ed0000, 0x29e5d410, 0x29e5d600, 0x2b955000)
 compacting perm gen  total 12288K, used 2916K [0x33980000, 0x34580000, 0x37980000)
   the space 12288K,  23% used [0x33980000, 0x33c59270, 0x33c59400, 0x34580000)
    ro space 10240K,  42% used [0x37980000, 0x37dbe580, 0x37dbe600, 0x38380000)
    rw space 12288K,  54% used [0x38380000, 0x389ff128, 0x389ff200, 0x38f80000)
Event: 631.809 GC heap after
Heap after GC invocations=52388 (full 17):
 def new generation   total 19648K, used 0K [0x23980000, 0x24ed0000, 0x28ed0000)
  eden space 17472K,   0% used [0x23980000, 0x23980000, 0x24a90000)
  from space 2176K,   0% used [0x24a90000, 0x24a903a0, 0x24cb0000)
  to   space 2176K,   0% used [0x24cb0000, 0x24cb0000, 0x24ed0000)
 tenured generation   total 43540K, used 15925K [0x28ed0000, 0x2b955000, 0x33980000)
   the space 43540K,  36% used [0x28ed0000, 0x29e5d410, 0x29e5d600, 0x2b955000)
 compacting perm gen  total 12288K, used 2916K [0x33980000, 0x34580000, 0x37980000)
   the space 12288K,  23% used [0x33980000, 0x33c59270, 0x33c59400, 0x34580000)
    ro space 10240K,  42% used [0x37980000, 0x37dbe580, 0x37dbe600, 0x38380000)
    rw space 12288K,  54% used [0x38380000, 0x389ff128, 0x389ff200, 0x38f80000)
}

