# JRE version: 7.0_05-b05
# Java VM: Java HotSpot(TM) Client VM (23.1-b03 mixed mode, sharing windows-x86 )
Heap
 def new generation   total 52224K, used 44646K [0x23980000, 0x27220000, 0x28ed0000)
  eden space 46464K,  96% used [0x23980000, 0x26519568, 0x266e0000)
  from space 5760K,   0% used [0x26c80000, 0x26c80468, 0x27220000)
  to   space 5760K,   0% used [0x266e0000, 0x266e0000, 0x26c80000)
 tenured generation   total 115896K, used 107921K [0x28ed0000, 0x2fffe000, 0x33980000)
   the space 115896K,  93% used [0x28ed0000, 0x2f8346f8, 0x2f834800, 0x2fffe000)
 compacting perm gen  total 12288K, used 2918K [0x33980000, 0x34580000, 0x37980000)
   the space 12288K,  23% used [0x33980000, 0x33c59be0, 0x33c59c00, 0x34580000)
    ro space 10240K,  42% used [0x37980000, 0x37dbe580, 0x37dbe600, 0x38380000)
    rw space 12288K,  54% used [0x38380000, 0x389ff128, 0x389ff200, 0x38f80000)
GC Heap History (10 events):
Event: 1526.700 GC heap before
{Heap before GC invocations=75625 (full 43):
 def new generation   total 52224K, used 46465K [0x23980000, 0x27220000, 0x28ed0000)
  eden space 46464K, 100% used [0x23980000, 0x266e0000, 0x266e0000)
  from space 5760K,   0% used [0x26c80000, 0x26c80478, 0x27220000)
  to   space 5760K,   0% used [0x266e0000, 0x266e0000, 0x26c80000)
 tenured generation   total 115896K, used 107921K [0x28ed0000, 0x2fffe000, 0x33980000)
   the space 115896K,  93% used [0x28ed0000, 0x2f8346f8, 0x2f834800, 0x2fffe000)
 compacting perm gen  total 12288K, used 2918K [0x33980000, 0x34580000, 0x37980000)
   the space 12288K,  23% used [0x33980000, 0x33c59be0, 0x33c59c00, 0x34580000)
    ro space 10240K,  42% used [0x37980000, 0x37dbe580, 0x37dbe600, 0x38380000)
    rw space 12288K,  54% used [0x38380000, 0x389ff128, 0x389ff200, 0x38f80000)
Event: 1526.701 GC heap after
Heap after GC invocations=75626 (full 43):
 def new generation   total 52224K, used 8K [0x23980000, 0x27220000, 0x28ed0000)
  eden space 46464K,   0% used [0x23980000, 0x23980000, 0x266e0000)
  from space 5760K,   0% used [0x266e0000, 0x266e2220, 0x26c80000)
  to   space 5760K,   0% used [0x26c80000, 0x26c80000, 0x27220000)
 tenured generation   total 115896K, used 107921K [0x28ed0000, 0x2fffe000, 0x33980000)
   the space 115896K,  93% used [0x28ed0000, 0x2f8346f8, 0x2f834800, 0x2fffe000)
 compacting perm gen  total 12288K, used 2918K [0x33980000, 0x34580000, 0x37980000)
   the space 12288K,  23% used [0x33980000, 0x33c59be0, 0x33c59c00, 0x34580000)
    ro space 10240K,  42% used [0x37980000, 0x37dbe580, 0x37dbe600, 0x38380000)
    rw space 12288K,  54% used [0x38380000, 0x389ff128, 0x389ff200, 0x38f80000)
}
Event: 1526.720 GC heap before
{Heap before GC invocations=75626 (full 43):
 def new generation   total 52224K, used 46472K [0x23980000, 0x27220000, 0x28ed0000)
  eden space 46464K, 100% used [0x23980000, 0x266e0000, 0x266e0000)
  from space 5760K,   0% used [0x266e0000, 0x266e2220, 0x26c80000)
  to   space 5760K,   0% used [0x26c80000, 0x26c80000, 0x27220000)
 tenured generation   total 115896K, used 107921K [0x28ed0000, 0x2fffe000, 0x33980000)
   the space 115896K,  93% used [0x28ed0000, 0x2f8346f8, 0x2f834800, 0x2fffe000)
 compacting perm gen  total 12288K, used 2918K [0x33980000, 0x34580000, 0x37980000)
   the space 12288K,  23% used [0x33980000, 0x33c59be0, 0x33c59c00, 0x34580000)
    ro space 10240K,  42% used [0x37980000, 0x37dbe580, 0x37dbe600, 0x38380000)
    rw space 12288K,  54% used [0x38380000, 0x389ff128, 0x389ff200, 0x38f80000)
Event: 1526.721 GC heap after
Heap after GC invocations=75627 (full 43):
 def new generation   total 52224K, used 5K [0x23980000, 0x27220000, 0x28ed0000)
  eden space 46464K,   0% used [0x23980000, 0x23980000, 0x266e0000)
  from space 5760K,   0% used [0x26c80000, 0x26c81700, 0x27220000)
  to   space 5760K,   0% used [0x266e0000, 0x266e0000, 0x26c80000)
 tenured generation   total 115896K, used 107921K [0x28ed0000, 0x2fffe000, 0x33980000)
   the space 115896K,  93% used [0x28ed0000, 0x2f8346f8, 0x2f834800, 0x2fffe000)
 compacting perm gen  total 12288K, used 2918K [0x33980000, 0x34580000, 0x37980000)
   the space 12288K,  23% used [0x33980000, 0x33c59be0, 0x33c59c00, 0x34580000)
    ro space 10240K,  42% used [0x37980000, 0x37dbe580, 0x37dbe600, 0x38380000)
    rw space 12288K,  54% used [0x38380000, 0x389ff128, 0x389ff200, 0x38f80000)
}
Event: 1526.739 GC heap before
{Heap before GC invocations=75627 (full 43):
 def new generation   total 52224K, used 46469K [0x23980000, 0x27220000, 0x28ed0000)
  eden space 46464K, 100% used [0x23980000, 0x266e0000, 0x266e0000)
  from space 5760K,   0% used [0x26c80000, 0x26c81700, 0x27220000)
  to   space 5760K,   0% used [0x266e0000, 0x266e0000, 0x26c80000)
 tenured generation   total 115896K, used 107921K [0x28ed0000, 0x2fffe000, 0x33980000)
   the space 115896K,  93% used [0x28ed0000, 0x2f8346f8, 0x2f834800, 0x2fffe000)
 compacting perm gen  total 12288K, used 2918K [0x33980000, 0x34580000, 0x37980000)
   the space 12288K,  23% used [0x33980000, 0x33c59be0, 0x33c59c00, 0x34580000)
    ro space 10240K,  42% used [0x37980000, 0x37dbe580, 0x37dbe600, 0x38380000)
    rw space 12288K,  54% used [0x38380000, 0x389ff128, 0x389ff200, 0x38f80000)
Event: 1526.740 GC heap after
Heap after GC invocations=75628 (full 43):
 def new generation   total 52224K, used 0K [0x23980000, 0x27220000, 0x28ed0000)
  eden space 46464K,   0% used [0x23980000, 0x23980000, 0x266e0000)
  from space 5760K,   0% used [0x266e0000, 0x266e03c8, 0x26c80000)
  to   space 5760K,   0% used [0x26c80000, 0x26c80000, 0x27220000)
 tenured generation   total 115896K, used 107921K [0x28ed0000, 0x2fffe000, 0x33980000)
   the space 115896K,  93% used [0x28ed0000, 0x2f8346f8, 0x2f834800, 0x2fffe000)
 compacting perm gen  total 12288K, used 2918K [0x33980000, 0x34580000, 0x37980000)
   the space 12288K,  23% used [0x33980000, 0x33c59be0, 0x33c59c00, 0x34580000)
    ro space 10240K,  42% used [0x37980000, 0x37dbe580, 0x37dbe600, 0x38380000)
    rw space 12288K,  54% used [0x38380000, 0x389ff128, 0x389ff200, 0x38f80000)
}
Event: 1526.758 GC heap before
{Heap before GC invocations=75628 (full 43):
 def new generation   total 52224K, used 46464K [0x23980000, 0x27220000, 0x28ed0000)
  eden space 46464K, 100% used [0x23980000, 0x266e0000, 0x266e0000)
  from space 5760K,   0% used [0x266e0000, 0x266e03c8, 0x26c80000)
  to   space 5760K,   0% used [0x26c80000, 0x26c80000, 0x27220000)
 tenured generation   total 115896K, used 107921K [0x28ed0000, 0x2fffe000, 0x33980000)
   the space 115896K,  93% used [0x28ed0000, 0x2f8346f8, 0x2f834800, 0x2fffe000)
 compacting perm gen  total 12288K, used 2918K [0x33980000, 0x34580000, 0x37980000)
   the space 12288K,  23% used [0x33980000, 0x33c59be0, 0x33c59c00, 0x34580000)
    ro space 10240K,  42% used [0x37980000, 0x37dbe580, 0x37dbe600, 0x38380000)
    rw space 12288K,  54% used [0x38380000, 0x389ff128, 0x389ff200, 0x38f80000)
Event: 1526.758 GC heap after
Heap after GC invocations=75629 (full 43):
 def new generation   total 52224K, used 6K [0x23980000, 0x27220000, 0x28ed0000)
  eden space 46464K,   0% used [0x23980000, 0x23980000, 0x266e0000)
  from space 5760K,   0% used [0x26c80000, 0x26c81b70, 0x27220000)
  to   space 5760K,   0% used [0x266e0000, 0x266e0000, 0x26c80000)
 tenured generation   total 115896K, used 107921K [0x28ed0000, 0x2fffe000, 0x33980000)
   the space 115896K,  93% used [0x28ed0000, 0x2f8346f8, 0x2f834800, 0x2fffe000)
 compacting perm gen  total 12288K, used 2918K [0x33980000, 0x34580000, 0x37980000)
   the space 12288K,  23% used [0x33980000, 0x33c59be0, 0x33c59c00, 0x34580000)
    ro space 10240K,  42% used [0x37980000, 0x37dbe580, 0x37dbe600, 0x38380000)
    rw space 12288K,  54% used [0x38380000, 0x389ff128, 0x389ff200, 0x38f80000)
}
Event: 1526.778 GC heap before
{Heap before GC invocations=75629 (full 43):
 def new generation   total 52224K, used 46470K [0x23980000, 0x27220000, 0x28ed0000)
  eden space 46464K, 100% used [0x23980000, 0x266e0000, 0x266e0000)
  from space 5760K,   0% used [0x26c80000, 0x26c81b70, 0x27220000)
  to   space 5760K,   0% used [0x266e0000, 0x266e0000, 0x26c80000)
 tenured generation   total 115896K, used 107921K [0x28ed0000, 0x2fffe000, 0x33980000)
   the space 115896K,  93% used [0x28ed0000, 0x2f8346f8, 0x2f834800, 0x2fffe000)
 compacting perm gen  total 12288K, used 2918K [0x33980000, 0x34580000, 0x37980000)
   the space 12288K,  23% used [0x33980000, 0x33c59be0, 0x33c59c00, 0x34580000)
    ro space 10240K,  42% used [0x37980000, 0x37dbe580, 0x37dbe600, 0x38380000)
    rw space 12288K,  54% used [0x38380000, 0x389ff128, 0x389ff200, 0x38f80000)
Event: 1526.778 GC heap after
Heap after GC invocations=75630 (full 43):
 def new generation   total 52224K, used 1K [0x23980000, 0x27220000, 0x28ed0000)
  eden space 46464K,   0% used [0x23980000, 0x23980000, 0x266e0000)
  from space 5760K,   0% used [0x266e0000, 0x266e04b0, 0x26c80000)
  to   space 5760K,   0% used [0x26c80000, 0x26c80000, 0x27220000)
 tenured generation   total 115896K, used 107921K [0x28ed0000, 0x2fffe000, 0x33980000)
   the space 115896K,  93% used [0x28ed0000, 0x2f8346f8, 0x2f834800, 0x2fffe000)
 compacting perm gen  total 12288K, used 2918K [0x33980000, 0x34580000, 0x37980000)
   the space 12288K,  23% used [0x33980000, 0x33c59be0, 0x33c59c00, 0x34580000)
    ro space 10240K,  42% used [0x37980000, 0x37dbe580, 0x37dbe600, 0x38380000)
    rw space 12288K,  54% used [0x38380000, 0x389ff128, 0x389ff200, 0x38f80000)
}

