# JRE version: 7.0_05-b05
# Java VM: Java HotSpot(TM) Client VM (23.1-b03 mixed mode, sharing windows-x86 )
Heap
 def new generation   total 38528K, used 31257K [0x23980000, 0x26340000, 0x28ed0000)
  eden space 34304K,  91% used [0x23980000, 0x25806108, 0x25b00000)
  from space 4224K,   0% used [0x25b00000, 0x25b00548, 0x25f20000)
  to   space 4224K,   0% used [0x25f20000, 0x25f20000, 0x26340000)
 tenured generation   total 85428K, used 68616K [0x28ed0000, 0x2e23d000, 0x33980000)
   the space 85428K,  80% used [0x28ed0000, 0x2d1d23c8, 0x2d1d2400, 0x2e23d000)
 compacting perm gen  total 12288K, used 3090K [0x33980000, 0x34580000, 0x37980000)
   the space 12288K,  25% used [0x33980000, 0x33c84bd0, 0x33c84c00, 0x34580000)
    ro space 10240K,  42% used [0x37980000, 0x37dbe580, 0x37dbe600, 0x38380000)
    rw space 12288K,  54% used [0x38380000, 0x389ff128, 0x389ff200, 0x38f80000)
GC Heap History (10 events):
Event: 75.169 GC heap before
{Heap before GC invocations=976 (full 22):
 def new generation   total 38528K, used 34304K [0x23980000, 0x26340000, 0x28ed0000)
  eden space 34304K, 100% used [0x23980000, 0x25b00000, 0x25b00000)
  from space 4224K,   0% used [0x25b00000, 0x25b00350, 0x25f20000)
  to   space 4224K,   0% used [0x25f20000, 0x25f20000, 0x26340000)
 tenured generation   total 85428K, used 68616K [0x28ed0000, 0x2e23d000, 0x33980000)
   the space 85428K,  80% used [0x28ed0000, 0x2d1d23c8, 0x2d1d2400, 0x2e23d000)
 compacting perm gen  total 12288K, used 3090K [0x33980000, 0x34580000, 0x37980000)
   the space 12288K,  25% used [0x33980000, 0x33c84bd0, 0x33c84c00, 0x34580000)
    ro space 10240K,  42% used [0x37980000, 0x37dbe580, 0x37dbe600, 0x38380000)
    rw space 12288K,  54% used [0x38380000, 0x389ff128, 0x389ff200, 0x38f80000)
Event: 75.169 GC heap after
Heap after GC invocations=977 (full 22):
 def new generation   total 38528K, used 1K [0x23980000, 0x26340000, 0x28ed0000)
  eden space 34304K,   0% used [0x23980000, 0x23980000, 0x25b00000)
  from space 4224K,   0% used [0x25f20000, 0x25f20500, 0x26340000)
  to   space 4224K,   0% used [0x25b00000, 0x25b00000, 0x25f20000)
 tenured generation   total 85428K, used 68616K [0x28ed0000, 0x2e23d000, 0x33980000)
   the space 85428K,  80% used [0x28ed0000, 0x2d1d23c8, 0x2d1d2400, 0x2e23d000)
 compacting perm gen  total 12288K, used 3090K [0x33980000, 0x34580000, 0x37980000)
   the space 12288K,  25% used [0x33980000, 0x33c84bd0, 0x33c84c00, 0x34580000)
    ro space 10240K,  42% used [0x37980000, 0x37dbe580, 0x37dbe600, 0x38380000)
    rw space 12288K,  54% used [0x38380000, 0x389ff128, 0x389ff200, 0x38f80000)
}
Event: 75.183 GC heap before
{Heap before GC invocations=977 (full 22):
 def new generation   total 38528K, used 34305K [0x23980000, 0x26340000, 0x28ed0000)
  eden space 34304K, 100% used [0x23980000, 0x25b00000, 0x25b00000)
  from space 4224K,   0% used [0x25f20000, 0x25f20500, 0x26340000)
  to   space 4224K,   0% used [0x25b00000, 0x25b00000, 0x25f20000)
 tenured generation   total 85428K, used 68616K [0x28ed0000, 0x2e23d000, 0x33980000)
   the space 85428K,  80% used [0x28ed0000, 0x2d1d23c8, 0x2d1d2400, 0x2e23d000)
 compacting perm gen  total 12288K, used 3090K [0x33980000, 0x34580000, 0x37980000)
   the space 12288K,  25% used [0x33980000, 0x33c84bd0, 0x33c84c00, 0x34580000)
    ro space 10240K,  42% used [0x37980000, 0x37dbe580, 0x37dbe600, 0x38380000)
    rw space 12288K,  54% used [0x38380000, 0x389ff128, 0x389ff200, 0x38f80000)
Event: 75.183 GC heap after
Heap after GC invocations=978 (full 22):
 def new generation   total 38528K, used 0K [0x23980000, 0x26340000, 0x28ed0000)
  eden space 34304K,   0% used [0x23980000, 0x23980000, 0x25b00000)
  from space 4224K,   0% used [0x25b00000, 0x25b00260, 0x25f20000)
  to   space 4224K,   0% used [0x25f20000, 0x25f20000, 0x26340000)
 tenured generation   total 85428K, used 68616K [0x28ed0000, 0x2e23d000, 0x33980000)
   the space 85428K,  80% used [0x28ed0000, 0x2d1d23c8, 0x2d1d2400, 0x2e23d000)
 compacting perm gen  total 12288K, used 3090K [0x33980000, 0x34580000, 0x37980000)
   the space 12288K,  25% used [0x33980000, 0x33c84bd0, 0x33c84c00, 0x34580000)
    ro space 10240K,  42% used [0x37980000, 0x37dbe580, 0x37dbe600, 0x38380000)
    rw space 12288K,  54% used [0x38380000, 0x389ff128, 0x389ff200, 0x38f80000)
}
Event: 75.198 GC heap before
{Heap before GC invocations=978 (full 22):
 def new generation   total 38528K, used 34304K [0x23980000, 0x26340000, 0x28ed0000)
  eden space 34304K, 100% used [0x23980000, 0x25b00000, 0x25b00000)
  from space 4224K,   0% used [0x25b00000, 0x25b00260, 0x25f20000)
  to   space 4224K,   0% used [0x25f20000, 0x25f20000, 0x26340000)
 tenured generation   total 85428K, used 68616K [0x28ed0000, 0x2e23d000, 0x33980000)
   the space 85428K,  80% used [0x28ed0000, 0x2d1d23c8, 0x2d1d2400, 0x2e23d000)
 compacting perm gen  total 12288K, used 3090K [0x33980000, 0x34580000, 0x37980000)
   the space 12288K,  25% used [0x33980000, 0x33c84bd0, 0x33c84c00, 0x34580000)
    ro space 10240K,  42% used [0x37980000, 0x37dbe580, 0x37dbe600, 0x38380000)
    rw space 12288K,  54% used [0x38380000, 0x389ff128, 0x389ff200, 0x38f80000)
Event: 75.198 GC heap after
Heap after GC invocations=979 (full 22):
 def new generation   total 38528K, used 0K [0x23980000, 0x26340000, 0x28ed0000)
  eden space 34304K,   0% used [0x23980000, 0x23980000, 0x25b00000)
  from space 4224K,   0% used [0x25f20000, 0x25f20368, 0x26340000)
  to   space 4224K,   0% used [0x25b00000, 0x25b00000, 0x25f20000)
 tenured generation   total 85428K, used 68616K [0x28ed0000, 0x2e23d000, 0x33980000)
   the space 85428K,  80% used [0x28ed0000, 0x2d1d23c8, 0x2d1d2400, 0x2e23d000)
 compacting perm gen  total 12288K, used 3090K [0x33980000, 0x34580000, 0x37980000)
   the space 12288K,  25% used [0x33980000, 0x33c84bd0, 0x33c84c00, 0x34580000)
    ro space 10240K,  42% used [0x37980000, 0x37dbe580, 0x37dbe600, 0x38380000)
    rw space 12288K,  54% used [0x38380000, 0x389ff128, 0x389ff200, 0x38f80000)
}
Event: 75.212 GC heap before
{Heap before GC invocations=979 (full 22):
 def new generation   total 38528K, used 34304K [0x23980000, 0x26340000, 0x28ed0000)
  eden space 34304K, 100% used [0x23980000, 0x25b00000, 0x25b00000)
  from space 4224K,   0% used [0x25f20000, 0x25f20368, 0x26340000)
  to   space 4224K,   0% used [0x25b00000, 0x25b00000, 0x25f20000)
 tenured generation   total 85428K, used 68616K [0x28ed0000, 0x2e23d000, 0x33980000)
   the space 85428K,  80% used [0x28ed0000, 0x2d1d23c8, 0x2d1d2400, 0x2e23d000)
 compacting perm gen  total 12288K, used 3090K [0x33980000, 0x34580000, 0x37980000)
   the space 12288K,  25% used [0x33980000, 0x33c84bd0, 0x33c84c00, 0x34580000)
    ro space 10240K,  42% used [0x37980000, 0x37dbe580, 0x37dbe600, 0x38380000)
    rw space 12288K,  54% used [0x38380000, 0x389ff128, 0x389ff200, 0x38f80000)
Event: 75.212 GC heap after
Heap after GC invocations=980 (full 22):
 def new generation   total 38528K, used 0K [0x23980000, 0x26340000, 0x28ed0000)
  eden space 34304K,   0% used [0x23980000, 0x23980000, 0x25b00000)
  from space 4224K,   0% used [0x25b00000, 0x25b00368, 0x25f20000)
  to   space 4224K,   0% used [0x25f20000, 0x25f20000, 0x26340000)
 tenured generation   total 85428K, used 68616K [0x28ed0000, 0x2e23d000, 0x33980000)
   the space 85428K,  80% used [0x28ed0000, 0x2d1d23c8, 0x2d1d2400, 0x2e23d000)
 compacting perm gen  total 12288K, used 3090K [0x33980000, 0x34580000, 0x37980000)
   the space 12288K,  25% used [0x33980000, 0x33c84bd0, 0x33c84c00, 0x34580000)
    ro space 10240K,  42% used [0x37980000, 0x37dbe580, 0x37dbe600, 0x38380000)
    rw space 12288K,  54% used [0x38380000, 0x389ff128, 0x389ff200, 0x38f80000)
}
Event: 75.226 GC heap before
{Heap before GC invocations=980 (full 22):
 def new generation   total 38528K, used 34304K [0x23980000, 0x26340000, 0x28ed0000)
  eden space 34304K, 100% used [0x23980000, 0x25b00000, 0x25b00000)
  from space 4224K,   0% used [0x25b00000, 0x25b00368, 0x25f20000)
  to   space 4224K,   0% used [0x25f20000, 0x25f20000, 0x26340000)
 tenured generation   total 85428K, used 68616K [0x28ed0000, 0x2e23d000, 0x33980000)
   the space 85428K,  80% used [0x28ed0000, 0x2d1d23c8, 0x2d1d2400, 0x2e23d000)
 compacting perm gen  total 12288K, used 3090K [0x33980000, 0x34580000, 0x37980000)
   the space 12288K,  25% used [0x33980000, 0x33c84bd0, 0x33c84c00, 0x34580000)
    ro space 10240K,  42% used [0x37980000, 0x37dbe580, 0x37dbe600, 0x38380000)
    rw space 12288K,  54% used [0x38380000, 0x389ff128, 0x389ff200, 0x38f80000)
Event: 75.227 GC heap after
Heap after GC invocations=981 (full 22):
 def new generation   total 38528K, used 0K [0x23980000, 0x26340000, 0x28ed0000)
  eden space 34304K,   0% used [0x23980000, 0x23980000, 0x25b00000)
  from space 4224K,   0% used [0x25f20000, 0x25f20368, 0x26340000)
  to   space 4224K,   0% used [0x25b00000, 0x25b00000, 0x25f20000)
 tenured generation   total 85428K, used 68616K [0x28ed0000, 0x2e23d000, 0x33980000)
   the space 85428K,  80% used [0x28ed0000, 0x2d1d23c8, 0x2d1d2400, 0x2e23d000)
 compacting perm gen  total 12288K, used 3090K [0x33980000, 0x34580000, 0x37980000)
   the space 12288K,  25% used [0x33980000, 0x33c84bd0, 0x33c84c00, 0x34580000)
    ro space 10240K,  42% used [0x37980000, 0x37dbe580, 0x37dbe600, 0x38380000)
    rw space 12288K,  54% used [0x38380000, 0x389ff128, 0x389ff200, 0x38f80000)
}

